<?xml version="1.0" encoding="UTF-8"?>
<testsuite name="org.zerock.apiserver.repository.TodoRepositoryTests" tests="5" skipped="0" failures="0" errors="0" timestamp="2024-08-06T07:12:09" hostname="DESKTOP-G6GID5V" time="0.969">
  <properties/>
  <testcase name="testRead()" classname="org.zerock.apiserver.repository.TodoRepositoryTests" time="0.106"/>
  <testcase name="test1()" classname="org.zerock.apiserver.repository.TodoRepositoryTests" time="0.01"/>
  <testcase name="testInsert()" classname="org.zerock.apiserver.repository.TodoRepositoryTests" time="0.661"/>
  <testcase name="testPaging()" classname="org.zerock.apiserver.repository.TodoRepositoryTests" time="0.173"/>
  <testcase name="testUpdate()" classname="org.zerock.apiserver.repository.TodoRepositoryTests" time="0.011"/>
  <system-out><![CDATA[2024-08-06T16:12:09.262+09:00  INFO 19932 --- [apiserver] [    Test worker] t.c.s.AnnotationConfigContextLoaderUtils : Could not detect default configuration classes for test class [org.zerock.apiserver.repository.TodoRepositoryTests]: TodoRepositoryTests does not declare any static, non-private, non-final, nested classes annotated with @Configuration.
2024-08-06T16:12:09.274+09:00  INFO 19932 --- [apiserver] [    Test worker] .b.t.c.SpringBootTestContextBootstrapper : Found @SpringBootConfiguration org.zerock.apiserver.ApiserverApplication for test class org.zerock.apiserver.repository.TodoRepositoryTests
Hibernate: 
    select
        t1_0.tno,
        t1_0.complete,
        t1_0.content,
        t1_0.due_date,
        t1_0.title 
    from
        tbl_todo t1_0 
    where
        t1_0.tno=?
2024-08-06T16:12:09.382+09:00  INFO 19932 --- [apiserver] [    Test worker] o.z.a.repository.TodoRepositoryTests     : Todo(tno=1, title=Udate Title, content=updated content, complete=true, dueDate=2023-12-30)
2024-08-06T16:12:09.395+09:00  INFO 19932 --- [apiserver] [    Test worker] o.z.a.repository.TodoRepositoryTests     : jdk.proxy3.$Proxy129
Hibernate: 
    insert 
    into
        tbl_todo
        (complete, content, due_date, title) 
    values
        (?, ?, ?, ?) 
    returning tno
2024-08-06T16:12:09.486+09:00  INFO 19932 --- [apiserver] [    Test worker] o.z.a.repository.TodoRepositoryTests     : Todo(tno=205, title=Title..0, content=Content...0, complete=false, dueDate=2023-12-30)
Hibernate: 
    insert 
    into
        tbl_todo
        (complete, content, due_date, title) 
    values
        (?, ?, ?, ?) 
    returning tno
2024-08-06T16:12:09.494+09:00  INFO 19932 --- [apiserver] [    Test worker] o.z.a.repository.TodoRepositoryTests     : Todo(tno=206, title=Title..1, content=Content...1, complete=false, dueDate=2023-12-30)
Hibernate: 
    insert 
    into
        tbl_todo
        (complete, content, due_date, title) 
    values
        (?, ?, ?, ?) 
    returning tno
2024-08-06T16:12:09.502+09:00  INFO 19932 --- [apiserver] [    Test worker] o.z.a.repository.TodoRepositoryTests     : Todo(tno=207, title=Title..2, content=Content...2, complete=false, dueDate=2023-12-30)
Hibernate: 
    insert 
    into
        tbl_todo
        (complete, content, due_date, title) 
    values
        (?, ?, ?, ?) 
    returning tno
2024-08-06T16:12:09.508+09:00  INFO 19932 --- [apiserver] [    Test worker] o.z.a.repository.TodoRepositoryTests     : Todo(tno=208, title=Title..3, content=Content...3, complete=false, dueDate=2023-12-30)
Hibernate: 
    insert 
    into
        tbl_todo
        (complete, content, due_date, title) 
    values
        (?, ?, ?, ?) 
    returning tno
2024-08-06T16:12:09.514+09:00  INFO 19932 --- [apiserver] [    Test worker] o.z.a.repository.TodoRepositoryTests     : Todo(tno=209, title=Title..4, content=Content...4, complete=false, dueDate=2023-12-30)
Hibernate: 
    insert 
    into
        tbl_todo
        (complete, content, due_date, title) 
    values
        (?, ?, ?, ?) 
    returning tno
2024-08-06T16:12:09.520+09:00  INFO 19932 --- [apiserver] [    Test worker] o.z.a.repository.TodoRepositoryTests     : Todo(tno=210, title=Title..5, content=Content...5, complete=false, dueDate=2023-12-30)
Hibernate: 
    insert 
    into
        tbl_todo
        (complete, content, due_date, title) 
    values
        (?, ?, ?, ?) 
    returning tno
2024-08-06T16:12:09.527+09:00  INFO 19932 --- [apiserver] [    Test worker] o.z.a.repository.TodoRepositoryTests     : Todo(tno=211, title=Title..6, content=Content...6, complete=false, dueDate=2023-12-30)
Hibernate: 
    insert 
    into
        tbl_todo
        (complete, content, due_date, title) 
    values
        (?, ?, ?, ?) 
    returning tno
2024-08-06T16:12:09.534+09:00  INFO 19932 --- [apiserver] [    Test worker] o.z.a.repository.TodoRepositoryTests     : Todo(tno=212, title=Title..7, content=Content...7, complete=false, dueDate=2023-12-30)
Hibernate: 
    insert 
    into
        tbl_todo
        (complete, content, due_date, title) 
    values
        (?, ?, ?, ?) 
    returning tno
2024-08-06T16:12:09.540+09:00  INFO 19932 --- [apiserver] [    Test worker] o.z.a.repository.TodoRepositoryTests     : Todo(tno=213, title=Title..8, content=Content...8, complete=false, dueDate=2023-12-30)
Hibernate: 
    insert 
    into
        tbl_todo
        (complete, content, due_date, title) 
    values
        (?, ?, ?, ?) 
    returning tno
2024-08-06T16:12:09.545+09:00  INFO 19932 --- [apiserver] [    Test worker] o.z.a.repository.TodoRepositoryTests     : Todo(tno=214, title=Title..9, content=Content...9, complete=false, dueDate=2023-12-30)
Hibernate: 
    insert 
    into
        tbl_todo
        (complete, content, due_date, title) 
    values
        (?, ?, ?, ?) 
    returning tno
2024-08-06T16:12:09.550+09:00  INFO 19932 --- [apiserver] [    Test worker] o.z.a.repository.TodoRepositoryTests     : Todo(tno=215, title=Title..10, content=Content...10, complete=false, dueDate=2023-12-30)
Hibernate: 
    insert 
    into
        tbl_todo
        (complete, content, due_date, title) 
    values
        (?, ?, ?, ?) 
    returning tno
2024-08-06T16:12:09.555+09:00  INFO 19932 --- [apiserver] [    Test worker] o.z.a.repository.TodoRepositoryTests     : Todo(tno=216, title=Title..11, content=Content...11, complete=false, dueDate=2023-12-30)
Hibernate: 
    insert 
    into
        tbl_todo
        (complete, content, due_date, title) 
    values
        (?, ?, ?, ?) 
    returning tno
2024-08-06T16:12:09.560+09:00  INFO 19932 --- [apiserver] [    Test worker] o.z.a.repository.TodoRepositoryTests     : Todo(tno=217, title=Title..12, content=Content...12, complete=false, dueDate=2023-12-30)
Hibernate: 
    insert 
    into
        tbl_todo
        (complete, content, due_date, title) 
    values
        (?, ?, ?, ?) 
    returning tno
2024-08-06T16:12:09.565+09:00  INFO 19932 --- [apiserver] [    Test worker] o.z.a.repository.TodoRepositoryTests     : Todo(tno=218, title=Title..13, content=Content...13, complete=false, dueDate=2023-12-30)
Hibernate: 
    insert 
    into
        tbl_todo
        (complete, content, due_date, title) 
    values
        (?, ?, ?, ?) 
    returning tno
2024-08-06T16:12:09.571+09:00  INFO 19932 --- [apiserver] [    Test worker] o.z.a.repository.TodoRepositoryTests     : Todo(tno=219, title=Title..14, content=Content...14, complete=false, dueDate=2023-12-30)
Hibernate: 
    insert 
    into
        tbl_todo
        (complete, content, due_date, title) 
    values
        (?, ?, ?, ?) 
    returning tno
2024-08-06T16:12:09.578+09:00  INFO 19932 --- [apiserver] [    Test worker] o.z.a.repository.TodoRepositoryTests     : Todo(tno=220, title=Title..15, content=Content...15, complete=false, dueDate=2023-12-30)
Hibernate: 
    insert 
    into
        tbl_todo
        (complete, content, due_date, title) 
    values
        (?, ?, ?, ?) 
    returning tno
2024-08-06T16:12:09.582+09:00  INFO 19932 --- [apiserver] [    Test worker] o.z.a.repository.TodoRepositoryTests     : Todo(tno=221, title=Title..16, content=Content...16, complete=false, dueDate=2023-12-30)
Hibernate: 
    insert 
    into
        tbl_todo
        (complete, content, due_date, title) 
    values
        (?, ?, ?, ?) 
    returning tno
2024-08-06T16:12:09.587+09:00  INFO 19932 --- [apiserver] [    Test worker] o.z.a.repository.TodoRepositoryTests     : Todo(tno=222, title=Title..17, content=Content...17, complete=false, dueDate=2023-12-30)
Hibernate: 
    insert 
    into
        tbl_todo
        (complete, content, due_date, title) 
    values
        (?, ?, ?, ?) 
    returning tno
2024-08-06T16:12:09.593+09:00  INFO 19932 --- [apiserver] [    Test worker] o.z.a.repository.TodoRepositoryTests     : Todo(tno=223, title=Title..18, content=Content...18, complete=false, dueDate=2023-12-30)
Hibernate: 
    insert 
    into
        tbl_todo
        (complete, content, due_date, title) 
    values
        (?, ?, ?, ?) 
    returning tno
2024-08-06T16:12:09.600+09:00  INFO 19932 --- [apiserver] [    Test worker] o.z.a.repository.TodoRepositoryTests     : Todo(tno=224, title=Title..19, content=Content...19, complete=false, dueDate=2023-12-30)
Hibernate: 
    insert 
    into
        tbl_todo
        (complete, content, due_date, title) 
    values
        (?, ?, ?, ?) 
    returning tno
2024-08-06T16:12:09.604+09:00  INFO 19932 --- [apiserver] [    Test worker] o.z.a.repository.TodoRepositoryTests     : Todo(tno=225, title=Title..20, content=Content...20, complete=false, dueDate=2023-12-30)
Hibernate: 
    insert 
    into
        tbl_todo
        (complete, content, due_date, title) 
    values
        (?, ?, ?, ?) 
    returning tno
2024-08-06T16:12:09.609+09:00  INFO 19932 --- [apiserver] [    Test worker] o.z.a.repository.TodoRepositoryTests     : Todo(tno=226, title=Title..21, content=Content...21, complete=false, dueDate=2023-12-30)
Hibernate: 
    insert 
    into
        tbl_todo
        (complete, content, due_date, title) 
    values
        (?, ?, ?, ?) 
    returning tno
2024-08-06T16:12:09.615+09:00  INFO 19932 --- [apiserver] [    Test worker] o.z.a.repository.TodoRepositoryTests     : Todo(tno=227, title=Title..22, content=Content...22, complete=false, dueDate=2023-12-30)
Hibernate: 
    insert 
    into
        tbl_todo
        (complete, content, due_date, title) 
    values
        (?, ?, ?, ?) 
    returning tno
2024-08-06T16:12:09.623+09:00  INFO 19932 --- [apiserver] [    Test worker] o.z.a.repository.TodoRepositoryTests     : Todo(tno=228, title=Title..23, content=Content...23, complete=false, dueDate=2023-12-30)
Hibernate: 
    insert 
    into
        tbl_todo
        (complete, content, due_date, title) 
    values
        (?, ?, ?, ?) 
    returning tno
2024-08-06T16:12:09.630+09:00  INFO 19932 --- [apiserver] [    Test worker] o.z.a.repository.TodoRepositoryTests     : Todo(tno=229, title=Title..24, content=Content...24, complete=false, dueDate=2023-12-30)
Hibernate: 
    insert 
    into
        tbl_todo
        (complete, content, due_date, title) 
    values
        (?, ?, ?, ?) 
    returning tno
2024-08-06T16:12:09.636+09:00  INFO 19932 --- [apiserver] [    Test worker] o.z.a.repository.TodoRepositoryTests     : Todo(tno=230, title=Title..25, content=Content...25, complete=false, dueDate=2023-12-30)
Hibernate: 
    insert 
    into
        tbl_todo
        (complete, content, due_date, title) 
    values
        (?, ?, ?, ?) 
    returning tno
2024-08-06T16:12:09.642+09:00  INFO 19932 --- [apiserver] [    Test worker] o.z.a.repository.TodoRepositoryTests     : Todo(tno=231, title=Title..26, content=Content...26, complete=false, dueDate=2023-12-30)
Hibernate: 
    insert 
    into
        tbl_todo
        (complete, content, due_date, title) 
    values
        (?, ?, ?, ?) 
    returning tno
2024-08-06T16:12:09.649+09:00  INFO 19932 --- [apiserver] [    Test worker] o.z.a.repository.TodoRepositoryTests     : Todo(tno=232, title=Title..27, content=Content...27, complete=false, dueDate=2023-12-30)
Hibernate: 
    insert 
    into
        tbl_todo
        (complete, content, due_date, title) 
    values
        (?, ?, ?, ?) 
    returning tno
2024-08-06T16:12:09.657+09:00  INFO 19932 --- [apiserver] [    Test worker] o.z.a.repository.TodoRepositoryTests     : Todo(tno=233, title=Title..28, content=Content...28, complete=false, dueDate=2023-12-30)
Hibernate: 
    insert 
    into
        tbl_todo
        (complete, content, due_date, title) 
    values
        (?, ?, ?, ?) 
    returning tno
2024-08-06T16:12:09.663+09:00  INFO 19932 --- [apiserver] [    Test worker] o.z.a.repository.TodoRepositoryTests     : Todo(tno=234, title=Title..29, content=Content...29, complete=false, dueDate=2023-12-30)
Hibernate: 
    insert 
    into
        tbl_todo
        (complete, content, due_date, title) 
    values
        (?, ?, ?, ?) 
    returning tno
2024-08-06T16:12:09.674+09:00  INFO 19932 --- [apiserver] [    Test worker] o.z.a.repository.TodoRepositoryTests     : Todo(tno=235, title=Title..30, content=Content...30, complete=false, dueDate=2023-12-30)
Hibernate: 
    insert 
    into
        tbl_todo
        (complete, content, due_date, title) 
    values
        (?, ?, ?, ?) 
    returning tno
2024-08-06T16:12:09.682+09:00  INFO 19932 --- [apiserver] [    Test worker] o.z.a.repository.TodoRepositoryTests     : Todo(tno=236, title=Title..31, content=Content...31, complete=false, dueDate=2023-12-30)
Hibernate: 
    insert 
    into
        tbl_todo
        (complete, content, due_date, title) 
    values
        (?, ?, ?, ?) 
    returning tno
2024-08-06T16:12:09.688+09:00  INFO 19932 --- [apiserver] [    Test worker] o.z.a.repository.TodoRepositoryTests     : Todo(tno=237, title=Title..32, content=Content...32, complete=false, dueDate=2023-12-30)
Hibernate: 
    insert 
    into
        tbl_todo
        (complete, content, due_date, title) 
    values
        (?, ?, ?, ?) 
    returning tno
2024-08-06T16:12:09.693+09:00  INFO 19932 --- [apiserver] [    Test worker] o.z.a.repository.TodoRepositoryTests     : Todo(tno=238, title=Title..33, content=Content...33, complete=false, dueDate=2023-12-30)
Hibernate: 
    insert 
    into
        tbl_todo
        (complete, content, due_date, title) 
    values
        (?, ?, ?, ?) 
    returning tno
2024-08-06T16:12:09.698+09:00  INFO 19932 --- [apiserver] [    Test worker] o.z.a.repository.TodoRepositoryTests     : Todo(tno=239, title=Title..34, content=Content...34, complete=false, dueDate=2023-12-30)
Hibernate: 
    insert 
    into
        tbl_todo
        (complete, content, due_date, title) 
    values
        (?, ?, ?, ?) 
    returning tno
2024-08-06T16:12:09.703+09:00  INFO 19932 --- [apiserver] [    Test worker] o.z.a.repository.TodoRepositoryTests     : Todo(tno=240, title=Title..35, content=Content...35, complete=false, dueDate=2023-12-30)
Hibernate: 
    insert 
    into
        tbl_todo
        (complete, content, due_date, title) 
    values
        (?, ?, ?, ?) 
    returning tno
2024-08-06T16:12:09.711+09:00  INFO 19932 --- [apiserver] [    Test worker] o.z.a.repository.TodoRepositoryTests     : Todo(tno=241, title=Title..36, content=Content...36, complete=false, dueDate=2023-12-30)
Hibernate: 
    insert 
    into
        tbl_todo
        (complete, content, due_date, title) 
    values
        (?, ?, ?, ?) 
    returning tno
2024-08-06T16:12:09.716+09:00  INFO 19932 --- [apiserver] [    Test worker] o.z.a.repository.TodoRepositoryTests     : Todo(tno=242, title=Title..37, content=Content...37, complete=false, dueDate=2023-12-30)
Hibernate: 
    insert 
    into
        tbl_todo
        (complete, content, due_date, title) 
    values
        (?, ?, ?, ?) 
    returning tno
2024-08-06T16:12:09.721+09:00  INFO 19932 --- [apiserver] [    Test worker] o.z.a.repository.TodoRepositoryTests     : Todo(tno=243, title=Title..38, content=Content...38, complete=false, dueDate=2023-12-30)
Hibernate: 
    insert 
    into
        tbl_todo
        (complete, content, due_date, title) 
    values
        (?, ?, ?, ?) 
    returning tno
2024-08-06T16:12:09.725+09:00  INFO 19932 --- [apiserver] [    Test worker] o.z.a.repository.TodoRepositoryTests     : Todo(tno=244, title=Title..39, content=Content...39, complete=false, dueDate=2023-12-30)
Hibernate: 
    insert 
    into
        tbl_todo
        (complete, content, due_date, title) 
    values
        (?, ?, ?, ?) 
    returning tno
2024-08-06T16:12:09.730+09:00  INFO 19932 --- [apiserver] [    Test worker] o.z.a.repository.TodoRepositoryTests     : Todo(tno=245, title=Title..40, content=Content...40, complete=false, dueDate=2023-12-30)
Hibernate: 
    insert 
    into
        tbl_todo
        (complete, content, due_date, title) 
    values
        (?, ?, ?, ?) 
    returning tno
2024-08-06T16:12:09.734+09:00  INFO 19932 --- [apiserver] [    Test worker] o.z.a.repository.TodoRepositoryTests     : Todo(tno=246, title=Title..41, content=Content...41, complete=false, dueDate=2023-12-30)
Hibernate: 
    insert 
    into
        tbl_todo
        (complete, content, due_date, title) 
    values
        (?, ?, ?, ?) 
    returning tno
2024-08-06T16:12:09.739+09:00  INFO 19932 --- [apiserver] [    Test worker] o.z.a.repository.TodoRepositoryTests     : Todo(tno=247, title=Title..42, content=Content...42, complete=false, dueDate=2023-12-30)
Hibernate: 
    insert 
    into
        tbl_todo
        (complete, content, due_date, title) 
    values
        (?, ?, ?, ?) 
    returning tno
2024-08-06T16:12:09.744+09:00  INFO 19932 --- [apiserver] [    Test worker] o.z.a.repository.TodoRepositoryTests     : Todo(tno=248, title=Title..43, content=Content...43, complete=false, dueDate=2023-12-30)
Hibernate: 
    insert 
    into
        tbl_todo
        (complete, content, due_date, title) 
    values
        (?, ?, ?, ?) 
    returning tno
2024-08-06T16:12:09.749+09:00  INFO 19932 --- [apiserver] [    Test worker] o.z.a.repository.TodoRepositoryTests     : Todo(tno=249, title=Title..44, content=Content...44, complete=false, dueDate=2023-12-30)
Hibernate: 
    insert 
    into
        tbl_todo
        (complete, content, due_date, title) 
    values
        (?, ?, ?, ?) 
    returning tno
2024-08-06T16:12:09.754+09:00  INFO 19932 --- [apiserver] [    Test worker] o.z.a.repository.TodoRepositoryTests     : Todo(tno=250, title=Title..45, content=Content...45, complete=false, dueDate=2023-12-30)
Hibernate: 
    insert 
    into
        tbl_todo
        (complete, content, due_date, title) 
    values
        (?, ?, ?, ?) 
    returning tno
2024-08-06T16:12:09.761+09:00  INFO 19932 --- [apiserver] [    Test worker] o.z.a.repository.TodoRepositoryTests     : Todo(tno=251, title=Title..46, content=Content...46, complete=false, dueDate=2023-12-30)
Hibernate: 
    insert 
    into
        tbl_todo
        (complete, content, due_date, title) 
    values
        (?, ?, ?, ?) 
    returning tno
2024-08-06T16:12:09.768+09:00  INFO 19932 --- [apiserver] [    Test worker] o.z.a.repository.TodoRepositoryTests     : Todo(tno=252, title=Title..47, content=Content...47, complete=false, dueDate=2023-12-30)
Hibernate: 
    insert 
    into
        tbl_todo
        (complete, content, due_date, title) 
    values
        (?, ?, ?, ?) 
    returning tno
2024-08-06T16:12:09.774+09:00  INFO 19932 --- [apiserver] [    Test worker] o.z.a.repository.TodoRepositoryTests     : Todo(tno=253, title=Title..48, content=Content...48, complete=false, dueDate=2023-12-30)
Hibernate: 
    insert 
    into
        tbl_todo
        (complete, content, due_date, title) 
    values
        (?, ?, ?, ?) 
    returning tno
2024-08-06T16:12:09.781+09:00  INFO 19932 --- [apiserver] [    Test worker] o.z.a.repository.TodoRepositoryTests     : Todo(tno=254, title=Title..49, content=Content...49, complete=false, dueDate=2023-12-30)
Hibernate: 
    insert 
    into
        tbl_todo
        (complete, content, due_date, title) 
    values
        (?, ?, ?, ?) 
    returning tno
2024-08-06T16:12:09.788+09:00  INFO 19932 --- [apiserver] [    Test worker] o.z.a.repository.TodoRepositoryTests     : Todo(tno=255, title=Title..50, content=Content...50, complete=false, dueDate=2023-12-30)
Hibernate: 
    insert 
    into
        tbl_todo
        (complete, content, due_date, title) 
    values
        (?, ?, ?, ?) 
    returning tno
2024-08-06T16:12:09.794+09:00  INFO 19932 --- [apiserver] [    Test worker] o.z.a.repository.TodoRepositoryTests     : Todo(tno=256, title=Title..51, content=Content...51, complete=false, dueDate=2023-12-30)
Hibernate: 
    insert 
    into
        tbl_todo
        (complete, content, due_date, title) 
    values
        (?, ?, ?, ?) 
    returning tno
2024-08-06T16:12:09.802+09:00  INFO 19932 --- [apiserver] [    Test worker] o.z.a.repository.TodoRepositoryTests     : Todo(tno=257, title=Title..52, content=Content...52, complete=false, dueDate=2023-12-30)
Hibernate: 
    insert 
    into
        tbl_todo
        (complete, content, due_date, title) 
    values
        (?, ?, ?, ?) 
    returning tno
2024-08-06T16:12:09.809+09:00  INFO 19932 --- [apiserver] [    Test worker] o.z.a.repository.TodoRepositoryTests     : Todo(tno=258, title=Title..53, content=Content...53, complete=false, dueDate=2023-12-30)
Hibernate: 
    insert 
    into
        tbl_todo
        (complete, content, due_date, title) 
    values
        (?, ?, ?, ?) 
    returning tno
2024-08-06T16:12:09.816+09:00  INFO 19932 --- [apiserver] [    Test worker] o.z.a.repository.TodoRepositoryTests     : Todo(tno=259, title=Title..54, content=Content...54, complete=false, dueDate=2023-12-30)
Hibernate: 
    insert 
    into
        tbl_todo
        (complete, content, due_date, title) 
    values
        (?, ?, ?, ?) 
    returning tno
2024-08-06T16:12:09.824+09:00  INFO 19932 --- [apiserver] [    Test worker] o.z.a.repository.TodoRepositoryTests     : Todo(tno=260, title=Title..55, content=Content...55, complete=false, dueDate=2023-12-30)
Hibernate: 
    insert 
    into
        tbl_todo
        (complete, content, due_date, title) 
    values
        (?, ?, ?, ?) 
    returning tno
2024-08-06T16:12:09.830+09:00  INFO 19932 --- [apiserver] [    Test worker] o.z.a.repository.TodoRepositoryTests     : Todo(tno=261, title=Title..56, content=Content...56, complete=false, dueDate=2023-12-30)
Hibernate: 
    insert 
    into
        tbl_todo
        (complete, content, due_date, title) 
    values
        (?, ?, ?, ?) 
    returning tno
2024-08-06T16:12:09.837+09:00  INFO 19932 --- [apiserver] [    Test worker] o.z.a.repository.TodoRepositoryTests     : Todo(tno=262, title=Title..57, content=Content...57, complete=false, dueDate=2023-12-30)
Hibernate: 
    insert 
    into
        tbl_todo
        (complete, content, due_date, title) 
    values
        (?, ?, ?, ?) 
    returning tno
2024-08-06T16:12:09.843+09:00  INFO 19932 --- [apiserver] [    Test worker] o.z.a.repository.TodoRepositoryTests     : Todo(tno=263, title=Title..58, content=Content...58, complete=false, dueDate=2023-12-30)
Hibernate: 
    insert 
    into
        tbl_todo
        (complete, content, due_date, title) 
    values
        (?, ?, ?, ?) 
    returning tno
2024-08-06T16:12:09.850+09:00  INFO 19932 --- [apiserver] [    Test worker] o.z.a.repository.TodoRepositoryTests     : Todo(tno=264, title=Title..59, content=Content...59, complete=false, dueDate=2023-12-30)
Hibernate: 
    insert 
    into
        tbl_todo
        (complete, content, due_date, title) 
    values
        (?, ?, ?, ?) 
    returning tno
2024-08-06T16:12:09.857+09:00  INFO 19932 --- [apiserver] [    Test worker] o.z.a.repository.TodoRepositoryTests     : Todo(tno=265, title=Title..60, content=Content...60, complete=false, dueDate=2023-12-30)
Hibernate: 
    insert 
    into
        tbl_todo
        (complete, content, due_date, title) 
    values
        (?, ?, ?, ?) 
    returning tno
2024-08-06T16:12:09.864+09:00  INFO 19932 --- [apiserver] [    Test worker] o.z.a.repository.TodoRepositoryTests     : Todo(tno=266, title=Title..61, content=Content...61, complete=false, dueDate=2023-12-30)
Hibernate: 
    insert 
    into
        tbl_todo
        (complete, content, due_date, title) 
    values
        (?, ?, ?, ?) 
    returning tno
2024-08-06T16:12:09.869+09:00  INFO 19932 --- [apiserver] [    Test worker] o.z.a.repository.TodoRepositoryTests     : Todo(tno=267, title=Title..62, content=Content...62, complete=false, dueDate=2023-12-30)
Hibernate: 
    insert 
    into
        tbl_todo
        (complete, content, due_date, title) 
    values
        (?, ?, ?, ?) 
    returning tno
2024-08-06T16:12:09.874+09:00  INFO 19932 --- [apiserver] [    Test worker] o.z.a.repository.TodoRepositoryTests     : Todo(tno=268, title=Title..63, content=Content...63, complete=false, dueDate=2023-12-30)
Hibernate: 
    insert 
    into
        tbl_todo
        (complete, content, due_date, title) 
    values
        (?, ?, ?, ?) 
    returning tno
2024-08-06T16:12:09.878+09:00  INFO 19932 --- [apiserver] [    Test worker] o.z.a.repository.TodoRepositoryTests     : Todo(tno=269, title=Title..64, content=Content...64, complete=false, dueDate=2023-12-30)
Hibernate: 
    insert 
    into
        tbl_todo
        (complete, content, due_date, title) 
    values
        (?, ?, ?, ?) 
    returning tno
2024-08-06T16:12:09.882+09:00  INFO 19932 --- [apiserver] [    Test worker] o.z.a.repository.TodoRepositoryTests     : Todo(tno=270, title=Title..65, content=Content...65, complete=false, dueDate=2023-12-30)
Hibernate: 
    insert 
    into
        tbl_todo
        (complete, content, due_date, title) 
    values
        (?, ?, ?, ?) 
    returning tno
2024-08-06T16:12:09.887+09:00  INFO 19932 --- [apiserver] [    Test worker] o.z.a.repository.TodoRepositoryTests     : Todo(tno=271, title=Title..66, content=Content...66, complete=false, dueDate=2023-12-30)
Hibernate: 
    insert 
    into
        tbl_todo
        (complete, content, due_date, title) 
    values
        (?, ?, ?, ?) 
    returning tno
2024-08-06T16:12:09.891+09:00  INFO 19932 --- [apiserver] [    Test worker] o.z.a.repository.TodoRepositoryTests     : Todo(tno=272, title=Title..67, content=Content...67, complete=false, dueDate=2023-12-30)
Hibernate: 
    insert 
    into
        tbl_todo
        (complete, content, due_date, title) 
    values
        (?, ?, ?, ?) 
    returning tno
2024-08-06T16:12:09.895+09:00  INFO 19932 --- [apiserver] [    Test worker] o.z.a.repository.TodoRepositoryTests     : Todo(tno=273, title=Title..68, content=Content...68, complete=false, dueDate=2023-12-30)
Hibernate: 
    insert 
    into
        tbl_todo
        (complete, content, due_date, title) 
    values
        (?, ?, ?, ?) 
    returning tno
2024-08-06T16:12:09.901+09:00  INFO 19932 --- [apiserver] [    Test worker] o.z.a.repository.TodoRepositoryTests     : Todo(tno=274, title=Title..69, content=Content...69, complete=false, dueDate=2023-12-30)
Hibernate: 
    insert 
    into
        tbl_todo
        (complete, content, due_date, title) 
    values
        (?, ?, ?, ?) 
    returning tno
2024-08-06T16:12:09.906+09:00  INFO 19932 --- [apiserver] [    Test worker] o.z.a.repository.TodoRepositoryTests     : Todo(tno=275, title=Title..70, content=Content...70, complete=false, dueDate=2023-12-30)
Hibernate: 
    insert 
    into
        tbl_todo
        (complete, content, due_date, title) 
    values
        (?, ?, ?, ?) 
    returning tno
2024-08-06T16:12:09.910+09:00  INFO 19932 --- [apiserver] [    Test worker] o.z.a.repository.TodoRepositoryTests     : Todo(tno=276, title=Title..71, content=Content...71, complete=false, dueDate=2023-12-30)
Hibernate: 
    insert 
    into
        tbl_todo
        (complete, content, due_date, title) 
    values
        (?, ?, ?, ?) 
    returning tno
2024-08-06T16:12:09.915+09:00  INFO 19932 --- [apiserver] [    Test worker] o.z.a.repository.TodoRepositoryTests     : Todo(tno=277, title=Title..72, content=Content...72, complete=false, dueDate=2023-12-30)
Hibernate: 
    insert 
    into
        tbl_todo
        (complete, content, due_date, title) 
    values
        (?, ?, ?, ?) 
    returning tno
2024-08-06T16:12:09.921+09:00  INFO 19932 --- [apiserver] [    Test worker] o.z.a.repository.TodoRepositoryTests     : Todo(tno=278, title=Title..73, content=Content...73, complete=false, dueDate=2023-12-30)
Hibernate: 
    insert 
    into
        tbl_todo
        (complete, content, due_date, title) 
    values
        (?, ?, ?, ?) 
    returning tno
2024-08-06T16:12:09.926+09:00  INFO 19932 --- [apiserver] [    Test worker] o.z.a.repository.TodoRepositoryTests     : Todo(tno=279, title=Title..74, content=Content...74, complete=false, dueDate=2023-12-30)
Hibernate: 
    insert 
    into
        tbl_todo
        (complete, content, due_date, title) 
    values
        (?, ?, ?, ?) 
    returning tno
2024-08-06T16:12:09.931+09:00  INFO 19932 --- [apiserver] [    Test worker] o.z.a.repository.TodoRepositoryTests     : Todo(tno=280, title=Title..75, content=Content...75, complete=false, dueDate=2023-12-30)
Hibernate: 
    insert 
    into
        tbl_todo
        (complete, content, due_date, title) 
    values
        (?, ?, ?, ?) 
    returning tno
2024-08-06T16:12:09.939+09:00  INFO 19932 --- [apiserver] [    Test worker] o.z.a.repository.TodoRepositoryTests     : Todo(tno=281, title=Title..76, content=Content...76, complete=false, dueDate=2023-12-30)
Hibernate: 
    insert 
    into
        tbl_todo
        (complete, content, due_date, title) 
    values
        (?, ?, ?, ?) 
    returning tno
2024-08-06T16:12:09.945+09:00  INFO 19932 --- [apiserver] [    Test worker] o.z.a.repository.TodoRepositoryTests     : Todo(tno=282, title=Title..77, content=Content...77, complete=false, dueDate=2023-12-30)
Hibernate: 
    insert 
    into
        tbl_todo
        (complete, content, due_date, title) 
    values
        (?, ?, ?, ?) 
    returning tno
2024-08-06T16:12:09.952+09:00  INFO 19932 --- [apiserver] [    Test worker] o.z.a.repository.TodoRepositoryTests     : Todo(tno=283, title=Title..78, content=Content...78, complete=false, dueDate=2023-12-30)
Hibernate: 
    insert 
    into
        tbl_todo
        (complete, content, due_date, title) 
    values
        (?, ?, ?, ?) 
    returning tno
2024-08-06T16:12:09.958+09:00  INFO 19932 --- [apiserver] [    Test worker] o.z.a.repository.TodoRepositoryTests     : Todo(tno=284, title=Title..79, content=Content...79, complete=false, dueDate=2023-12-30)
Hibernate: 
    insert 
    into
        tbl_todo
        (complete, content, due_date, title) 
    values
        (?, ?, ?, ?) 
    returning tno
2024-08-06T16:12:09.963+09:00  INFO 19932 --- [apiserver] [    Test worker] o.z.a.repository.TodoRepositoryTests     : Todo(tno=285, title=Title..80, content=Content...80, complete=false, dueDate=2023-12-30)
Hibernate: 
    insert 
    into
        tbl_todo
        (complete, content, due_date, title) 
    values
        (?, ?, ?, ?) 
    returning tno
2024-08-06T16:12:09.967+09:00  INFO 19932 --- [apiserver] [    Test worker] o.z.a.repository.TodoRepositoryTests     : Todo(tno=286, title=Title..81, content=Content...81, complete=false, dueDate=2023-12-30)
Hibernate: 
    insert 
    into
        tbl_todo
        (complete, content, due_date, title) 
    values
        (?, ?, ?, ?) 
    returning tno
2024-08-06T16:12:09.971+09:00  INFO 19932 --- [apiserver] [    Test worker] o.z.a.repository.TodoRepositoryTests     : Todo(tno=287, title=Title..82, content=Content...82, complete=false, dueDate=2023-12-30)
Hibernate: 
    insert 
    into
        tbl_todo
        (complete, content, due_date, title) 
    values
        (?, ?, ?, ?) 
    returning tno
2024-08-06T16:12:09.975+09:00  INFO 19932 --- [apiserver] [    Test worker] o.z.a.repository.TodoRepositoryTests     : Todo(tno=288, title=Title..83, content=Content...83, complete=false, dueDate=2023-12-30)
Hibernate: 
    insert 
    into
        tbl_todo
        (complete, content, due_date, title) 
    values
        (?, ?, ?, ?) 
    returning tno
2024-08-06T16:12:09.980+09:00  INFO 19932 --- [apiserver] [    Test worker] o.z.a.repository.TodoRepositoryTests     : Todo(tno=289, title=Title..84, content=Content...84, complete=false, dueDate=2023-12-30)
Hibernate: 
    insert 
    into
        tbl_todo
        (complete, content, due_date, title) 
    values
        (?, ?, ?, ?) 
    returning tno
2024-08-06T16:12:09.984+09:00  INFO 19932 --- [apiserver] [    Test worker] o.z.a.repository.TodoRepositoryTests     : Todo(tno=290, title=Title..85, content=Content...85, complete=false, dueDate=2023-12-30)
Hibernate: 
    insert 
    into
        tbl_todo
        (complete, content, due_date, title) 
    values
        (?, ?, ?, ?) 
    returning tno
2024-08-06T16:12:09.988+09:00  INFO 19932 --- [apiserver] [    Test worker] o.z.a.repository.TodoRepositoryTests     : Todo(tno=291, title=Title..86, content=Content...86, complete=false, dueDate=2023-12-30)
Hibernate: 
    insert 
    into
        tbl_todo
        (complete, content, due_date, title) 
    values
        (?, ?, ?, ?) 
    returning tno
2024-08-06T16:12:09.992+09:00  INFO 19932 --- [apiserver] [    Test worker] o.z.a.repository.TodoRepositoryTests     : Todo(tno=292, title=Title..87, content=Content...87, complete=false, dueDate=2023-12-30)
Hibernate: 
    insert 
    into
        tbl_todo
        (complete, content, due_date, title) 
    values
        (?, ?, ?, ?) 
    returning tno
2024-08-06T16:12:09.997+09:00  INFO 19932 --- [apiserver] [    Test worker] o.z.a.repository.TodoRepositoryTests     : Todo(tno=293, title=Title..88, content=Content...88, complete=false, dueDate=2023-12-30)
Hibernate: 
    insert 
    into
        tbl_todo
        (complete, content, due_date, title) 
    values
        (?, ?, ?, ?) 
    returning tno
2024-08-06T16:12:10.001+09:00  INFO 19932 --- [apiserver] [    Test worker] o.z.a.repository.TodoRepositoryTests     : Todo(tno=294, title=Title..89, content=Content...89, complete=false, dueDate=2023-12-30)
Hibernate: 
    insert 
    into
        tbl_todo
        (complete, content, due_date, title) 
    values
        (?, ?, ?, ?) 
    returning tno
2024-08-06T16:12:10.007+09:00  INFO 19932 --- [apiserver] [    Test worker] o.z.a.repository.TodoRepositoryTests     : Todo(tno=295, title=Title..90, content=Content...90, complete=false, dueDate=2023-12-30)
Hibernate: 
    insert 
    into
        tbl_todo
        (complete, content, due_date, title) 
    values
        (?, ?, ?, ?) 
    returning tno
2024-08-06T16:12:10.013+09:00  INFO 19932 --- [apiserver] [    Test worker] o.z.a.repository.TodoRepositoryTests     : Todo(tno=296, title=Title..91, content=Content...91, complete=false, dueDate=2023-12-30)
Hibernate: 
    insert 
    into
        tbl_todo
        (complete, content, due_date, title) 
    values
        (?, ?, ?, ?) 
    returning tno
2024-08-06T16:12:10.019+09:00  INFO 19932 --- [apiserver] [    Test worker] o.z.a.repository.TodoRepositoryTests     : Todo(tno=297, title=Title..92, content=Content...92, complete=false, dueDate=2023-12-30)
Hibernate: 
    insert 
    into
        tbl_todo
        (complete, content, due_date, title) 
    values
        (?, ?, ?, ?) 
    returning tno
2024-08-06T16:12:10.024+09:00  INFO 19932 --- [apiserver] [    Test worker] o.z.a.repository.TodoRepositoryTests     : Todo(tno=298, title=Title..93, content=Content...93, complete=false, dueDate=2023-12-30)
Hibernate: 
    insert 
    into
        tbl_todo
        (complete, content, due_date, title) 
    values
        (?, ?, ?, ?) 
    returning tno
2024-08-06T16:12:10.030+09:00  INFO 19932 --- [apiserver] [    Test worker] o.z.a.repository.TodoRepositoryTests     : Todo(tno=299, title=Title..94, content=Content...94, complete=false, dueDate=2023-12-30)
Hibernate: 
    insert 
    into
        tbl_todo
        (complete, content, due_date, title) 
    values
        (?, ?, ?, ?) 
    returning tno
2024-08-06T16:12:10.036+09:00  INFO 19932 --- [apiserver] [    Test worker] o.z.a.repository.TodoRepositoryTests     : Todo(tno=300, title=Title..95, content=Content...95, complete=false, dueDate=2023-12-30)
Hibernate: 
    insert 
    into
        tbl_todo
        (complete, content, due_date, title) 
    values
        (?, ?, ?, ?) 
    returning tno
2024-08-06T16:12:10.041+09:00  INFO 19932 --- [apiserver] [    Test worker] o.z.a.repository.TodoRepositoryTests     : Todo(tno=301, title=Title..96, content=Content...96, complete=false, dueDate=2023-12-30)
Hibernate: 
    insert 
    into
        tbl_todo
        (complete, content, due_date, title) 
    values
        (?, ?, ?, ?) 
    returning tno
2024-08-06T16:12:10.048+09:00  INFO 19932 --- [apiserver] [    Test worker] o.z.a.repository.TodoRepositoryTests     : Todo(tno=302, title=Title..97, content=Content...97, complete=false, dueDate=2023-12-30)
Hibernate: 
    insert 
    into
        tbl_todo
        (complete, content, due_date, title) 
    values
        (?, ?, ?, ?) 
    returning tno
2024-08-06T16:12:10.053+09:00  INFO 19932 --- [apiserver] [    Test worker] o.z.a.repository.TodoRepositoryTests     : Todo(tno=303, title=Title..98, content=Content...98, complete=false, dueDate=2023-12-30)
Hibernate: 
    insert 
    into
        tbl_todo
        (complete, content, due_date, title) 
    values
        (?, ?, ?, ?) 
    returning tno
2024-08-06T16:12:10.059+09:00  INFO 19932 --- [apiserver] [    Test worker] o.z.a.repository.TodoRepositoryTests     : Todo(tno=304, title=Title..99, content=Content...99, complete=false, dueDate=2023-12-30)
Hibernate: 
    select
        t1_0.tno,
        t1_0.complete,
        t1_0.content,
        t1_0.due_date,
        t1_0.title 
    from
        tbl_todo t1_0 
    order by
        t1_0.tno desc 
    limit
        ?, ?
Hibernate: 
    select
        count(t1_0.tno) 
    from
        tbl_todo t1_0
2024-08-06T16:12:10.233+09:00  INFO 19932 --- [apiserver] [    Test worker] o.z.a.repository.TodoRepositoryTests     : 303
2024-08-06T16:12:10.233+09:00  INFO 19932 --- [apiserver] [    Test worker] o.z.a.repository.TodoRepositoryTests     : [Todo(tno=304, title=Title..99, content=Content...99, complete=false, dueDate=2023-12-30), Todo(tno=303, title=Title..98, content=Content...98, complete=false, dueDate=2023-12-30), Todo(tno=302, title=Title..97, content=Content...97, complete=false, dueDate=2023-12-30), Todo(tno=301, title=Title..96, content=Content...96, complete=false, dueDate=2023-12-30), Todo(tno=300, title=Title..95, content=Content...95, complete=false, dueDate=2023-12-30), Todo(tno=299, title=Title..94, content=Content...94, complete=false, dueDate=2023-12-30), Todo(tno=298, title=Title..93, content=Content...93, complete=false, dueDate=2023-12-30), Todo(tno=297, title=Title..92, content=Content...92, complete=false, dueDate=2023-12-30), Todo(tno=296, title=Title..91, content=Content...91, complete=false, dueDate=2023-12-30), Todo(tno=295, title=Title..90, content=Content...90, complete=false, dueDate=2023-12-30)]
Hibernate: 
    select
        t1_0.tno,
        t1_0.complete,
        t1_0.content,
        t1_0.due_date,
        t1_0.title 
    from
        tbl_todo t1_0 
    where
        t1_0.tno=?
Hibernate: 
    select
        t1_0.tno,
        t1_0.complete,
        t1_0.content,
        t1_0.due_date,
        t1_0.title 
    from
        tbl_todo t1_0 
    where
        t1_0.tno=?
]]></system-out>
  <system-err><![CDATA[]]></system-err>
</testsuite>
