<?xml version="1.0" encoding="UTF-8"?>
<testsuite name="org.zerock.apiserver.repository.TodoRepositoryTests" tests="1" skipped="0" failures="0" errors="0" timestamp="2024-08-02T02:41:37" hostname="DESKTOP-G6GID5V" time="1.979">
  <properties/>
  <testcase name="testSearch1()" classname="org.zerock.apiserver.repository.TodoRepositoryTests" time="1.979"/>
  <system-out><![CDATA[11:41:28.931 [Test worker] INFO org.springframework.test.context.support.AnnotationConfigContextLoaderUtils -- Could not detect default configuration classes for test class [org.zerock.apiserver.repository.TodoRepositoryTests]: TodoRepositoryTests does not declare any static, non-private, non-final, nested classes annotated with @Configuration.
11:41:29.118 [Test worker] INFO org.springframework.boot.test.context.SpringBootTestContextBootstrapper -- Found @SpringBootConfiguration org.zerock.apiserver.ApiserverApplication for test class org.zerock.apiserver.repository.TodoRepositoryTests

  .   ____          _            __ _ _
 /\\ / ___'_ __ _ _(_)_ __  __ _ \ \ \ \
( ( )\___ | '_ | '_| | '_ \/ _` | \ \ \ \
 \\/  ___)| |_)| | | | | || (_| |  ) ) ) )
  '  |____| .__|_| |_|_| |_\__, | / / / /
 =========|_|==============|___/=/_/_/_/

 :: Spring Boot ::                (v3.3.2)

2024-08-02T11:41:29.863+09:00  INFO 14620 --- [apiserver] [    Test worker] o.z.a.repository.TodoRepositoryTests     : Starting TodoRepositoryTests using Java 17.0.9 with PID 14620 (started by Hwa Jin.Song in D:\study\my-study\backend\mall_project_study)
2024-08-02T11:41:29.866+09:00  INFO 14620 --- [apiserver] [    Test worker] o.z.a.repository.TodoRepositoryTests     : No active profile set, falling back to 1 default profile: "default"
2024-08-02T11:41:30.959+09:00  INFO 14620 --- [apiserver] [    Test worker] .s.d.r.c.RepositoryConfigurationDelegate : Bootstrapping Spring Data JPA repositories in DEFAULT mode.
2024-08-02T11:41:31.088+09:00  INFO 14620 --- [apiserver] [    Test worker] .s.d.r.c.RepositoryConfigurationDelegate : Finished Spring Data repository scanning in 112 ms. Found 1 JPA repository interface.
2024-08-02T11:41:31.749+09:00 DEBUG 14620 --- [apiserver] [    Test worker] com.zaxxer.hikari.HikariConfig           : Driver class org.mariadb.jdbc.Driver found in Thread context class loader jdk.internal.loader.ClassLoaders$AppClassLoader@70dea4e
2024-08-02T11:41:31.958+09:00  INFO 14620 --- [apiserver] [    Test worker] o.hibernate.jpa.internal.util.LogHelper  : HHH000204: Processing PersistenceUnitInfo [name: default]
2024-08-02T11:41:32.070+09:00  INFO 14620 --- [apiserver] [    Test worker] org.hibernate.Version                    : HHH000412: Hibernate ORM core version 6.5.2.Final
2024-08-02T11:41:32.127+09:00  INFO 14620 --- [apiserver] [    Test worker] o.h.c.internal.RegionFactoryInitiator    : HHH000026: Second-level cache disabled
2024-08-02T11:41:32.709+09:00  INFO 14620 --- [apiserver] [    Test worker] o.s.o.j.p.SpringPersistenceUnitInfo      : No LoadTimeWeaver setup: ignoring JPA class transformer
2024-08-02T11:41:32.771+09:00 DEBUG 14620 --- [apiserver] [    Test worker] com.zaxxer.hikari.HikariConfig           : HikariPool-1 - configuration:
2024-08-02T11:41:32.781+09:00 DEBUG 14620 --- [apiserver] [    Test worker] com.zaxxer.hikari.HikariConfig           : allowPoolSuspension.............false
2024-08-02T11:41:32.782+09:00 DEBUG 14620 --- [apiserver] [    Test worker] com.zaxxer.hikari.HikariConfig           : autoCommit......................true
2024-08-02T11:41:32.782+09:00 DEBUG 14620 --- [apiserver] [    Test worker] com.zaxxer.hikari.HikariConfig           : catalog.........................none
2024-08-02T11:41:32.782+09:00 DEBUG 14620 --- [apiserver] [    Test worker] com.zaxxer.hikari.HikariConfig           : connectionInitSql...............none
2024-08-02T11:41:32.783+09:00 DEBUG 14620 --- [apiserver] [    Test worker] com.zaxxer.hikari.HikariConfig           : connectionTestQuery.............none
2024-08-02T11:41:32.784+09:00 DEBUG 14620 --- [apiserver] [    Test worker] com.zaxxer.hikari.HikariConfig           : connectionTimeout...............30000
2024-08-02T11:41:32.785+09:00 DEBUG 14620 --- [apiserver] [    Test worker] com.zaxxer.hikari.HikariConfig           : dataSource......................none
2024-08-02T11:41:32.786+09:00 DEBUG 14620 --- [apiserver] [    Test worker] com.zaxxer.hikari.HikariConfig           : dataSourceClassName.............none
2024-08-02T11:41:32.787+09:00 DEBUG 14620 --- [apiserver] [    Test worker] com.zaxxer.hikari.HikariConfig           : dataSourceJNDI..................none
2024-08-02T11:41:32.789+09:00 DEBUG 14620 --- [apiserver] [    Test worker] com.zaxxer.hikari.HikariConfig           : dataSourceProperties............{password=<masked>}
2024-08-02T11:41:32.790+09:00 DEBUG 14620 --- [apiserver] [    Test worker] com.zaxxer.hikari.HikariConfig           : driverClassName................."org.mariadb.jdbc.Driver"
2024-08-02T11:41:32.791+09:00 DEBUG 14620 --- [apiserver] [    Test worker] com.zaxxer.hikari.HikariConfig           : exceptionOverrideClassName......none
2024-08-02T11:41:32.792+09:00 DEBUG 14620 --- [apiserver] [    Test worker] com.zaxxer.hikari.HikariConfig           : healthCheckProperties...........{}
2024-08-02T11:41:32.796+09:00 DEBUG 14620 --- [apiserver] [    Test worker] com.zaxxer.hikari.HikariConfig           : healthCheckRegistry.............none
2024-08-02T11:41:32.798+09:00 DEBUG 14620 --- [apiserver] [    Test worker] com.zaxxer.hikari.HikariConfig           : idleTimeout.....................600000
2024-08-02T11:41:32.800+09:00 DEBUG 14620 --- [apiserver] [    Test worker] com.zaxxer.hikari.HikariConfig           : initializationFailTimeout.......1
2024-08-02T11:41:32.802+09:00 DEBUG 14620 --- [apiserver] [    Test worker] com.zaxxer.hikari.HikariConfig           : isolateInternalQueries..........false
2024-08-02T11:41:32.803+09:00 DEBUG 14620 --- [apiserver] [    Test worker] com.zaxxer.hikari.HikariConfig           : jdbcUrl.........................jdbc:mariadb://localhost:3306/apidb
2024-08-02T11:41:32.804+09:00 DEBUG 14620 --- [apiserver] [    Test worker] com.zaxxer.hikari.HikariConfig           : keepaliveTime...................0
2024-08-02T11:41:32.804+09:00 DEBUG 14620 --- [apiserver] [    Test worker] com.zaxxer.hikari.HikariConfig           : leakDetectionThreshold..........0
2024-08-02T11:41:32.807+09:00 DEBUG 14620 --- [apiserver] [    Test worker] com.zaxxer.hikari.HikariConfig           : maxLifetime.....................1800000
2024-08-02T11:41:32.808+09:00 DEBUG 14620 --- [apiserver] [    Test worker] com.zaxxer.hikari.HikariConfig           : maximumPoolSize.................10
2024-08-02T11:41:32.811+09:00 DEBUG 14620 --- [apiserver] [    Test worker] com.zaxxer.hikari.HikariConfig           : metricRegistry..................none
2024-08-02T11:41:32.812+09:00 DEBUG 14620 --- [apiserver] [    Test worker] com.zaxxer.hikari.HikariConfig           : metricsTrackerFactory...........none
2024-08-02T11:41:32.813+09:00 DEBUG 14620 --- [apiserver] [    Test worker] com.zaxxer.hikari.HikariConfig           : minimumIdle.....................10
2024-08-02T11:41:32.814+09:00 DEBUG 14620 --- [apiserver] [    Test worker] com.zaxxer.hikari.HikariConfig           : password........................<masked>
2024-08-02T11:41:32.815+09:00 DEBUG 14620 --- [apiserver] [    Test worker] com.zaxxer.hikari.HikariConfig           : poolName........................"HikariPool-1"
2024-08-02T11:41:32.817+09:00 DEBUG 14620 --- [apiserver] [    Test worker] com.zaxxer.hikari.HikariConfig           : readOnly........................false
2024-08-02T11:41:32.817+09:00 DEBUG 14620 --- [apiserver] [    Test worker] com.zaxxer.hikari.HikariConfig           : registerMbeans..................false
2024-08-02T11:41:32.818+09:00 DEBUG 14620 --- [apiserver] [    Test worker] com.zaxxer.hikari.HikariConfig           : scheduledExecutor...............none
2024-08-02T11:41:32.820+09:00 DEBUG 14620 --- [apiserver] [    Test worker] com.zaxxer.hikari.HikariConfig           : schema..........................none
2024-08-02T11:41:32.820+09:00 DEBUG 14620 --- [apiserver] [    Test worker] com.zaxxer.hikari.HikariConfig           : threadFactory...................internal
2024-08-02T11:41:32.821+09:00 DEBUG 14620 --- [apiserver] [    Test worker] com.zaxxer.hikari.HikariConfig           : transactionIsolation............default
2024-08-02T11:41:32.822+09:00 DEBUG 14620 --- [apiserver] [    Test worker] com.zaxxer.hikari.HikariConfig           : username........................"apidbuser"
2024-08-02T11:41:32.823+09:00 DEBUG 14620 --- [apiserver] [    Test worker] com.zaxxer.hikari.HikariConfig           : validationTimeout...............5000
2024-08-02T11:41:32.824+09:00  INFO 14620 --- [apiserver] [    Test worker] com.zaxxer.hikari.HikariDataSource       : HikariPool-1 - Starting...
2024-08-02T11:41:33.084+09:00  INFO 14620 --- [apiserver] [    Test worker] com.zaxxer.hikari.pool.HikariPool        : HikariPool-1 - Added connection org.mariadb.jdbc.Connection@b70fa38
2024-08-02T11:41:33.087+09:00  INFO 14620 --- [apiserver] [    Test worker] com.zaxxer.hikari.HikariDataSource       : HikariPool-1 - Start completed.
2024-08-02T11:41:33.203+09:00 DEBUG 14620 --- [apiserver] [l-1 housekeeper] com.zaxxer.hikari.pool.HikariPool        : HikariPool-1 - Pool stats (total=1, active=1, idle=0, waiting=0)
2024-08-02T11:41:33.212+09:00 DEBUG 14620 --- [apiserver] [onnection adder] com.zaxxer.hikari.pool.HikariPool        : HikariPool-1 - Added connection org.mariadb.jdbc.Connection@4fa6e51a
2024-08-02T11:41:33.240+09:00 DEBUG 14620 --- [apiserver] [    Test worker] o.h.t.d.sql.spi.DdlTypeRegistry          : addDescriptor(12, org.hibernate.type.descriptor.sql.internal.CapacityDependentDdlType@3cdfbbef) replaced previous registration(org.hibernate.type.descriptor.sql.internal.CapacityDependentDdlType@7a1ddbf1)
2024-08-02T11:41:33.240+09:00 DEBUG 14620 --- [apiserver] [    Test worker] o.h.t.d.sql.spi.DdlTypeRegistry          : addDescriptor(-9, org.hibernate.type.descriptor.sql.internal.CapacityDependentDdlType@1e606f64) replaced previous registration(org.hibernate.type.descriptor.sql.internal.CapacityDependentDdlType@581918f6)
2024-08-02T11:41:33.241+09:00 DEBUG 14620 --- [apiserver] [    Test worker] o.h.t.d.sql.spi.DdlTypeRegistry          : addDescriptor(-3, org.hibernate.type.descriptor.sql.internal.CapacityDependentDdlType@1958c0d9) replaced previous registration(org.hibernate.type.descriptor.sql.internal.CapacityDependentDdlType@d8e4250)
2024-08-02T11:41:33.242+09:00 DEBUG 14620 --- [apiserver] [    Test worker] o.h.t.d.sql.spi.DdlTypeRegistry          : addDescriptor(4003, org.hibernate.type.descriptor.sql.internal.DdlTypeImpl@100807ca) replaced previous registration(org.hibernate.type.descriptor.sql.internal.DdlTypeImpl@c67395)
2024-08-02T11:41:33.243+09:00 DEBUG 14620 --- [apiserver] [    Test worker] o.h.t.d.sql.spi.DdlTypeRegistry          : addDescriptor(4001, org.hibernate.type.descriptor.sql.internal.DdlTypeImpl@5fc7255c) replaced previous registration(org.hibernate.type.descriptor.sql.internal.DdlTypeImpl@20a47036)
2024-08-02T11:41:33.244+09:00 DEBUG 14620 --- [apiserver] [    Test worker] o.h.t.d.sql.spi.DdlTypeRegistry          : addDescriptor(4002, org.hibernate.type.descriptor.sql.internal.DdlTypeImpl@70c205bf) replaced previous registration(org.hibernate.type.descriptor.sql.internal.DdlTypeImpl@43ab9ae9)
2024-08-02T11:41:33.245+09:00 DEBUG 14620 --- [apiserver] [    Test worker] o.h.t.d.sql.spi.DdlTypeRegistry          : addDescriptor(2004, org.hibernate.type.descriptor.sql.internal.CapacityDependentDdlType@2520aa05) replaced previous registration(org.hibernate.type.descriptor.sql.internal.DdlTypeImpl@26865b57)
2024-08-02T11:41:33.248+09:00 DEBUG 14620 --- [apiserver] [    Test worker] o.h.t.d.sql.spi.DdlTypeRegistry          : addDescriptor(2005, org.hibernate.type.descriptor.sql.internal.CapacityDependentDdlType@46894dc5) replaced previous registration(org.hibernate.type.descriptor.sql.internal.DdlTypeImpl@596afb2f)
2024-08-02T11:41:33.249+09:00 DEBUG 14620 --- [apiserver] [onnection adder] com.zaxxer.hikari.pool.HikariPool        : HikariPool-1 - After adding stats (total=2, active=0, idle=2, waiting=0)
2024-08-02T11:41:33.249+09:00 DEBUG 14620 --- [apiserver] [    Test worker] o.h.t.d.sql.spi.DdlTypeRegistry          : addDescriptor(2011, org.hibernate.type.descriptor.sql.internal.CapacityDependentDdlType@79ba0285) replaced previous registration(org.hibernate.type.descriptor.sql.internal.DdlTypeImpl@6df2a206)
2024-08-02T11:41:33.256+09:00 DEBUG 14620 --- [apiserver] [onnection adder] com.zaxxer.hikari.pool.HikariPool        : HikariPool-1 - Added connection org.mariadb.jdbc.Connection@1a73fbab
2024-08-02T11:41:33.296+09:00 DEBUG 14620 --- [apiserver] [onnection adder] com.zaxxer.hikari.pool.HikariPool        : HikariPool-1 - After adding stats (total=3, active=0, idle=3, waiting=0)
2024-08-02T11:41:33.302+09:00 DEBUG 14620 --- [apiserver] [onnection adder] com.zaxxer.hikari.pool.HikariPool        : HikariPool-1 - Added connection org.mariadb.jdbc.Connection@7a0834e6
2024-08-02T11:41:33.343+09:00 DEBUG 14620 --- [apiserver] [onnection adder] com.zaxxer.hikari.pool.HikariPool        : HikariPool-1 - After adding stats (total=4, active=0, idle=4, waiting=0)
2024-08-02T11:41:33.350+09:00 DEBUG 14620 --- [apiserver] [onnection adder] com.zaxxer.hikari.pool.HikariPool        : HikariPool-1 - Added connection org.mariadb.jdbc.Connection@79ea0150
2024-08-02T11:41:33.389+09:00 DEBUG 14620 --- [apiserver] [onnection adder] com.zaxxer.hikari.pool.HikariPool        : HikariPool-1 - After adding stats (total=5, active=0, idle=5, waiting=0)
2024-08-02T11:41:33.400+09:00 DEBUG 14620 --- [apiserver] [onnection adder] com.zaxxer.hikari.pool.HikariPool        : HikariPool-1 - Added connection org.mariadb.jdbc.Connection@63e6cca2
2024-08-02T11:41:33.436+09:00 DEBUG 14620 --- [apiserver] [onnection adder] com.zaxxer.hikari.pool.HikariPool        : HikariPool-1 - After adding stats (total=6, active=0, idle=6, waiting=0)
2024-08-02T11:41:33.440+09:00 DEBUG 14620 --- [apiserver] [onnection adder] com.zaxxer.hikari.pool.HikariPool        : HikariPool-1 - Added connection org.mariadb.jdbc.Connection@48660296
2024-08-02T11:41:33.482+09:00 DEBUG 14620 --- [apiserver] [onnection adder] com.zaxxer.hikari.pool.HikariPool        : HikariPool-1 - After adding stats (total=7, active=0, idle=7, waiting=0)
2024-08-02T11:41:33.486+09:00 DEBUG 14620 --- [apiserver] [onnection adder] com.zaxxer.hikari.pool.HikariPool        : HikariPool-1 - Added connection org.mariadb.jdbc.Connection@7162ad6f
2024-08-02T11:41:33.530+09:00 DEBUG 14620 --- [apiserver] [onnection adder] com.zaxxer.hikari.pool.HikariPool        : HikariPool-1 - After adding stats (total=8, active=0, idle=8, waiting=0)
2024-08-02T11:41:33.536+09:00 DEBUG 14620 --- [apiserver] [onnection adder] com.zaxxer.hikari.pool.HikariPool        : HikariPool-1 - Added connection org.mariadb.jdbc.Connection@6c79af80
2024-08-02T11:41:33.575+09:00 DEBUG 14620 --- [apiserver] [onnection adder] com.zaxxer.hikari.pool.HikariPool        : HikariPool-1 - After adding stats (total=9, active=0, idle=9, waiting=0)
2024-08-02T11:41:33.581+09:00 DEBUG 14620 --- [apiserver] [onnection adder] com.zaxxer.hikari.pool.HikariPool        : HikariPool-1 - Added connection org.mariadb.jdbc.Connection@55f6e663
2024-08-02T11:41:33.622+09:00 DEBUG 14620 --- [apiserver] [onnection adder] com.zaxxer.hikari.pool.HikariPool        : HikariPool-1 - After adding stats (total=10, active=0, idle=10, waiting=0)
2024-08-02T11:41:33.623+09:00 DEBUG 14620 --- [apiserver] [onnection adder] com.zaxxer.hikari.pool.HikariPool        : HikariPool-1 - Connection not added, stats (total=10, active=0, idle=10, waiting=0)
2024-08-02T11:41:35.021+09:00  INFO 14620 --- [apiserver] [    Test worker] o.h.e.t.j.p.i.JtaPlatformInitiator       : HHH000489: No JTA platform available (set 'hibernate.transaction.jta.platform' to enable JTA platform integration)
2024-08-02T11:41:35.119+09:00  INFO 14620 --- [apiserver] [    Test worker] j.LocalContainerEntityManagerFactoryBean : Initialized JPA EntityManagerFactory for persistence unit 'default'
2024-08-02T11:41:35.457+09:00  WARN 14620 --- [apiserver] [    Test worker] JpaBaseConfiguration$JpaWebConfiguration : spring.jpa.open-in-view is enabled by default. Therefore, database queries may be performed during view rendering. Explicitly configure spring.jpa.open-in-view to disable this warning
2024-08-02T11:41:37.038+09:00  INFO 14620 --- [apiserver] [    Test worker] o.z.a.repository.TodoRepositoryTests     : Started TodoRepositoryTests in 7.552 seconds (process running for 9.522)
2024-08-02T11:41:37.949+09:00  INFO 14620 --- [apiserver] [    Test worker] o.z.a.repository.search.TodoSearchImpl   : search1....................................
Hibernate: 
    select
        t1_0.tno,
        t1_0.complete,
        t1_0.content,
        t1_0.due_date,
        t1_0.title 
    from
        tbl_todo t1_0 
    where
        t1_0.title like ? escape '!' 
    order by
        t1_0.tno desc 
    limit
        ?, ?
Hibernate: 
    select
        count(t1_0.tno) 
    from
        tbl_todo t1_0 
    where
        t1_0.title like ? escape '!'
]]></system-out>
  <system-err><![CDATA[]]></system-err>
</testsuite>
