<?xml version="1.0" encoding="UTF-8"?>
<testsuite name="org.zerock.apiserver.service.ProductServiceTests" tests="1" skipped="0" failures="0" errors="0" timestamp="2024-08-12T03:49:44" hostname="DESKTOP-G6GID5V" time="1.067">
  <properties/>
  <testcase name="testRegister()" classname="org.zerock.apiserver.service.ProductServiceTests" time="1.067"/>
  <system-out><![CDATA[12:49:35.823 [Test worker] INFO org.springframework.test.context.support.AnnotationConfigContextLoaderUtils -- Could not detect default configuration classes for test class [org.zerock.apiserver.service.ProductServiceTests]: ProductServiceTests does not declare any static, non-private, non-final, nested classes annotated with @Configuration.
12:49:36.147 [Test worker] INFO org.springframework.boot.test.context.SpringBootTestContextBootstrapper -- Found @SpringBootConfiguration org.zerock.apiserver.ApiserverApplication for test class org.zerock.apiserver.service.ProductServiceTests

  .   ____          _            __ _ _
 /\\ / ___'_ __ _ _(_)_ __  __ _ \ \ \ \
( ( )\___ | '_ | '_| | '_ \/ _` | \ \ \ \
 \\/  ___)| |_)| | | | | || (_| |  ) ) ) )
  '  |____| .__|_| |_|_| |_\__, | / / / /
 =========|_|==============|___/=/_/_/_/

 :: Spring Boot ::                (v3.3.2)

2024-08-12T12:49:36.872+09:00  INFO 13836 --- [apiserver] [    Test worker] o.z.a.service.ProductServiceTests        : Starting ProductServiceTests using Java 17.0.9 with PID 13836 (started by Hwa Jin.Song in D:\study\my-study\mall_project\mall_project_study)
2024-08-12T12:49:36.875+09:00  INFO 13836 --- [apiserver] [    Test worker] o.z.a.service.ProductServiceTests        : No active profile set, falling back to 1 default profile: "default"
2024-08-12T12:49:38.087+09:00  INFO 13836 --- [apiserver] [    Test worker] .s.d.r.c.RepositoryConfigurationDelegate : Bootstrapping Spring Data JPA repositories in DEFAULT mode.
2024-08-12T12:49:38.228+09:00  INFO 13836 --- [apiserver] [    Test worker] .s.d.r.c.RepositoryConfigurationDelegate : Finished Spring Data repository scanning in 126 ms. Found 2 JPA repository interfaces.
2024-08-12T12:49:38.825+09:00 DEBUG 13836 --- [apiserver] [    Test worker] com.zaxxer.hikari.HikariConfig           : Driver class org.mariadb.jdbc.Driver found in Thread context class loader jdk.internal.loader.ClassLoaders$AppClassLoader@70dea4e
2024-08-12T12:49:39.041+09:00  INFO 13836 --- [apiserver] [    Test worker] o.hibernate.jpa.internal.util.LogHelper  : HHH000204: Processing PersistenceUnitInfo [name: default]
2024-08-12T12:49:39.169+09:00  INFO 13836 --- [apiserver] [    Test worker] org.hibernate.Version                    : HHH000412: Hibernate ORM core version 6.5.2.Final
2024-08-12T12:49:39.223+09:00  INFO 13836 --- [apiserver] [    Test worker] o.h.c.internal.RegionFactoryInitiator    : HHH000026: Second-level cache disabled
2024-08-12T12:49:39.733+09:00  INFO 13836 --- [apiserver] [    Test worker] o.s.o.j.p.SpringPersistenceUnitInfo      : No LoadTimeWeaver setup: ignoring JPA class transformer
2024-08-12T12:49:39.781+09:00 DEBUG 13836 --- [apiserver] [    Test worker] com.zaxxer.hikari.HikariConfig           : HikariPool-1 - configuration:
2024-08-12T12:49:39.786+09:00 DEBUG 13836 --- [apiserver] [    Test worker] com.zaxxer.hikari.HikariConfig           : allowPoolSuspension.............false
2024-08-12T12:49:39.787+09:00 DEBUG 13836 --- [apiserver] [    Test worker] com.zaxxer.hikari.HikariConfig           : autoCommit......................true
2024-08-12T12:49:39.787+09:00 DEBUG 13836 --- [apiserver] [    Test worker] com.zaxxer.hikari.HikariConfig           : catalog.........................none
2024-08-12T12:49:39.787+09:00 DEBUG 13836 --- [apiserver] [    Test worker] com.zaxxer.hikari.HikariConfig           : connectionInitSql...............none
2024-08-12T12:49:39.788+09:00 DEBUG 13836 --- [apiserver] [    Test worker] com.zaxxer.hikari.HikariConfig           : connectionTestQuery.............none
2024-08-12T12:49:39.789+09:00 DEBUG 13836 --- [apiserver] [    Test worker] com.zaxxer.hikari.HikariConfig           : connectionTimeout...............30000
2024-08-12T12:49:39.789+09:00 DEBUG 13836 --- [apiserver] [    Test worker] com.zaxxer.hikari.HikariConfig           : dataSource......................none
2024-08-12T12:49:39.790+09:00 DEBUG 13836 --- [apiserver] [    Test worker] com.zaxxer.hikari.HikariConfig           : dataSourceClassName.............none
2024-08-12T12:49:39.790+09:00 DEBUG 13836 --- [apiserver] [    Test worker] com.zaxxer.hikari.HikariConfig           : dataSourceJNDI..................none
2024-08-12T12:49:39.791+09:00 DEBUG 13836 --- [apiserver] [    Test worker] com.zaxxer.hikari.HikariConfig           : dataSourceProperties............{password=<masked>}
2024-08-12T12:49:39.792+09:00 DEBUG 13836 --- [apiserver] [    Test worker] com.zaxxer.hikari.HikariConfig           : driverClassName................."org.mariadb.jdbc.Driver"
2024-08-12T12:49:39.793+09:00 DEBUG 13836 --- [apiserver] [    Test worker] com.zaxxer.hikari.HikariConfig           : exceptionOverrideClassName......none
2024-08-12T12:49:39.793+09:00 DEBUG 13836 --- [apiserver] [    Test worker] com.zaxxer.hikari.HikariConfig           : healthCheckProperties...........{}
2024-08-12T12:49:39.793+09:00 DEBUG 13836 --- [apiserver] [    Test worker] com.zaxxer.hikari.HikariConfig           : healthCheckRegistry.............none
2024-08-12T12:49:39.794+09:00 DEBUG 13836 --- [apiserver] [    Test worker] com.zaxxer.hikari.HikariConfig           : idleTimeout.....................600000
2024-08-12T12:49:39.794+09:00 DEBUG 13836 --- [apiserver] [    Test worker] com.zaxxer.hikari.HikariConfig           : initializationFailTimeout.......1
2024-08-12T12:49:39.795+09:00 DEBUG 13836 --- [apiserver] [    Test worker] com.zaxxer.hikari.HikariConfig           : isolateInternalQueries..........false
2024-08-12T12:49:39.795+09:00 DEBUG 13836 --- [apiserver] [    Test worker] com.zaxxer.hikari.HikariConfig           : jdbcUrl.........................jdbc:mariadb://localhost:3306/apidb
2024-08-12T12:49:39.795+09:00 DEBUG 13836 --- [apiserver] [    Test worker] com.zaxxer.hikari.HikariConfig           : keepaliveTime...................0
2024-08-12T12:49:39.796+09:00 DEBUG 13836 --- [apiserver] [    Test worker] com.zaxxer.hikari.HikariConfig           : leakDetectionThreshold..........0
2024-08-12T12:49:39.796+09:00 DEBUG 13836 --- [apiserver] [    Test worker] com.zaxxer.hikari.HikariConfig           : maxLifetime.....................1800000
2024-08-12T12:49:39.796+09:00 DEBUG 13836 --- [apiserver] [    Test worker] com.zaxxer.hikari.HikariConfig           : maximumPoolSize.................10
2024-08-12T12:49:39.796+09:00 DEBUG 13836 --- [apiserver] [    Test worker] com.zaxxer.hikari.HikariConfig           : metricRegistry..................none
2024-08-12T12:49:39.797+09:00 DEBUG 13836 --- [apiserver] [    Test worker] com.zaxxer.hikari.HikariConfig           : metricsTrackerFactory...........none
2024-08-12T12:49:39.797+09:00 DEBUG 13836 --- [apiserver] [    Test worker] com.zaxxer.hikari.HikariConfig           : minimumIdle.....................10
2024-08-12T12:49:39.798+09:00 DEBUG 13836 --- [apiserver] [    Test worker] com.zaxxer.hikari.HikariConfig           : password........................<masked>
2024-08-12T12:49:39.798+09:00 DEBUG 13836 --- [apiserver] [    Test worker] com.zaxxer.hikari.HikariConfig           : poolName........................"HikariPool-1"
2024-08-12T12:49:39.798+09:00 DEBUG 13836 --- [apiserver] [    Test worker] com.zaxxer.hikari.HikariConfig           : readOnly........................false
2024-08-12T12:49:39.799+09:00 DEBUG 13836 --- [apiserver] [    Test worker] com.zaxxer.hikari.HikariConfig           : registerMbeans..................false
2024-08-12T12:49:39.800+09:00 DEBUG 13836 --- [apiserver] [    Test worker] com.zaxxer.hikari.HikariConfig           : scheduledExecutor...............none
2024-08-12T12:49:39.800+09:00 DEBUG 13836 --- [apiserver] [    Test worker] com.zaxxer.hikari.HikariConfig           : schema..........................none
2024-08-12T12:49:39.801+09:00 DEBUG 13836 --- [apiserver] [    Test worker] com.zaxxer.hikari.HikariConfig           : threadFactory...................internal
2024-08-12T12:49:39.801+09:00 DEBUG 13836 --- [apiserver] [    Test worker] com.zaxxer.hikari.HikariConfig           : transactionIsolation............default
2024-08-12T12:49:39.801+09:00 DEBUG 13836 --- [apiserver] [    Test worker] com.zaxxer.hikari.HikariConfig           : username........................"apidbuser"
2024-08-12T12:49:39.801+09:00 DEBUG 13836 --- [apiserver] [    Test worker] com.zaxxer.hikari.HikariConfig           : validationTimeout...............5000
2024-08-12T12:49:39.801+09:00  INFO 13836 --- [apiserver] [    Test worker] com.zaxxer.hikari.HikariDataSource       : HikariPool-1 - Starting...
2024-08-12T12:49:40.000+09:00  INFO 13836 --- [apiserver] [    Test worker] com.zaxxer.hikari.pool.HikariPool        : HikariPool-1 - Added connection org.mariadb.jdbc.Connection@2211b44f
2024-08-12T12:49:40.002+09:00  INFO 13836 --- [apiserver] [    Test worker] com.zaxxer.hikari.HikariDataSource       : HikariPool-1 - Start completed.
2024-08-12T12:49:40.089+09:00 DEBUG 13836 --- [apiserver] [    Test worker] o.h.t.d.sql.spi.DdlTypeRegistry          : addDescriptor(12, org.hibernate.type.descriptor.sql.internal.CapacityDependentDdlType@1be77a76) replaced previous registration(org.hibernate.type.descriptor.sql.internal.CapacityDependentDdlType@315cf170)
2024-08-12T12:49:40.090+09:00 DEBUG 13836 --- [apiserver] [    Test worker] o.h.t.d.sql.spi.DdlTypeRegistry          : addDescriptor(-9, org.hibernate.type.descriptor.sql.internal.CapacityDependentDdlType@7878bbdb) replaced previous registration(org.hibernate.type.descriptor.sql.internal.CapacityDependentDdlType@25f7cc38)
2024-08-12T12:49:40.091+09:00 DEBUG 13836 --- [apiserver] [    Test worker] o.h.t.d.sql.spi.DdlTypeRegistry          : addDescriptor(-3, org.hibernate.type.descriptor.sql.internal.CapacityDependentDdlType@563263a) replaced previous registration(org.hibernate.type.descriptor.sql.internal.CapacityDependentDdlType@53e28097)
2024-08-12T12:49:40.091+09:00 DEBUG 13836 --- [apiserver] [    Test worker] o.h.t.d.sql.spi.DdlTypeRegistry          : addDescriptor(4003, org.hibernate.type.descriptor.sql.internal.DdlTypeImpl@6e794f53) replaced previous registration(org.hibernate.type.descriptor.sql.internal.DdlTypeImpl@75f4d8a8)
2024-08-12T12:49:40.092+09:00 DEBUG 13836 --- [apiserver] [    Test worker] o.h.t.d.sql.spi.DdlTypeRegistry          : addDescriptor(4001, org.hibernate.type.descriptor.sql.internal.DdlTypeImpl@69ba72da) replaced previous registration(org.hibernate.type.descriptor.sql.internal.DdlTypeImpl@2e1ba142)
2024-08-12T12:49:40.093+09:00 DEBUG 13836 --- [apiserver] [    Test worker] o.h.t.d.sql.spi.DdlTypeRegistry          : addDescriptor(4002, org.hibernate.type.descriptor.sql.internal.DdlTypeImpl@abc7005) replaced previous registration(org.hibernate.type.descriptor.sql.internal.DdlTypeImpl@595ec862)
2024-08-12T12:49:40.094+09:00 DEBUG 13836 --- [apiserver] [    Test worker] o.h.t.d.sql.spi.DdlTypeRegistry          : addDescriptor(2004, org.hibernate.type.descriptor.sql.internal.CapacityDependentDdlType@63c84d31) replaced previous registration(org.hibernate.type.descriptor.sql.internal.DdlTypeImpl@102af1bb)
2024-08-12T12:49:40.094+09:00 DEBUG 13836 --- [apiserver] [    Test worker] o.h.t.d.sql.spi.DdlTypeRegistry          : addDescriptor(2005, org.hibernate.type.descriptor.sql.internal.CapacityDependentDdlType@797f97e3) replaced previous registration(org.hibernate.type.descriptor.sql.internal.DdlTypeImpl@56cd5d76)
2024-08-12T12:49:40.095+09:00 DEBUG 13836 --- [apiserver] [    Test worker] o.h.t.d.sql.spi.DdlTypeRegistry          : addDescriptor(2011, org.hibernate.type.descriptor.sql.internal.CapacityDependentDdlType@77cd235b) replaced previous registration(org.hibernate.type.descriptor.sql.internal.DdlTypeImpl@302da330)
2024-08-12T12:49:40.106+09:00 DEBUG 13836 --- [apiserver] [l-1 housekeeper] com.zaxxer.hikari.pool.HikariPool        : HikariPool-1 - Pool stats (total=1, active=0, idle=1, waiting=0)
2024-08-12T12:49:40.111+09:00 DEBUG 13836 --- [apiserver] [onnection adder] com.zaxxer.hikari.pool.HikariPool        : HikariPool-1 - Added connection org.mariadb.jdbc.Connection@435cfad6
2024-08-12T12:49:40.152+09:00 DEBUG 13836 --- [apiserver] [onnection adder] com.zaxxer.hikari.pool.HikariPool        : HikariPool-1 - After adding stats (total=2, active=0, idle=2, waiting=0)
2024-08-12T12:49:40.155+09:00 DEBUG 13836 --- [apiserver] [onnection adder] com.zaxxer.hikari.pool.HikariPool        : HikariPool-1 - Added connection org.mariadb.jdbc.Connection@16850a9b
2024-08-12T12:49:40.197+09:00 DEBUG 13836 --- [apiserver] [onnection adder] com.zaxxer.hikari.pool.HikariPool        : HikariPool-1 - After adding stats (total=3, active=0, idle=3, waiting=0)
2024-08-12T12:49:40.200+09:00 DEBUG 13836 --- [apiserver] [onnection adder] com.zaxxer.hikari.pool.HikariPool        : HikariPool-1 - Added connection org.mariadb.jdbc.Connection@deeed46
2024-08-12T12:49:40.243+09:00 DEBUG 13836 --- [apiserver] [onnection adder] com.zaxxer.hikari.pool.HikariPool        : HikariPool-1 - After adding stats (total=4, active=0, idle=4, waiting=0)
2024-08-12T12:49:40.247+09:00 DEBUG 13836 --- [apiserver] [onnection adder] com.zaxxer.hikari.pool.HikariPool        : HikariPool-1 - Added connection org.mariadb.jdbc.Connection@4a5664af
2024-08-12T12:49:40.289+09:00 DEBUG 13836 --- [apiserver] [onnection adder] com.zaxxer.hikari.pool.HikariPool        : HikariPool-1 - After adding stats (total=5, active=0, idle=5, waiting=0)
2024-08-12T12:49:40.293+09:00 DEBUG 13836 --- [apiserver] [onnection adder] com.zaxxer.hikari.pool.HikariPool        : HikariPool-1 - Added connection org.mariadb.jdbc.Connection@2c6c2751
2024-08-12T12:49:40.335+09:00 DEBUG 13836 --- [apiserver] [onnection adder] com.zaxxer.hikari.pool.HikariPool        : HikariPool-1 - After adding stats (total=6, active=0, idle=6, waiting=0)
2024-08-12T12:49:40.339+09:00 DEBUG 13836 --- [apiserver] [onnection adder] com.zaxxer.hikari.pool.HikariPool        : HikariPool-1 - Added connection org.mariadb.jdbc.Connection@13269c16
2024-08-12T12:49:40.382+09:00 DEBUG 13836 --- [apiserver] [onnection adder] com.zaxxer.hikari.pool.HikariPool        : HikariPool-1 - After adding stats (total=7, active=0, idle=7, waiting=0)
2024-08-12T12:49:40.387+09:00 DEBUG 13836 --- [apiserver] [onnection adder] com.zaxxer.hikari.pool.HikariPool        : HikariPool-1 - Added connection org.mariadb.jdbc.Connection@7519f3d1
2024-08-12T12:49:40.429+09:00 DEBUG 13836 --- [apiserver] [onnection adder] com.zaxxer.hikari.pool.HikariPool        : HikariPool-1 - After adding stats (total=8, active=0, idle=8, waiting=0)
2024-08-12T12:49:40.435+09:00 DEBUG 13836 --- [apiserver] [onnection adder] com.zaxxer.hikari.pool.HikariPool        : HikariPool-1 - Added connection org.mariadb.jdbc.Connection@6bc66e16
2024-08-12T12:49:40.475+09:00 DEBUG 13836 --- [apiserver] [onnection adder] com.zaxxer.hikari.pool.HikariPool        : HikariPool-1 - After adding stats (total=9, active=0, idle=9, waiting=0)
2024-08-12T12:49:40.479+09:00 DEBUG 13836 --- [apiserver] [onnection adder] com.zaxxer.hikari.pool.HikariPool        : HikariPool-1 - Added connection org.mariadb.jdbc.Connection@72ad8c57
2024-08-12T12:49:40.522+09:00 DEBUG 13836 --- [apiserver] [onnection adder] com.zaxxer.hikari.pool.HikariPool        : HikariPool-1 - After adding stats (total=10, active=0, idle=10, waiting=0)
2024-08-12T12:49:41.932+09:00  INFO 13836 --- [apiserver] [    Test worker] o.h.e.t.j.p.i.JtaPlatformInitiator       : HHH000489: No JTA platform available (set 'hibernate.transaction.jta.platform' to enable JTA platform integration)
2024-08-12T12:49:42.015+09:00  INFO 13836 --- [apiserver] [    Test worker] j.LocalContainerEntityManagerFactoryBean : Initialized JPA EntityManagerFactory for persistence unit 'default'
2024-08-12T12:49:42.031+09:00  INFO 13836 --- [apiserver] [    Test worker] o.zerock.apiserver.util.CustomFileUtil   : ---------------------------------
2024-08-12T12:49:42.032+09:00  INFO 13836 --- [apiserver] [    Test worker] o.zerock.apiserver.util.CustomFileUtil   : D:\study\my-study\mall_project\mall_project_study\upload
2024-08-12T12:49:42.543+09:00  INFO 13836 --- [apiserver] [    Test worker] o.s.d.j.r.query.QueryEnhancerFactory     : Hibernate is in classpath; If applicable, HQL parser will be used.
2024-08-12T12:49:43.685+09:00  WARN 13836 --- [apiserver] [    Test worker] JpaBaseConfiguration$JpaWebConfiguration : spring.jpa.open-in-view is enabled by default. Therefore, database queries may be performed during view rendering. Explicitly configure spring.jpa.open-in-view to disable this warning
2024-08-12T12:49:43.702+09:00  INFO 13836 --- [apiserver] [    Test worker] o.z.a.config.CustomServletConfig         : --------------------------------------
2024-08-12T12:49:43.702+09:00  INFO 13836 --- [apiserver] [    Test worker] o.z.a.config.CustomServletConfig         : addFormatters
2024-08-12T12:49:44.390+09:00  INFO 13836 --- [apiserver] [    Test worker] o.z.a.service.ProductServiceTests        : Started ProductServiceTests in 7.857 seconds (process running for 9.772)
2024-08-12T12:49:45.310+09:00  INFO 13836 --- [apiserver] [    Test worker] o.z.a.service.ProductServiceImpl         : ----------------------
2024-08-12T12:49:45.318+09:00  INFO 13836 --- [apiserver] [    Test worker] o.z.a.service.ProductServiceImpl         : Product(pno=null, pname=새로운 상품, price=1000, pdesc=신규 추가 상품입니다., delFlag=false)
2024-08-12T12:49:45.319+09:00  INFO 13836 --- [apiserver] [    Test worker] o.z.a.service.ProductServiceImpl         : [ProductImage(fileName=36048bad-c253-422a-b0a7-0dc1c2364676_Test1.jpg, ord=0), ProductImage(fileName=ce7053f5-acde-47cf-bfbd-417cab956229_Test2.jpg, ord=1)]
Hibernate: 
    insert 
    into
        tbl_product
        (del_flag, pdesc, pname, price) 
    values
        (?, ?, ?, ?) 
    returning pno
Hibernate: 
    insert 
    into
        product_image_list
        (product_pno, file_name, ord) 
    values
        (?, ?, ?)
Hibernate: 
    insert 
    into
        product_image_list
        (product_pno, file_name, ord) 
    values
        (?, ?, ?)
]]></system-out>
  <system-err><![CDATA[]]></system-err>
</testsuite>
