<?xml version="1.0" encoding="UTF-8"?>
<testsuite name="org.zerock.apiserver.service.TodoServiceTests" tests="1" skipped="0" failures="0" errors="0" timestamp="2024-08-02T07:08:00" hostname="DESKTOP-G6GID5V" time="1.169">
  <properties/>
  <testcase name="testGetList()" classname="org.zerock.apiserver.service.TodoServiceTests" time="1.169"/>
  <system-out><![CDATA[16:07:54.604 [Test worker] INFO org.springframework.test.context.support.AnnotationConfigContextLoaderUtils -- Could not detect default configuration classes for test class [org.zerock.apiserver.service.TodoServiceTests]: TodoServiceTests does not declare any static, non-private, non-final, nested classes annotated with @Configuration.
16:07:54.745 [Test worker] INFO org.springframework.boot.test.context.SpringBootTestContextBootstrapper -- Found @SpringBootConfiguration org.zerock.apiserver.ApiserverApplication for test class org.zerock.apiserver.service.TodoServiceTests

  .   ____          _            __ _ _
 /\\ / ___'_ __ _ _(_)_ __  __ _ \ \ \ \
( ( )\___ | '_ | '_| | '_ \/ _` | \ \ \ \
 \\/  ___)| |_)| | | | | || (_| |  ) ) ) )
  '  |____| .__|_| |_|_| |_\__, | / / / /
 =========|_|==============|___/=/_/_/_/

 :: Spring Boot ::                (v3.3.2)

2024-08-02T16:07:55.349+09:00  INFO 14784 --- [apiserver] [    Test worker] o.z.apiserver.service.TodoServiceTests   : Starting TodoServiceTests using Java 17.0.9 with PID 14784 (started by Hwa Jin.Song in D:\study\my-study\backend\mall_project_study)
2024-08-02T16:07:55.351+09:00  INFO 14784 --- [apiserver] [    Test worker] o.z.apiserver.service.TodoServiceTests   : No active profile set, falling back to 1 default profile: "default"
2024-08-02T16:07:56.265+09:00  INFO 14784 --- [apiserver] [    Test worker] .s.d.r.c.RepositoryConfigurationDelegate : Bootstrapping Spring Data JPA repositories in DEFAULT mode.
2024-08-02T16:07:56.364+09:00  INFO 14784 --- [apiserver] [    Test worker] .s.d.r.c.RepositoryConfigurationDelegate : Finished Spring Data repository scanning in 85 ms. Found 1 JPA repository interface.
2024-08-02T16:07:56.883+09:00 DEBUG 14784 --- [apiserver] [    Test worker] com.zaxxer.hikari.HikariConfig           : Driver class org.mariadb.jdbc.Driver found in Thread context class loader jdk.internal.loader.ClassLoaders$AppClassLoader@70dea4e
2024-08-02T16:07:57.050+09:00  INFO 14784 --- [apiserver] [    Test worker] o.hibernate.jpa.internal.util.LogHelper  : HHH000204: Processing PersistenceUnitInfo [name: default]
2024-08-02T16:07:57.136+09:00  INFO 14784 --- [apiserver] [    Test worker] org.hibernate.Version                    : HHH000412: Hibernate ORM core version 6.5.2.Final
2024-08-02T16:07:57.189+09:00  INFO 14784 --- [apiserver] [    Test worker] o.h.c.internal.RegionFactoryInitiator    : HHH000026: Second-level cache disabled
2024-08-02T16:07:57.644+09:00  INFO 14784 --- [apiserver] [    Test worker] o.s.o.j.p.SpringPersistenceUnitInfo      : No LoadTimeWeaver setup: ignoring JPA class transformer
2024-08-02T16:07:57.684+09:00 DEBUG 14784 --- [apiserver] [    Test worker] com.zaxxer.hikari.HikariConfig           : HikariPool-1 - configuration:
2024-08-02T16:07:57.690+09:00 DEBUG 14784 --- [apiserver] [    Test worker] com.zaxxer.hikari.HikariConfig           : allowPoolSuspension.............false
2024-08-02T16:07:57.691+09:00 DEBUG 14784 --- [apiserver] [    Test worker] com.zaxxer.hikari.HikariConfig           : autoCommit......................true
2024-08-02T16:07:57.691+09:00 DEBUG 14784 --- [apiserver] [    Test worker] com.zaxxer.hikari.HikariConfig           : catalog.........................none
2024-08-02T16:07:57.692+09:00 DEBUG 14784 --- [apiserver] [    Test worker] com.zaxxer.hikari.HikariConfig           : connectionInitSql...............none
2024-08-02T16:07:57.692+09:00 DEBUG 14784 --- [apiserver] [    Test worker] com.zaxxer.hikari.HikariConfig           : connectionTestQuery.............none
2024-08-02T16:07:57.693+09:00 DEBUG 14784 --- [apiserver] [    Test worker] com.zaxxer.hikari.HikariConfig           : connectionTimeout...............30000
2024-08-02T16:07:57.693+09:00 DEBUG 14784 --- [apiserver] [    Test worker] com.zaxxer.hikari.HikariConfig           : dataSource......................none
2024-08-02T16:07:57.694+09:00 DEBUG 14784 --- [apiserver] [    Test worker] com.zaxxer.hikari.HikariConfig           : dataSourceClassName.............none
2024-08-02T16:07:57.694+09:00 DEBUG 14784 --- [apiserver] [    Test worker] com.zaxxer.hikari.HikariConfig           : dataSourceJNDI..................none
2024-08-02T16:07:57.695+09:00 DEBUG 14784 --- [apiserver] [    Test worker] com.zaxxer.hikari.HikariConfig           : dataSourceProperties............{password=<masked>}
2024-08-02T16:07:57.696+09:00 DEBUG 14784 --- [apiserver] [    Test worker] com.zaxxer.hikari.HikariConfig           : driverClassName................."org.mariadb.jdbc.Driver"
2024-08-02T16:07:57.696+09:00 DEBUG 14784 --- [apiserver] [    Test worker] com.zaxxer.hikari.HikariConfig           : exceptionOverrideClassName......none
2024-08-02T16:07:57.697+09:00 DEBUG 14784 --- [apiserver] [    Test worker] com.zaxxer.hikari.HikariConfig           : healthCheckProperties...........{}
2024-08-02T16:07:57.697+09:00 DEBUG 14784 --- [apiserver] [    Test worker] com.zaxxer.hikari.HikariConfig           : healthCheckRegistry.............none
2024-08-02T16:07:57.698+09:00 DEBUG 14784 --- [apiserver] [    Test worker] com.zaxxer.hikari.HikariConfig           : idleTimeout.....................600000
2024-08-02T16:07:57.698+09:00 DEBUG 14784 --- [apiserver] [    Test worker] com.zaxxer.hikari.HikariConfig           : initializationFailTimeout.......1
2024-08-02T16:07:57.698+09:00 DEBUG 14784 --- [apiserver] [    Test worker] com.zaxxer.hikari.HikariConfig           : isolateInternalQueries..........false
2024-08-02T16:07:57.699+09:00 DEBUG 14784 --- [apiserver] [    Test worker] com.zaxxer.hikari.HikariConfig           : jdbcUrl.........................jdbc:mariadb://localhost:3306/apidb
2024-08-02T16:07:57.699+09:00 DEBUG 14784 --- [apiserver] [    Test worker] com.zaxxer.hikari.HikariConfig           : keepaliveTime...................0
2024-08-02T16:07:57.699+09:00 DEBUG 14784 --- [apiserver] [    Test worker] com.zaxxer.hikari.HikariConfig           : leakDetectionThreshold..........0
2024-08-02T16:07:57.700+09:00 DEBUG 14784 --- [apiserver] [    Test worker] com.zaxxer.hikari.HikariConfig           : maxLifetime.....................1800000
2024-08-02T16:07:57.700+09:00 DEBUG 14784 --- [apiserver] [    Test worker] com.zaxxer.hikari.HikariConfig           : maximumPoolSize.................10
2024-08-02T16:07:57.701+09:00 DEBUG 14784 --- [apiserver] [    Test worker] com.zaxxer.hikari.HikariConfig           : metricRegistry..................none
2024-08-02T16:07:57.701+09:00 DEBUG 14784 --- [apiserver] [    Test worker] com.zaxxer.hikari.HikariConfig           : metricsTrackerFactory...........none
2024-08-02T16:07:57.702+09:00 DEBUG 14784 --- [apiserver] [    Test worker] com.zaxxer.hikari.HikariConfig           : minimumIdle.....................10
2024-08-02T16:07:57.702+09:00 DEBUG 14784 --- [apiserver] [    Test worker] com.zaxxer.hikari.HikariConfig           : password........................<masked>
2024-08-02T16:07:57.702+09:00 DEBUG 14784 --- [apiserver] [    Test worker] com.zaxxer.hikari.HikariConfig           : poolName........................"HikariPool-1"
2024-08-02T16:07:57.703+09:00 DEBUG 14784 --- [apiserver] [    Test worker] com.zaxxer.hikari.HikariConfig           : readOnly........................false
2024-08-02T16:07:57.704+09:00 DEBUG 14784 --- [apiserver] [    Test worker] com.zaxxer.hikari.HikariConfig           : registerMbeans..................false
2024-08-02T16:07:57.704+09:00 DEBUG 14784 --- [apiserver] [    Test worker] com.zaxxer.hikari.HikariConfig           : scheduledExecutor...............none
2024-08-02T16:07:57.704+09:00 DEBUG 14784 --- [apiserver] [    Test worker] com.zaxxer.hikari.HikariConfig           : schema..........................none
2024-08-02T16:07:57.706+09:00 DEBUG 14784 --- [apiserver] [    Test worker] com.zaxxer.hikari.HikariConfig           : threadFactory...................internal
2024-08-02T16:07:57.706+09:00 DEBUG 14784 --- [apiserver] [    Test worker] com.zaxxer.hikari.HikariConfig           : transactionIsolation............default
2024-08-02T16:07:57.706+09:00 DEBUG 14784 --- [apiserver] [    Test worker] com.zaxxer.hikari.HikariConfig           : username........................"apidbuser"
2024-08-02T16:07:57.706+09:00 DEBUG 14784 --- [apiserver] [    Test worker] com.zaxxer.hikari.HikariConfig           : validationTimeout...............5000
2024-08-02T16:07:57.706+09:00  INFO 14784 --- [apiserver] [    Test worker] com.zaxxer.hikari.HikariDataSource       : HikariPool-1 - Starting...
2024-08-02T16:07:57.828+09:00  INFO 14784 --- [apiserver] [    Test worker] com.zaxxer.hikari.pool.HikariPool        : HikariPool-1 - Added connection org.mariadb.jdbc.Connection@504b8705
2024-08-02T16:07:57.830+09:00  INFO 14784 --- [apiserver] [    Test worker] com.zaxxer.hikari.HikariDataSource       : HikariPool-1 - Start completed.
2024-08-02T16:07:57.916+09:00 DEBUG 14784 --- [apiserver] [    Test worker] o.h.t.d.sql.spi.DdlTypeRegistry          : addDescriptor(12, org.hibernate.type.descriptor.sql.internal.CapacityDependentDdlType@20a47036) replaced previous registration(org.hibernate.type.descriptor.sql.internal.CapacityDependentDdlType@70c205bf)
2024-08-02T16:07:57.916+09:00 DEBUG 14784 --- [apiserver] [    Test worker] o.h.t.d.sql.spi.DdlTypeRegistry          : addDescriptor(-9, org.hibernate.type.descriptor.sql.internal.CapacityDependentDdlType@43ab9ae9) replaced previous registration(org.hibernate.type.descriptor.sql.internal.CapacityDependentDdlType@2520aa05)
2024-08-02T16:07:57.917+09:00 DEBUG 14784 --- [apiserver] [    Test worker] o.h.t.d.sql.spi.DdlTypeRegistry          : addDescriptor(-3, org.hibernate.type.descriptor.sql.internal.CapacityDependentDdlType@26865b57) replaced previous registration(org.hibernate.type.descriptor.sql.internal.CapacityDependentDdlType@46894dc5)
2024-08-02T16:07:57.917+09:00 DEBUG 14784 --- [apiserver] [    Test worker] o.h.t.d.sql.spi.DdlTypeRegistry          : addDescriptor(4003, org.hibernate.type.descriptor.sql.internal.DdlTypeImpl@596afb2f) replaced previous registration(org.hibernate.type.descriptor.sql.internal.DdlTypeImpl@79ba0285)
2024-08-02T16:07:57.917+09:00 DEBUG 14784 --- [apiserver] [    Test worker] o.h.t.d.sql.spi.DdlTypeRegistry          : addDescriptor(4001, org.hibernate.type.descriptor.sql.internal.DdlTypeImpl@6df2a206) replaced previous registration(org.hibernate.type.descriptor.sql.internal.DdlTypeImpl@61993d18)
2024-08-02T16:07:57.918+09:00 DEBUG 14784 --- [apiserver] [    Test worker] o.h.t.d.sql.spi.DdlTypeRegistry          : addDescriptor(4002, org.hibernate.type.descriptor.sql.internal.DdlTypeImpl@6f240187) replaced previous registration(org.hibernate.type.descriptor.sql.internal.DdlTypeImpl@46a388cc)
2024-08-02T16:07:57.918+09:00 DEBUG 14784 --- [apiserver] [    Test worker] o.h.t.d.sql.spi.DdlTypeRegistry          : addDescriptor(2004, org.hibernate.type.descriptor.sql.internal.CapacityDependentDdlType@3e39f08c) replaced previous registration(org.hibernate.type.descriptor.sql.internal.DdlTypeImpl@16e07bae)
2024-08-02T16:07:57.918+09:00 DEBUG 14784 --- [apiserver] [    Test worker] o.h.t.d.sql.spi.DdlTypeRegistry          : addDescriptor(2005, org.hibernate.type.descriptor.sql.internal.CapacityDependentDdlType@598778cc) replaced previous registration(org.hibernate.type.descriptor.sql.internal.DdlTypeImpl@3386ed8)
2024-08-02T16:07:57.919+09:00 DEBUG 14784 --- [apiserver] [    Test worker] o.h.t.d.sql.spi.DdlTypeRegistry          : addDescriptor(2011, org.hibernate.type.descriptor.sql.internal.CapacityDependentDdlType@727453a3) replaced previous registration(org.hibernate.type.descriptor.sql.internal.DdlTypeImpl@67dc6b48)
2024-08-02T16:07:57.946+09:00 DEBUG 14784 --- [apiserver] [l-1 housekeeper] com.zaxxer.hikari.pool.HikariPool        : HikariPool-1 - Pool stats (total=1, active=0, idle=1, waiting=0)
2024-08-02T16:07:57.954+09:00 DEBUG 14784 --- [apiserver] [onnection adder] com.zaxxer.hikari.pool.HikariPool        : HikariPool-1 - Added connection org.mariadb.jdbc.Connection@62f9ced1
2024-08-02T16:07:57.993+09:00 DEBUG 14784 --- [apiserver] [onnection adder] com.zaxxer.hikari.pool.HikariPool        : HikariPool-1 - After adding stats (total=2, active=0, idle=2, waiting=0)
2024-08-02T16:07:57.999+09:00 DEBUG 14784 --- [apiserver] [onnection adder] com.zaxxer.hikari.pool.HikariPool        : HikariPool-1 - Added connection org.mariadb.jdbc.Connection@3701ba09
2024-08-02T16:07:58.039+09:00 DEBUG 14784 --- [apiserver] [onnection adder] com.zaxxer.hikari.pool.HikariPool        : HikariPool-1 - After adding stats (total=3, active=0, idle=3, waiting=0)
2024-08-02T16:07:58.043+09:00 DEBUG 14784 --- [apiserver] [onnection adder] com.zaxxer.hikari.pool.HikariPool        : HikariPool-1 - Added connection org.mariadb.jdbc.Connection@3bf05af2
2024-08-02T16:07:58.085+09:00 DEBUG 14784 --- [apiserver] [onnection adder] com.zaxxer.hikari.pool.HikariPool        : HikariPool-1 - After adding stats (total=4, active=0, idle=4, waiting=0)
2024-08-02T16:07:58.089+09:00 DEBUG 14784 --- [apiserver] [onnection adder] com.zaxxer.hikari.pool.HikariPool        : HikariPool-1 - Added connection org.mariadb.jdbc.Connection@4fb334dd
2024-08-02T16:07:58.131+09:00 DEBUG 14784 --- [apiserver] [onnection adder] com.zaxxer.hikari.pool.HikariPool        : HikariPool-1 - After adding stats (total=5, active=0, idle=5, waiting=0)
2024-08-02T16:07:58.135+09:00 DEBUG 14784 --- [apiserver] [onnection adder] com.zaxxer.hikari.pool.HikariPool        : HikariPool-1 - Added connection org.mariadb.jdbc.Connection@3d76261a
2024-08-02T16:07:58.178+09:00 DEBUG 14784 --- [apiserver] [onnection adder] com.zaxxer.hikari.pool.HikariPool        : HikariPool-1 - After adding stats (total=6, active=0, idle=6, waiting=0)
2024-08-02T16:07:58.182+09:00 DEBUG 14784 --- [apiserver] [onnection adder] com.zaxxer.hikari.pool.HikariPool        : HikariPool-1 - Added connection org.mariadb.jdbc.Connection@3d114a00
2024-08-02T16:07:58.223+09:00 DEBUG 14784 --- [apiserver] [onnection adder] com.zaxxer.hikari.pool.HikariPool        : HikariPool-1 - After adding stats (total=7, active=0, idle=7, waiting=0)
2024-08-02T16:07:58.227+09:00 DEBUG 14784 --- [apiserver] [onnection adder] com.zaxxer.hikari.pool.HikariPool        : HikariPool-1 - Added connection org.mariadb.jdbc.Connection@53d69a2d
2024-08-02T16:07:58.269+09:00 DEBUG 14784 --- [apiserver] [onnection adder] com.zaxxer.hikari.pool.HikariPool        : HikariPool-1 - After adding stats (total=8, active=0, idle=8, waiting=0)
2024-08-02T16:07:58.271+09:00 DEBUG 14784 --- [apiserver] [onnection adder] com.zaxxer.hikari.pool.HikariPool        : HikariPool-1 - Added connection org.mariadb.jdbc.Connection@4862ce88
2024-08-02T16:07:58.315+09:00 DEBUG 14784 --- [apiserver] [onnection adder] com.zaxxer.hikari.pool.HikariPool        : HikariPool-1 - After adding stats (total=9, active=0, idle=9, waiting=0)
2024-08-02T16:07:58.318+09:00 DEBUG 14784 --- [apiserver] [onnection adder] com.zaxxer.hikari.pool.HikariPool        : HikariPool-1 - Added connection org.mariadb.jdbc.Connection@6dbf3245
2024-08-02T16:07:58.361+09:00 DEBUG 14784 --- [apiserver] [onnection adder] com.zaxxer.hikari.pool.HikariPool        : HikariPool-1 - After adding stats (total=10, active=0, idle=10, waiting=0)
2024-08-02T16:07:58.907+09:00  INFO 14784 --- [apiserver] [    Test worker] o.h.e.t.j.p.i.JtaPlatformInitiator       : HHH000489: No JTA platform available (set 'hibernate.transaction.jta.platform' to enable JTA platform integration)
2024-08-02T16:07:58.969+09:00  INFO 14784 --- [apiserver] [    Test worker] j.LocalContainerEntityManagerFactoryBean : Initialized JPA EntityManagerFactory for persistence unit 'default'
2024-08-02T16:07:59.609+09:00  WARN 14784 --- [apiserver] [    Test worker] JpaBaseConfiguration$JpaWebConfiguration : spring.jpa.open-in-view is enabled by default. Therefore, database queries may be performed during view rendering. Explicitly configure spring.jpa.open-in-view to disable this warning
2024-08-02T16:08:00.239+09:00  INFO 14784 --- [apiserver] [    Test worker] o.z.apiserver.service.TodoServiceTests   : Started TodoServiceTests in 5.212 seconds (process running for 6.736)
2024-08-02T16:08:00.835+09:00  INFO 14784 --- [apiserver] [    Test worker] o.z.a.repository.search.TodoSearchImpl   : search1....................................
Hibernate: 
    select
        t1_0.tno,
        t1_0.complete,
        t1_0.content,
        t1_0.due_date,
        t1_0.title 
    from
        tbl_todo t1_0 
    order by
        t1_0.tno desc 
    limit
        ?, ?
Hibernate: 
    select
        count(t1_0.tno) 
    from
        tbl_todo t1_0
2024-08-02T16:08:01.416+09:00  INFO 14784 --- [apiserver] [    Test worker] o.z.apiserver.service.TodoServiceTests   : PageResponseDTO(dtoList=[TodoDTO(tno=2, title=Title..0, content=Content...0, complete=false, dueDate=2023-12-30), TodoDTO(tno=1, title=Udate Title, content=updated content, complete=true, dueDate=2023-12-30)], pageNumList=[11], pageRequestDTO=PageRequestDTO(page=11, size=10), prev=true, next=false, totalCount=102, prevPage=10, nextPage=0, totalPage=0, current=0)
]]></system-out>
  <system-err><![CDATA[]]></system-err>
</testsuite>
