<?xml version="1.0" encoding="UTF-8"?>
<testsuite name="org.zerock.apiserver.service.TodoServiceTests" tests="1" skipped="0" failures="0" errors="0" timestamp="2024-08-02T04:40:29" hostname="DESKTOP-G6GID5V" time="0.961">
  <properties/>
  <testcase name="testRegister()" classname="org.zerock.apiserver.service.TodoServiceTests" time="0.961"/>
  <system-out><![CDATA[13:40:22.484 [Test worker] INFO org.springframework.test.context.support.AnnotationConfigContextLoaderUtils -- Could not detect default configuration classes for test class [org.zerock.apiserver.service.TodoServiceTests]: TodoServiceTests does not declare any static, non-private, non-final, nested classes annotated with @Configuration.
13:40:22.668 [Test worker] INFO org.springframework.boot.test.context.SpringBootTestContextBootstrapper -- Found @SpringBootConfiguration org.zerock.apiserver.ApiserverApplication for test class org.zerock.apiserver.service.TodoServiceTests

  .   ____          _            __ _ _
 /\\ / ___'_ __ _ _(_)_ __  __ _ \ \ \ \
( ( )\___ | '_ | '_| | '_ \/ _` | \ \ \ \
 \\/  ___)| |_)| | | | | || (_| |  ) ) ) )
  '  |____| .__|_| |_|_| |_\__, | / / / /
 =========|_|==============|___/=/_/_/_/

 :: Spring Boot ::                (v3.3.2)

2024-08-02T13:40:23.333+09:00  INFO 2300 --- [apiserver] [    Test worker] o.z.apiserver.service.TodoServiceTests   : Starting TodoServiceTests using Java 17.0.9 with PID 2300 (started by Hwa Jin.Song in D:\study\my-study\backend\mall_project_study)
2024-08-02T13:40:23.335+09:00  INFO 2300 --- [apiserver] [    Test worker] o.z.apiserver.service.TodoServiceTests   : No active profile set, falling back to 1 default profile: "default"
2024-08-02T13:40:24.350+09:00  INFO 2300 --- [apiserver] [    Test worker] .s.d.r.c.RepositoryConfigurationDelegate : Bootstrapping Spring Data JPA repositories in DEFAULT mode.
2024-08-02T13:40:24.470+09:00  INFO 2300 --- [apiserver] [    Test worker] .s.d.r.c.RepositoryConfigurationDelegate : Finished Spring Data repository scanning in 105 ms. Found 1 JPA repository interface.
2024-08-02T13:40:25.095+09:00 DEBUG 2300 --- [apiserver] [    Test worker] com.zaxxer.hikari.HikariConfig           : Driver class org.mariadb.jdbc.Driver found in Thread context class loader jdk.internal.loader.ClassLoaders$AppClassLoader@70dea4e
2024-08-02T13:40:25.286+09:00  INFO 2300 --- [apiserver] [    Test worker] o.hibernate.jpa.internal.util.LogHelper  : HHH000204: Processing PersistenceUnitInfo [name: default]
2024-08-02T13:40:25.408+09:00  INFO 2300 --- [apiserver] [    Test worker] org.hibernate.Version                    : HHH000412: Hibernate ORM core version 6.5.2.Final
2024-08-02T13:40:25.480+09:00  INFO 2300 --- [apiserver] [    Test worker] o.h.c.internal.RegionFactoryInitiator    : HHH000026: Second-level cache disabled
2024-08-02T13:40:26.163+09:00  INFO 2300 --- [apiserver] [    Test worker] o.s.o.j.p.SpringPersistenceUnitInfo      : No LoadTimeWeaver setup: ignoring JPA class transformer
2024-08-02T13:40:26.232+09:00 DEBUG 2300 --- [apiserver] [    Test worker] com.zaxxer.hikari.HikariConfig           : HikariPool-1 - configuration:
2024-08-02T13:40:26.238+09:00 DEBUG 2300 --- [apiserver] [    Test worker] com.zaxxer.hikari.HikariConfig           : allowPoolSuspension.............false
2024-08-02T13:40:26.239+09:00 DEBUG 2300 --- [apiserver] [    Test worker] com.zaxxer.hikari.HikariConfig           : autoCommit......................true
2024-08-02T13:40:26.239+09:00 DEBUG 2300 --- [apiserver] [    Test worker] com.zaxxer.hikari.HikariConfig           : catalog.........................none
2024-08-02T13:40:26.240+09:00 DEBUG 2300 --- [apiserver] [    Test worker] com.zaxxer.hikari.HikariConfig           : connectionInitSql...............none
2024-08-02T13:40:26.240+09:00 DEBUG 2300 --- [apiserver] [    Test worker] com.zaxxer.hikari.HikariConfig           : connectionTestQuery.............none
2024-08-02T13:40:26.241+09:00 DEBUG 2300 --- [apiserver] [    Test worker] com.zaxxer.hikari.HikariConfig           : connectionTimeout...............30000
2024-08-02T13:40:26.241+09:00 DEBUG 2300 --- [apiserver] [    Test worker] com.zaxxer.hikari.HikariConfig           : dataSource......................none
2024-08-02T13:40:26.242+09:00 DEBUG 2300 --- [apiserver] [    Test worker] com.zaxxer.hikari.HikariConfig           : dataSourceClassName.............none
2024-08-02T13:40:26.243+09:00 DEBUG 2300 --- [apiserver] [    Test worker] com.zaxxer.hikari.HikariConfig           : dataSourceJNDI..................none
2024-08-02T13:40:26.244+09:00 DEBUG 2300 --- [apiserver] [    Test worker] com.zaxxer.hikari.HikariConfig           : dataSourceProperties............{password=<masked>}
2024-08-02T13:40:26.244+09:00 DEBUG 2300 --- [apiserver] [    Test worker] com.zaxxer.hikari.HikariConfig           : driverClassName................."org.mariadb.jdbc.Driver"
2024-08-02T13:40:26.245+09:00 DEBUG 2300 --- [apiserver] [    Test worker] com.zaxxer.hikari.HikariConfig           : exceptionOverrideClassName......none
2024-08-02T13:40:26.245+09:00 DEBUG 2300 --- [apiserver] [    Test worker] com.zaxxer.hikari.HikariConfig           : healthCheckProperties...........{}
2024-08-02T13:40:26.245+09:00 DEBUG 2300 --- [apiserver] [    Test worker] com.zaxxer.hikari.HikariConfig           : healthCheckRegistry.............none
2024-08-02T13:40:26.246+09:00 DEBUG 2300 --- [apiserver] [    Test worker] com.zaxxer.hikari.HikariConfig           : idleTimeout.....................600000
2024-08-02T13:40:26.248+09:00 DEBUG 2300 --- [apiserver] [    Test worker] com.zaxxer.hikari.HikariConfig           : initializationFailTimeout.......1
2024-08-02T13:40:26.248+09:00 DEBUG 2300 --- [apiserver] [    Test worker] com.zaxxer.hikari.HikariConfig           : isolateInternalQueries..........false
2024-08-02T13:40:26.248+09:00 DEBUG 2300 --- [apiserver] [    Test worker] com.zaxxer.hikari.HikariConfig           : jdbcUrl.........................jdbc:mariadb://localhost:3306/apidb
2024-08-02T13:40:26.249+09:00 DEBUG 2300 --- [apiserver] [    Test worker] com.zaxxer.hikari.HikariConfig           : keepaliveTime...................0
2024-08-02T13:40:26.249+09:00 DEBUG 2300 --- [apiserver] [    Test worker] com.zaxxer.hikari.HikariConfig           : leakDetectionThreshold..........0
2024-08-02T13:40:26.249+09:00 DEBUG 2300 --- [apiserver] [    Test worker] com.zaxxer.hikari.HikariConfig           : maxLifetime.....................1800000
2024-08-02T13:40:26.250+09:00 DEBUG 2300 --- [apiserver] [    Test worker] com.zaxxer.hikari.HikariConfig           : maximumPoolSize.................10
2024-08-02T13:40:26.250+09:00 DEBUG 2300 --- [apiserver] [    Test worker] com.zaxxer.hikari.HikariConfig           : metricRegistry..................none
2024-08-02T13:40:26.251+09:00 DEBUG 2300 --- [apiserver] [    Test worker] com.zaxxer.hikari.HikariConfig           : metricsTrackerFactory...........none
2024-08-02T13:40:26.251+09:00 DEBUG 2300 --- [apiserver] [    Test worker] com.zaxxer.hikari.HikariConfig           : minimumIdle.....................10
2024-08-02T13:40:26.251+09:00 DEBUG 2300 --- [apiserver] [    Test worker] com.zaxxer.hikari.HikariConfig           : password........................<masked>
2024-08-02T13:40:26.252+09:00 DEBUG 2300 --- [apiserver] [    Test worker] com.zaxxer.hikari.HikariConfig           : poolName........................"HikariPool-1"
2024-08-02T13:40:26.252+09:00 DEBUG 2300 --- [apiserver] [    Test worker] com.zaxxer.hikari.HikariConfig           : readOnly........................false
2024-08-02T13:40:26.253+09:00 DEBUG 2300 --- [apiserver] [    Test worker] com.zaxxer.hikari.HikariConfig           : registerMbeans..................false
2024-08-02T13:40:26.253+09:00 DEBUG 2300 --- [apiserver] [    Test worker] com.zaxxer.hikari.HikariConfig           : scheduledExecutor...............none
2024-08-02T13:40:26.253+09:00 DEBUG 2300 --- [apiserver] [    Test worker] com.zaxxer.hikari.HikariConfig           : schema..........................none
2024-08-02T13:40:26.253+09:00 DEBUG 2300 --- [apiserver] [    Test worker] com.zaxxer.hikari.HikariConfig           : threadFactory...................internal
2024-08-02T13:40:26.254+09:00 DEBUG 2300 --- [apiserver] [    Test worker] com.zaxxer.hikari.HikariConfig           : transactionIsolation............default
2024-08-02T13:40:26.254+09:00 DEBUG 2300 --- [apiserver] [    Test worker] com.zaxxer.hikari.HikariConfig           : username........................"apidbuser"
2024-08-02T13:40:26.254+09:00 DEBUG 2300 --- [apiserver] [    Test worker] com.zaxxer.hikari.HikariConfig           : validationTimeout...............5000
2024-08-02T13:40:26.254+09:00  INFO 2300 --- [apiserver] [    Test worker] com.zaxxer.hikari.HikariDataSource       : HikariPool-1 - Starting...
2024-08-02T13:40:26.403+09:00  INFO 2300 --- [apiserver] [    Test worker] com.zaxxer.hikari.pool.HikariPool        : HikariPool-1 - Added connection org.mariadb.jdbc.Connection@16cf7fd0
2024-08-02T13:40:26.406+09:00  INFO 2300 --- [apiserver] [    Test worker] com.zaxxer.hikari.HikariDataSource       : HikariPool-1 - Start completed.
2024-08-02T13:40:26.512+09:00 DEBUG 2300 --- [apiserver] [l-1 housekeeper] com.zaxxer.hikari.pool.HikariPool        : HikariPool-1 - Pool stats (total=1, active=0, idle=1, waiting=0)
2024-08-02T13:40:26.512+09:00 DEBUG 2300 --- [apiserver] [    Test worker] o.h.t.d.sql.spi.DdlTypeRegistry          : addDescriptor(12, org.hibernate.type.descriptor.sql.internal.CapacityDependentDdlType@123ca460) replaced previous registration(org.hibernate.type.descriptor.sql.internal.CapacityDependentDdlType@11228bee)
2024-08-02T13:40:26.513+09:00 DEBUG 2300 --- [apiserver] [    Test worker] o.h.t.d.sql.spi.DdlTypeRegistry          : addDescriptor(-9, org.hibernate.type.descriptor.sql.internal.CapacityDependentDdlType@7d626f2) replaced previous registration(org.hibernate.type.descriptor.sql.internal.CapacityDependentDdlType@460f1cdb)
2024-08-02T13:40:26.513+09:00 DEBUG 2300 --- [apiserver] [    Test worker] o.h.t.d.sql.spi.DdlTypeRegistry          : addDescriptor(-3, org.hibernate.type.descriptor.sql.internal.CapacityDependentDdlType@31e7afde) replaced previous registration(org.hibernate.type.descriptor.sql.internal.CapacityDependentDdlType@349f3ff7)
2024-08-02T13:40:26.514+09:00 DEBUG 2300 --- [apiserver] [    Test worker] o.h.t.d.sql.spi.DdlTypeRegistry          : addDescriptor(4003, org.hibernate.type.descriptor.sql.internal.DdlTypeImpl@2487e20) replaced previous registration(org.hibernate.type.descriptor.sql.internal.DdlTypeImpl@3c9f4376)
2024-08-02T13:40:26.514+09:00 DEBUG 2300 --- [apiserver] [    Test worker] o.h.t.d.sql.spi.DdlTypeRegistry          : addDescriptor(4001, org.hibernate.type.descriptor.sql.internal.DdlTypeImpl@308a9264) replaced previous registration(org.hibernate.type.descriptor.sql.internal.DdlTypeImpl@7da77305)
2024-08-02T13:40:26.514+09:00 DEBUG 2300 --- [apiserver] [    Test worker] o.h.t.d.sql.spi.DdlTypeRegistry          : addDescriptor(4002, org.hibernate.type.descriptor.sql.internal.DdlTypeImpl@3cdfbbef) replaced previous registration(org.hibernate.type.descriptor.sql.internal.DdlTypeImpl@7a1ddbf1)
2024-08-02T13:40:26.514+09:00 DEBUG 2300 --- [apiserver] [    Test worker] o.h.t.d.sql.spi.DdlTypeRegistry          : addDescriptor(2004, org.hibernate.type.descriptor.sql.internal.CapacityDependentDdlType@1e606f64) replaced previous registration(org.hibernate.type.descriptor.sql.internal.DdlTypeImpl@581918f6)
2024-08-02T13:40:26.515+09:00 DEBUG 2300 --- [apiserver] [    Test worker] o.h.t.d.sql.spi.DdlTypeRegistry          : addDescriptor(2005, org.hibernate.type.descriptor.sql.internal.CapacityDependentDdlType@1958c0d9) replaced previous registration(org.hibernate.type.descriptor.sql.internal.DdlTypeImpl@d8e4250)
2024-08-02T13:40:26.515+09:00 DEBUG 2300 --- [apiserver] [    Test worker] o.h.t.d.sql.spi.DdlTypeRegistry          : addDescriptor(2011, org.hibernate.type.descriptor.sql.internal.CapacityDependentDdlType@100807ca) replaced previous registration(org.hibernate.type.descriptor.sql.internal.DdlTypeImpl@c67395)
2024-08-02T13:40:26.518+09:00 DEBUG 2300 --- [apiserver] [onnection adder] com.zaxxer.hikari.pool.HikariPool        : HikariPool-1 - Added connection org.mariadb.jdbc.Connection@52cbcb1e
2024-08-02T13:40:26.559+09:00 DEBUG 2300 --- [apiserver] [onnection adder] com.zaxxer.hikari.pool.HikariPool        : HikariPool-1 - After adding stats (total=2, active=0, idle=2, waiting=0)
2024-08-02T13:40:26.562+09:00 DEBUG 2300 --- [apiserver] [onnection adder] com.zaxxer.hikari.pool.HikariPool        : HikariPool-1 - Added connection org.mariadb.jdbc.Connection@703ade7
2024-08-02T13:40:26.605+09:00 DEBUG 2300 --- [apiserver] [onnection adder] com.zaxxer.hikari.pool.HikariPool        : HikariPool-1 - After adding stats (total=3, active=0, idle=3, waiting=0)
2024-08-02T13:40:26.609+09:00 DEBUG 2300 --- [apiserver] [onnection adder] com.zaxxer.hikari.pool.HikariPool        : HikariPool-1 - Added connection org.mariadb.jdbc.Connection@3c3df4cd
2024-08-02T13:40:26.652+09:00 DEBUG 2300 --- [apiserver] [onnection adder] com.zaxxer.hikari.pool.HikariPool        : HikariPool-1 - After adding stats (total=4, active=0, idle=4, waiting=0)
2024-08-02T13:40:26.656+09:00 DEBUG 2300 --- [apiserver] [onnection adder] com.zaxxer.hikari.pool.HikariPool        : HikariPool-1 - Added connection org.mariadb.jdbc.Connection@7603fd07
2024-08-02T13:40:26.697+09:00 DEBUG 2300 --- [apiserver] [onnection adder] com.zaxxer.hikari.pool.HikariPool        : HikariPool-1 - After adding stats (total=5, active=0, idle=5, waiting=0)
2024-08-02T13:40:26.701+09:00 DEBUG 2300 --- [apiserver] [onnection adder] com.zaxxer.hikari.pool.HikariPool        : HikariPool-1 - Added connection org.mariadb.jdbc.Connection@34d00cce
2024-08-02T13:40:26.744+09:00 DEBUG 2300 --- [apiserver] [onnection adder] com.zaxxer.hikari.pool.HikariPool        : HikariPool-1 - After adding stats (total=6, active=0, idle=6, waiting=0)
2024-08-02T13:40:26.750+09:00 DEBUG 2300 --- [apiserver] [onnection adder] com.zaxxer.hikari.pool.HikariPool        : HikariPool-1 - Added connection org.mariadb.jdbc.Connection@30d331ae
2024-08-02T13:40:26.791+09:00 DEBUG 2300 --- [apiserver] [onnection adder] com.zaxxer.hikari.pool.HikariPool        : HikariPool-1 - After adding stats (total=7, active=0, idle=7, waiting=0)
2024-08-02T13:40:26.794+09:00 DEBUG 2300 --- [apiserver] [onnection adder] com.zaxxer.hikari.pool.HikariPool        : HikariPool-1 - Added connection org.mariadb.jdbc.Connection@2351ad2
2024-08-02T13:40:26.838+09:00 DEBUG 2300 --- [apiserver] [onnection adder] com.zaxxer.hikari.pool.HikariPool        : HikariPool-1 - After adding stats (total=8, active=0, idle=8, waiting=0)
2024-08-02T13:40:26.841+09:00 DEBUG 2300 --- [apiserver] [onnection adder] com.zaxxer.hikari.pool.HikariPool        : HikariPool-1 - Added connection org.mariadb.jdbc.Connection@26bd427b
2024-08-02T13:40:26.885+09:00 DEBUG 2300 --- [apiserver] [onnection adder] com.zaxxer.hikari.pool.HikariPool        : HikariPool-1 - After adding stats (total=9, active=0, idle=9, waiting=0)
2024-08-02T13:40:26.888+09:00 DEBUG 2300 --- [apiserver] [onnection adder] com.zaxxer.hikari.pool.HikariPool        : HikariPool-1 - Added connection org.mariadb.jdbc.Connection@206f5870
2024-08-02T13:40:26.932+09:00 DEBUG 2300 --- [apiserver] [onnection adder] com.zaxxer.hikari.pool.HikariPool        : HikariPool-1 - After adding stats (total=10, active=0, idle=10, waiting=0)
2024-08-02T13:40:27.719+09:00  INFO 2300 --- [apiserver] [    Test worker] o.h.e.t.j.p.i.JtaPlatformInitiator       : HHH000489: No JTA platform available (set 'hibernate.transaction.jta.platform' to enable JTA platform integration)
2024-08-02T13:40:27.787+09:00  INFO 2300 --- [apiserver] [    Test worker] j.LocalContainerEntityManagerFactoryBean : Initialized JPA EntityManagerFactory for persistence unit 'default'
2024-08-02T13:40:28.557+09:00  WARN 2300 --- [apiserver] [    Test worker] JpaBaseConfiguration$JpaWebConfiguration : spring.jpa.open-in-view is enabled by default. Therefore, database queries may be performed during view rendering. Explicitly configure spring.jpa.open-in-view to disable this warning
2024-08-02T13:40:29.349+09:00  INFO 2300 --- [apiserver] [    Test worker] o.z.apiserver.service.TodoServiceTests   : Started TodoServiceTests in 6.359 seconds (process running for 8.182)
Hibernate: 
    insert 
    into
        tbl_todo
        (complete, content, due_date, title) 
    values
        (?, ?, ?, ?) 
    returning tno
2024-08-02T13:40:30.311+09:00  INFO 2300 --- [apiserver] [    Test worker] o.z.apiserver.service.TodoServiceTests   : 102
]]></system-out>
  <system-err><![CDATA[]]></system-err>
</testsuite>
