<?xml version="1.0" encoding="UTF-8"?>
<testsuite name="org.zerock.apiserver.repository.TodoRepositoryTests" tests="5" skipped="0" failures="0" errors="0" timestamp="2024-08-19T07:06:35" hostname="DESKTOP-G6GID5V" time="0.572">
  <properties/>
  <testcase name="testRead()" classname="org.zerock.apiserver.repository.TodoRepositoryTests" time="0.014"/>
  <testcase name="test1()" classname="org.zerock.apiserver.repository.TodoRepositoryTests" time="0.007"/>
  <testcase name="testInsert()" classname="org.zerock.apiserver.repository.TodoRepositoryTests" time="0.521"/>
  <testcase name="testPaging()" classname="org.zerock.apiserver.repository.TodoRepositoryTests" time="0.018"/>
  <testcase name="testUpdate()" classname="org.zerock.apiserver.repository.TodoRepositoryTests" time="0.007"/>
  <system-out><![CDATA[2024-08-19T16:06:35.413+09:00  INFO 4316 --- [apiserver] [    Test worker] t.c.s.AnnotationConfigContextLoaderUtils : Could not detect default configuration classes for test class [org.zerock.apiserver.repository.TodoRepositoryTests]: TodoRepositoryTests does not declare any static, non-private, non-final, nested classes annotated with @Configuration.
2024-08-19T16:06:35.415+09:00  INFO 4316 --- [apiserver] [    Test worker] .b.t.c.SpringBootTestContextBootstrapper : Found @SpringBootConfiguration org.zerock.apiserver.ApiserverApplication for test class org.zerock.apiserver.repository.TodoRepositoryTests
Hibernate: 
    select
        t1_0.tno,
        t1_0.complete,
        t1_0.content,
        t1_0.due_date,
        t1_0.title 
    from
        tbl_todo t1_0 
    where
        t1_0.tno=?
2024-08-19T16:06:35.431+09:00  INFO 4316 --- [apiserver] [    Test worker] o.z.a.repository.TodoRepositoryTests     : Todo(tno=1, title=Udate Title, content=updated content, complete=true, dueDate=2023-12-30)
2024-08-19T16:06:35.440+09:00  INFO 4316 --- [apiserver] [    Test worker] o.z.a.repository.TodoRepositoryTests     : jdk.proxy3.$Proxy142
Hibernate: 
    insert 
    into
        tbl_todo
        (complete, content, due_date, title) 
    values
        (?, ?, ?, ?) 
    returning tno
2024-08-19T16:06:35.453+09:00  INFO 4316 --- [apiserver] [    Test worker] o.z.a.repository.TodoRepositoryTests     : Todo(tno=612, title=Title..0, content=Content...0, complete=false, dueDate=2023-12-30)
Hibernate: 
    insert 
    into
        tbl_todo
        (complete, content, due_date, title) 
    values
        (?, ?, ?, ?) 
    returning tno
2024-08-19T16:06:35.459+09:00  INFO 4316 --- [apiserver] [    Test worker] o.z.a.repository.TodoRepositoryTests     : Todo(tno=613, title=Title..1, content=Content...1, complete=false, dueDate=2023-12-30)
Hibernate: 
    insert 
    into
        tbl_todo
        (complete, content, due_date, title) 
    values
        (?, ?, ?, ?) 
    returning tno
2024-08-19T16:06:35.466+09:00  INFO 4316 --- [apiserver] [    Test worker] o.z.a.repository.TodoRepositoryTests     : Todo(tno=614, title=Title..2, content=Content...2, complete=false, dueDate=2023-12-30)
Hibernate: 
    insert 
    into
        tbl_todo
        (complete, content, due_date, title) 
    values
        (?, ?, ?, ?) 
    returning tno
2024-08-19T16:06:35.471+09:00  INFO 4316 --- [apiserver] [    Test worker] o.z.a.repository.TodoRepositoryTests     : Todo(tno=615, title=Title..3, content=Content...3, complete=false, dueDate=2023-12-30)
Hibernate: 
    insert 
    into
        tbl_todo
        (complete, content, due_date, title) 
    values
        (?, ?, ?, ?) 
    returning tno
2024-08-19T16:06:35.477+09:00  INFO 4316 --- [apiserver] [    Test worker] o.z.a.repository.TodoRepositoryTests     : Todo(tno=616, title=Title..4, content=Content...4, complete=false, dueDate=2023-12-30)
Hibernate: 
    insert 
    into
        tbl_todo
        (complete, content, due_date, title) 
    values
        (?, ?, ?, ?) 
    returning tno
2024-08-19T16:06:35.484+09:00  INFO 4316 --- [apiserver] [    Test worker] o.z.a.repository.TodoRepositoryTests     : Todo(tno=617, title=Title..5, content=Content...5, complete=false, dueDate=2023-12-30)
Hibernate: 
    insert 
    into
        tbl_todo
        (complete, content, due_date, title) 
    values
        (?, ?, ?, ?) 
    returning tno
2024-08-19T16:06:35.490+09:00  INFO 4316 --- [apiserver] [    Test worker] o.z.a.repository.TodoRepositoryTests     : Todo(tno=618, title=Title..6, content=Content...6, complete=false, dueDate=2023-12-30)
Hibernate: 
    insert 
    into
        tbl_todo
        (complete, content, due_date, title) 
    values
        (?, ?, ?, ?) 
    returning tno
2024-08-19T16:06:35.495+09:00  INFO 4316 --- [apiserver] [    Test worker] o.z.a.repository.TodoRepositoryTests     : Todo(tno=619, title=Title..7, content=Content...7, complete=false, dueDate=2023-12-30)
Hibernate: 
    insert 
    into
        tbl_todo
        (complete, content, due_date, title) 
    values
        (?, ?, ?, ?) 
    returning tno
2024-08-19T16:06:35.500+09:00  INFO 4316 --- [apiserver] [    Test worker] o.z.a.repository.TodoRepositoryTests     : Todo(tno=620, title=Title..8, content=Content...8, complete=false, dueDate=2023-12-30)
Hibernate: 
    insert 
    into
        tbl_todo
        (complete, content, due_date, title) 
    values
        (?, ?, ?, ?) 
    returning tno
2024-08-19T16:06:35.505+09:00  INFO 4316 --- [apiserver] [    Test worker] o.z.a.repository.TodoRepositoryTests     : Todo(tno=621, title=Title..9, content=Content...9, complete=false, dueDate=2023-12-30)
Hibernate: 
    insert 
    into
        tbl_todo
        (complete, content, due_date, title) 
    values
        (?, ?, ?, ?) 
    returning tno
2024-08-19T16:06:35.510+09:00  INFO 4316 --- [apiserver] [    Test worker] o.z.a.repository.TodoRepositoryTests     : Todo(tno=622, title=Title..10, content=Content...10, complete=false, dueDate=2023-12-30)
Hibernate: 
    insert 
    into
        tbl_todo
        (complete, content, due_date, title) 
    values
        (?, ?, ?, ?) 
    returning tno
2024-08-19T16:06:35.515+09:00  INFO 4316 --- [apiserver] [    Test worker] o.z.a.repository.TodoRepositoryTests     : Todo(tno=623, title=Title..11, content=Content...11, complete=false, dueDate=2023-12-30)
Hibernate: 
    insert 
    into
        tbl_todo
        (complete, content, due_date, title) 
    values
        (?, ?, ?, ?) 
    returning tno
2024-08-19T16:06:35.521+09:00  INFO 4316 --- [apiserver] [    Test worker] o.z.a.repository.TodoRepositoryTests     : Todo(tno=624, title=Title..12, content=Content...12, complete=false, dueDate=2023-12-30)
Hibernate: 
    insert 
    into
        tbl_todo
        (complete, content, due_date, title) 
    values
        (?, ?, ?, ?) 
    returning tno
2024-08-19T16:06:35.526+09:00  INFO 4316 --- [apiserver] [    Test worker] o.z.a.repository.TodoRepositoryTests     : Todo(tno=625, title=Title..13, content=Content...13, complete=false, dueDate=2023-12-30)
Hibernate: 
    insert 
    into
        tbl_todo
        (complete, content, due_date, title) 
    values
        (?, ?, ?, ?) 
    returning tno
2024-08-19T16:06:35.531+09:00  INFO 4316 --- [apiserver] [    Test worker] o.z.a.repository.TodoRepositoryTests     : Todo(tno=626, title=Title..14, content=Content...14, complete=false, dueDate=2023-12-30)
Hibernate: 
    insert 
    into
        tbl_todo
        (complete, content, due_date, title) 
    values
        (?, ?, ?, ?) 
    returning tno
2024-08-19T16:06:35.536+09:00  INFO 4316 --- [apiserver] [    Test worker] o.z.a.repository.TodoRepositoryTests     : Todo(tno=627, title=Title..15, content=Content...15, complete=false, dueDate=2023-12-30)
Hibernate: 
    insert 
    into
        tbl_todo
        (complete, content, due_date, title) 
    values
        (?, ?, ?, ?) 
    returning tno
2024-08-19T16:06:35.542+09:00  INFO 4316 --- [apiserver] [    Test worker] o.z.a.repository.TodoRepositoryTests     : Todo(tno=628, title=Title..16, content=Content...16, complete=false, dueDate=2023-12-30)
Hibernate: 
    insert 
    into
        tbl_todo
        (complete, content, due_date, title) 
    values
        (?, ?, ?, ?) 
    returning tno
2024-08-19T16:06:35.546+09:00  INFO 4316 --- [apiserver] [    Test worker] o.z.a.repository.TodoRepositoryTests     : Todo(tno=629, title=Title..17, content=Content...17, complete=false, dueDate=2023-12-30)
Hibernate: 
    insert 
    into
        tbl_todo
        (complete, content, due_date, title) 
    values
        (?, ?, ?, ?) 
    returning tno
2024-08-19T16:06:35.552+09:00  INFO 4316 --- [apiserver] [    Test worker] o.z.a.repository.TodoRepositoryTests     : Todo(tno=630, title=Title..18, content=Content...18, complete=false, dueDate=2023-12-30)
Hibernate: 
    insert 
    into
        tbl_todo
        (complete, content, due_date, title) 
    values
        (?, ?, ?, ?) 
    returning tno
2024-08-19T16:06:35.560+09:00  INFO 4316 --- [apiserver] [    Test worker] o.z.a.repository.TodoRepositoryTests     : Todo(tno=631, title=Title..19, content=Content...19, complete=false, dueDate=2023-12-30)
Hibernate: 
    insert 
    into
        tbl_todo
        (complete, content, due_date, title) 
    values
        (?, ?, ?, ?) 
    returning tno
2024-08-19T16:06:35.566+09:00  INFO 4316 --- [apiserver] [    Test worker] o.z.a.repository.TodoRepositoryTests     : Todo(tno=632, title=Title..20, content=Content...20, complete=false, dueDate=2023-12-30)
Hibernate: 
    insert 
    into
        tbl_todo
        (complete, content, due_date, title) 
    values
        (?, ?, ?, ?) 
    returning tno
2024-08-19T16:06:35.572+09:00  INFO 4316 --- [apiserver] [    Test worker] o.z.a.repository.TodoRepositoryTests     : Todo(tno=633, title=Title..21, content=Content...21, complete=false, dueDate=2023-12-30)
Hibernate: 
    insert 
    into
        tbl_todo
        (complete, content, due_date, title) 
    values
        (?, ?, ?, ?) 
    returning tno
2024-08-19T16:06:35.578+09:00  INFO 4316 --- [apiserver] [    Test worker] o.z.a.repository.TodoRepositoryTests     : Todo(tno=634, title=Title..22, content=Content...22, complete=false, dueDate=2023-12-30)
Hibernate: 
    insert 
    into
        tbl_todo
        (complete, content, due_date, title) 
    values
        (?, ?, ?, ?) 
    returning tno
2024-08-19T16:06:35.583+09:00  INFO 4316 --- [apiserver] [    Test worker] o.z.a.repository.TodoRepositoryTests     : Todo(tno=635, title=Title..23, content=Content...23, complete=false, dueDate=2023-12-30)
Hibernate: 
    insert 
    into
        tbl_todo
        (complete, content, due_date, title) 
    values
        (?, ?, ?, ?) 
    returning tno
2024-08-19T16:06:35.589+09:00  INFO 4316 --- [apiserver] [    Test worker] o.z.a.repository.TodoRepositoryTests     : Todo(tno=636, title=Title..24, content=Content...24, complete=false, dueDate=2023-12-30)
Hibernate: 
    insert 
    into
        tbl_todo
        (complete, content, due_date, title) 
    values
        (?, ?, ?, ?) 
    returning tno
2024-08-19T16:06:35.600+09:00  INFO 4316 --- [apiserver] [    Test worker] o.z.a.repository.TodoRepositoryTests     : Todo(tno=637, title=Title..25, content=Content...25, complete=false, dueDate=2023-12-30)
Hibernate: 
    insert 
    into
        tbl_todo
        (complete, content, due_date, title) 
    values
        (?, ?, ?, ?) 
    returning tno
2024-08-19T16:06:35.606+09:00  INFO 4316 --- [apiserver] [    Test worker] o.z.a.repository.TodoRepositoryTests     : Todo(tno=638, title=Title..26, content=Content...26, complete=false, dueDate=2023-12-30)
Hibernate: 
    insert 
    into
        tbl_todo
        (complete, content, due_date, title) 
    values
        (?, ?, ?, ?) 
    returning tno
2024-08-19T16:06:35.611+09:00  INFO 4316 --- [apiserver] [    Test worker] o.z.a.repository.TodoRepositoryTests     : Todo(tno=639, title=Title..27, content=Content...27, complete=false, dueDate=2023-12-30)
Hibernate: 
    insert 
    into
        tbl_todo
        (complete, content, due_date, title) 
    values
        (?, ?, ?, ?) 
    returning tno
2024-08-19T16:06:35.617+09:00  INFO 4316 --- [apiserver] [    Test worker] o.z.a.repository.TodoRepositoryTests     : Todo(tno=640, title=Title..28, content=Content...28, complete=false, dueDate=2023-12-30)
Hibernate: 
    insert 
    into
        tbl_todo
        (complete, content, due_date, title) 
    values
        (?, ?, ?, ?) 
    returning tno
2024-08-19T16:06:35.622+09:00  INFO 4316 --- [apiserver] [    Test worker] o.z.a.repository.TodoRepositoryTests     : Todo(tno=641, title=Title..29, content=Content...29, complete=false, dueDate=2023-12-30)
Hibernate: 
    insert 
    into
        tbl_todo
        (complete, content, due_date, title) 
    values
        (?, ?, ?, ?) 
    returning tno
2024-08-19T16:06:35.627+09:00  INFO 4316 --- [apiserver] [    Test worker] o.z.a.repository.TodoRepositoryTests     : Todo(tno=642, title=Title..30, content=Content...30, complete=false, dueDate=2023-12-30)
Hibernate: 
    insert 
    into
        tbl_todo
        (complete, content, due_date, title) 
    values
        (?, ?, ?, ?) 
    returning tno
2024-08-19T16:06:35.632+09:00  INFO 4316 --- [apiserver] [    Test worker] o.z.a.repository.TodoRepositoryTests     : Todo(tno=643, title=Title..31, content=Content...31, complete=false, dueDate=2023-12-30)
Hibernate: 
    insert 
    into
        tbl_todo
        (complete, content, due_date, title) 
    values
        (?, ?, ?, ?) 
    returning tno
2024-08-19T16:06:35.638+09:00  INFO 4316 --- [apiserver] [    Test worker] o.z.a.repository.TodoRepositoryTests     : Todo(tno=644, title=Title..32, content=Content...32, complete=false, dueDate=2023-12-30)
Hibernate: 
    insert 
    into
        tbl_todo
        (complete, content, due_date, title) 
    values
        (?, ?, ?, ?) 
    returning tno
2024-08-19T16:06:35.643+09:00  INFO 4316 --- [apiserver] [    Test worker] o.z.a.repository.TodoRepositoryTests     : Todo(tno=645, title=Title..33, content=Content...33, complete=false, dueDate=2023-12-30)
Hibernate: 
    insert 
    into
        tbl_todo
        (complete, content, due_date, title) 
    values
        (?, ?, ?, ?) 
    returning tno
2024-08-19T16:06:35.647+09:00  INFO 4316 --- [apiserver] [    Test worker] o.z.a.repository.TodoRepositoryTests     : Todo(tno=646, title=Title..34, content=Content...34, complete=false, dueDate=2023-12-30)
Hibernate: 
    insert 
    into
        tbl_todo
        (complete, content, due_date, title) 
    values
        (?, ?, ?, ?) 
    returning tno
2024-08-19T16:06:35.652+09:00  INFO 4316 --- [apiserver] [    Test worker] o.z.a.repository.TodoRepositoryTests     : Todo(tno=647, title=Title..35, content=Content...35, complete=false, dueDate=2023-12-30)
Hibernate: 
    insert 
    into
        tbl_todo
        (complete, content, due_date, title) 
    values
        (?, ?, ?, ?) 
    returning tno
2024-08-19T16:06:35.658+09:00  INFO 4316 --- [apiserver] [    Test worker] o.z.a.repository.TodoRepositoryTests     : Todo(tno=648, title=Title..36, content=Content...36, complete=false, dueDate=2023-12-30)
Hibernate: 
    insert 
    into
        tbl_todo
        (complete, content, due_date, title) 
    values
        (?, ?, ?, ?) 
    returning tno
2024-08-19T16:06:35.663+09:00  INFO 4316 --- [apiserver] [    Test worker] o.z.a.repository.TodoRepositoryTests     : Todo(tno=649, title=Title..37, content=Content...37, complete=false, dueDate=2023-12-30)
Hibernate: 
    insert 
    into
        tbl_todo
        (complete, content, due_date, title) 
    values
        (?, ?, ?, ?) 
    returning tno
2024-08-19T16:06:35.669+09:00  INFO 4316 --- [apiserver] [    Test worker] o.z.a.repository.TodoRepositoryTests     : Todo(tno=650, title=Title..38, content=Content...38, complete=false, dueDate=2023-12-30)
Hibernate: 
    insert 
    into
        tbl_todo
        (complete, content, due_date, title) 
    values
        (?, ?, ?, ?) 
    returning tno
2024-08-19T16:06:35.673+09:00  INFO 4316 --- [apiserver] [    Test worker] o.z.a.repository.TodoRepositoryTests     : Todo(tno=651, title=Title..39, content=Content...39, complete=false, dueDate=2023-12-30)
Hibernate: 
    insert 
    into
        tbl_todo
        (complete, content, due_date, title) 
    values
        (?, ?, ?, ?) 
    returning tno
2024-08-19T16:06:35.677+09:00  INFO 4316 --- [apiserver] [    Test worker] o.z.a.repository.TodoRepositoryTests     : Todo(tno=652, title=Title..40, content=Content...40, complete=false, dueDate=2023-12-30)
Hibernate: 
    insert 
    into
        tbl_todo
        (complete, content, due_date, title) 
    values
        (?, ?, ?, ?) 
    returning tno
2024-08-19T16:06:35.683+09:00  INFO 4316 --- [apiserver] [    Test worker] o.z.a.repository.TodoRepositoryTests     : Todo(tno=653, title=Title..41, content=Content...41, complete=false, dueDate=2023-12-30)
Hibernate: 
    insert 
    into
        tbl_todo
        (complete, content, due_date, title) 
    values
        (?, ?, ?, ?) 
    returning tno
2024-08-19T16:06:35.689+09:00  INFO 4316 --- [apiserver] [    Test worker] o.z.a.repository.TodoRepositoryTests     : Todo(tno=654, title=Title..42, content=Content...42, complete=false, dueDate=2023-12-30)
Hibernate: 
    insert 
    into
        tbl_todo
        (complete, content, due_date, title) 
    values
        (?, ?, ?, ?) 
    returning tno
2024-08-19T16:06:35.694+09:00  INFO 4316 --- [apiserver] [    Test worker] o.z.a.repository.TodoRepositoryTests     : Todo(tno=655, title=Title..43, content=Content...43, complete=false, dueDate=2023-12-30)
Hibernate: 
    insert 
    into
        tbl_todo
        (complete, content, due_date, title) 
    values
        (?, ?, ?, ?) 
    returning tno
2024-08-19T16:06:35.699+09:00  INFO 4316 --- [apiserver] [    Test worker] o.z.a.repository.TodoRepositoryTests     : Todo(tno=656, title=Title..44, content=Content...44, complete=false, dueDate=2023-12-30)
Hibernate: 
    insert 
    into
        tbl_todo
        (complete, content, due_date, title) 
    values
        (?, ?, ?, ?) 
    returning tno
2024-08-19T16:06:35.703+09:00  INFO 4316 --- [apiserver] [    Test worker] o.z.a.repository.TodoRepositoryTests     : Todo(tno=657, title=Title..45, content=Content...45, complete=false, dueDate=2023-12-30)
Hibernate: 
    insert 
    into
        tbl_todo
        (complete, content, due_date, title) 
    values
        (?, ?, ?, ?) 
    returning tno
2024-08-19T16:06:35.709+09:00  INFO 4316 --- [apiserver] [    Test worker] o.z.a.repository.TodoRepositoryTests     : Todo(tno=658, title=Title..46, content=Content...46, complete=false, dueDate=2023-12-30)
Hibernate: 
    insert 
    into
        tbl_todo
        (complete, content, due_date, title) 
    values
        (?, ?, ?, ?) 
    returning tno
2024-08-19T16:06:35.715+09:00  INFO 4316 --- [apiserver] [    Test worker] o.z.a.repository.TodoRepositoryTests     : Todo(tno=659, title=Title..47, content=Content...47, complete=false, dueDate=2023-12-30)
Hibernate: 
    insert 
    into
        tbl_todo
        (complete, content, due_date, title) 
    values
        (?, ?, ?, ?) 
    returning tno
2024-08-19T16:06:35.720+09:00  INFO 4316 --- [apiserver] [    Test worker] o.z.a.repository.TodoRepositoryTests     : Todo(tno=660, title=Title..48, content=Content...48, complete=false, dueDate=2023-12-30)
Hibernate: 
    insert 
    into
        tbl_todo
        (complete, content, due_date, title) 
    values
        (?, ?, ?, ?) 
    returning tno
2024-08-19T16:06:35.726+09:00  INFO 4316 --- [apiserver] [    Test worker] o.z.a.repository.TodoRepositoryTests     : Todo(tno=661, title=Title..49, content=Content...49, complete=false, dueDate=2023-12-30)
Hibernate: 
    insert 
    into
        tbl_todo
        (complete, content, due_date, title) 
    values
        (?, ?, ?, ?) 
    returning tno
2024-08-19T16:06:35.731+09:00  INFO 4316 --- [apiserver] [    Test worker] o.z.a.repository.TodoRepositoryTests     : Todo(tno=662, title=Title..50, content=Content...50, complete=false, dueDate=2023-12-30)
Hibernate: 
    insert 
    into
        tbl_todo
        (complete, content, due_date, title) 
    values
        (?, ?, ?, ?) 
    returning tno
2024-08-19T16:06:35.738+09:00  INFO 4316 --- [apiserver] [    Test worker] o.z.a.repository.TodoRepositoryTests     : Todo(tno=663, title=Title..51, content=Content...51, complete=false, dueDate=2023-12-30)
Hibernate: 
    insert 
    into
        tbl_todo
        (complete, content, due_date, title) 
    values
        (?, ?, ?, ?) 
    returning tno
2024-08-19T16:06:35.743+09:00  INFO 4316 --- [apiserver] [    Test worker] o.z.a.repository.TodoRepositoryTests     : Todo(tno=664, title=Title..52, content=Content...52, complete=false, dueDate=2023-12-30)
Hibernate: 
    insert 
    into
        tbl_todo
        (complete, content, due_date, title) 
    values
        (?, ?, ?, ?) 
    returning tno
2024-08-19T16:06:35.748+09:00  INFO 4316 --- [apiserver] [    Test worker] o.z.a.repository.TodoRepositoryTests     : Todo(tno=665, title=Title..53, content=Content...53, complete=false, dueDate=2023-12-30)
Hibernate: 
    insert 
    into
        tbl_todo
        (complete, content, due_date, title) 
    values
        (?, ?, ?, ?) 
    returning tno
2024-08-19T16:06:35.753+09:00  INFO 4316 --- [apiserver] [    Test worker] o.z.a.repository.TodoRepositoryTests     : Todo(tno=666, title=Title..54, content=Content...54, complete=false, dueDate=2023-12-30)
Hibernate: 
    insert 
    into
        tbl_todo
        (complete, content, due_date, title) 
    values
        (?, ?, ?, ?) 
    returning tno
2024-08-19T16:06:35.759+09:00  INFO 4316 --- [apiserver] [    Test worker] o.z.a.repository.TodoRepositoryTests     : Todo(tno=667, title=Title..55, content=Content...55, complete=false, dueDate=2023-12-30)
Hibernate: 
    insert 
    into
        tbl_todo
        (complete, content, due_date, title) 
    values
        (?, ?, ?, ?) 
    returning tno
2024-08-19T16:06:35.764+09:00  INFO 4316 --- [apiserver] [    Test worker] o.z.a.repository.TodoRepositoryTests     : Todo(tno=668, title=Title..56, content=Content...56, complete=false, dueDate=2023-12-30)
Hibernate: 
    insert 
    into
        tbl_todo
        (complete, content, due_date, title) 
    values
        (?, ?, ?, ?) 
    returning tno
2024-08-19T16:06:35.769+09:00  INFO 4316 --- [apiserver] [    Test worker] o.z.a.repository.TodoRepositoryTests     : Todo(tno=669, title=Title..57, content=Content...57, complete=false, dueDate=2023-12-30)
Hibernate: 
    insert 
    into
        tbl_todo
        (complete, content, due_date, title) 
    values
        (?, ?, ?, ?) 
    returning tno
2024-08-19T16:06:35.774+09:00  INFO 4316 --- [apiserver] [    Test worker] o.z.a.repository.TodoRepositoryTests     : Todo(tno=670, title=Title..58, content=Content...58, complete=false, dueDate=2023-12-30)
Hibernate: 
    insert 
    into
        tbl_todo
        (complete, content, due_date, title) 
    values
        (?, ?, ?, ?) 
    returning tno
2024-08-19T16:06:35.780+09:00  INFO 4316 --- [apiserver] [    Test worker] o.z.a.repository.TodoRepositoryTests     : Todo(tno=671, title=Title..59, content=Content...59, complete=false, dueDate=2023-12-30)
Hibernate: 
    insert 
    into
        tbl_todo
        (complete, content, due_date, title) 
    values
        (?, ?, ?, ?) 
    returning tno
2024-08-19T16:06:35.785+09:00  INFO 4316 --- [apiserver] [    Test worker] o.z.a.repository.TodoRepositoryTests     : Todo(tno=672, title=Title..60, content=Content...60, complete=false, dueDate=2023-12-30)
Hibernate: 
    insert 
    into
        tbl_todo
        (complete, content, due_date, title) 
    values
        (?, ?, ?, ?) 
    returning tno
2024-08-19T16:06:35.789+09:00  INFO 4316 --- [apiserver] [    Test worker] o.z.a.repository.TodoRepositoryTests     : Todo(tno=673, title=Title..61, content=Content...61, complete=false, dueDate=2023-12-30)
Hibernate: 
    insert 
    into
        tbl_todo
        (complete, content, due_date, title) 
    values
        (?, ?, ?, ?) 
    returning tno
2024-08-19T16:06:35.794+09:00  INFO 4316 --- [apiserver] [    Test worker] o.z.a.repository.TodoRepositoryTests     : Todo(tno=674, title=Title..62, content=Content...62, complete=false, dueDate=2023-12-30)
Hibernate: 
    insert 
    into
        tbl_todo
        (complete, content, due_date, title) 
    values
        (?, ?, ?, ?) 
    returning tno
2024-08-19T16:06:35.798+09:00  INFO 4316 --- [apiserver] [    Test worker] o.z.a.repository.TodoRepositoryTests     : Todo(tno=675, title=Title..63, content=Content...63, complete=false, dueDate=2023-12-30)
Hibernate: 
    insert 
    into
        tbl_todo
        (complete, content, due_date, title) 
    values
        (?, ?, ?, ?) 
    returning tno
2024-08-19T16:06:35.804+09:00  INFO 4316 --- [apiserver] [    Test worker] o.z.a.repository.TodoRepositoryTests     : Todo(tno=676, title=Title..64, content=Content...64, complete=false, dueDate=2023-12-30)
Hibernate: 
    insert 
    into
        tbl_todo
        (complete, content, due_date, title) 
    values
        (?, ?, ?, ?) 
    returning tno
2024-08-19T16:06:35.808+09:00  INFO 4316 --- [apiserver] [    Test worker] o.z.a.repository.TodoRepositoryTests     : Todo(tno=677, title=Title..65, content=Content...65, complete=false, dueDate=2023-12-30)
Hibernate: 
    insert 
    into
        tbl_todo
        (complete, content, due_date, title) 
    values
        (?, ?, ?, ?) 
    returning tno
2024-08-19T16:06:35.813+09:00  INFO 4316 --- [apiserver] [    Test worker] o.z.a.repository.TodoRepositoryTests     : Todo(tno=678, title=Title..66, content=Content...66, complete=false, dueDate=2023-12-30)
Hibernate: 
    insert 
    into
        tbl_todo
        (complete, content, due_date, title) 
    values
        (?, ?, ?, ?) 
    returning tno
2024-08-19T16:06:35.817+09:00  INFO 4316 --- [apiserver] [    Test worker] o.z.a.repository.TodoRepositoryTests     : Todo(tno=679, title=Title..67, content=Content...67, complete=false, dueDate=2023-12-30)
Hibernate: 
    insert 
    into
        tbl_todo
        (complete, content, due_date, title) 
    values
        (?, ?, ?, ?) 
    returning tno
2024-08-19T16:06:35.823+09:00  INFO 4316 --- [apiserver] [    Test worker] o.z.a.repository.TodoRepositoryTests     : Todo(tno=680, title=Title..68, content=Content...68, complete=false, dueDate=2023-12-30)
Hibernate: 
    insert 
    into
        tbl_todo
        (complete, content, due_date, title) 
    values
        (?, ?, ?, ?) 
    returning tno
2024-08-19T16:06:35.827+09:00  INFO 4316 --- [apiserver] [    Test worker] o.z.a.repository.TodoRepositoryTests     : Todo(tno=681, title=Title..69, content=Content...69, complete=false, dueDate=2023-12-30)
Hibernate: 
    insert 
    into
        tbl_todo
        (complete, content, due_date, title) 
    values
        (?, ?, ?, ?) 
    returning tno
2024-08-19T16:06:35.831+09:00  INFO 4316 --- [apiserver] [    Test worker] o.z.a.repository.TodoRepositoryTests     : Todo(tno=682, title=Title..70, content=Content...70, complete=false, dueDate=2023-12-30)
Hibernate: 
    insert 
    into
        tbl_todo
        (complete, content, due_date, title) 
    values
        (?, ?, ?, ?) 
    returning tno
2024-08-19T16:06:35.836+09:00  INFO 4316 --- [apiserver] [    Test worker] o.z.a.repository.TodoRepositoryTests     : Todo(tno=683, title=Title..71, content=Content...71, complete=false, dueDate=2023-12-30)
Hibernate: 
    insert 
    into
        tbl_todo
        (complete, content, due_date, title) 
    values
        (?, ?, ?, ?) 
    returning tno
2024-08-19T16:06:35.840+09:00  INFO 4316 --- [apiserver] [    Test worker] o.z.a.repository.TodoRepositoryTests     : Todo(tno=684, title=Title..72, content=Content...72, complete=false, dueDate=2023-12-30)
Hibernate: 
    insert 
    into
        tbl_todo
        (complete, content, due_date, title) 
    values
        (?, ?, ?, ?) 
    returning tno
2024-08-19T16:06:35.844+09:00  INFO 4316 --- [apiserver] [    Test worker] o.z.a.repository.TodoRepositoryTests     : Todo(tno=685, title=Title..73, content=Content...73, complete=false, dueDate=2023-12-30)
Hibernate: 
    insert 
    into
        tbl_todo
        (complete, content, due_date, title) 
    values
        (?, ?, ?, ?) 
    returning tno
2024-08-19T16:06:35.849+09:00  INFO 4316 --- [apiserver] [    Test worker] o.z.a.repository.TodoRepositoryTests     : Todo(tno=686, title=Title..74, content=Content...74, complete=false, dueDate=2023-12-30)
Hibernate: 
    insert 
    into
        tbl_todo
        (complete, content, due_date, title) 
    values
        (?, ?, ?, ?) 
    returning tno
2024-08-19T16:06:35.853+09:00  INFO 4316 --- [apiserver] [    Test worker] o.z.a.repository.TodoRepositoryTests     : Todo(tno=687, title=Title..75, content=Content...75, complete=false, dueDate=2023-12-30)
Hibernate: 
    insert 
    into
        tbl_todo
        (complete, content, due_date, title) 
    values
        (?, ?, ?, ?) 
    returning tno
2024-08-19T16:06:35.857+09:00  INFO 4316 --- [apiserver] [    Test worker] o.z.a.repository.TodoRepositoryTests     : Todo(tno=688, title=Title..76, content=Content...76, complete=false, dueDate=2023-12-30)
Hibernate: 
    insert 
    into
        tbl_todo
        (complete, content, due_date, title) 
    values
        (?, ?, ?, ?) 
    returning tno
2024-08-19T16:06:35.861+09:00  INFO 4316 --- [apiserver] [    Test worker] o.z.a.repository.TodoRepositoryTests     : Todo(tno=689, title=Title..77, content=Content...77, complete=false, dueDate=2023-12-30)
Hibernate: 
    insert 
    into
        tbl_todo
        (complete, content, due_date, title) 
    values
        (?, ?, ?, ?) 
    returning tno
2024-08-19T16:06:35.866+09:00  INFO 4316 --- [apiserver] [    Test worker] o.z.a.repository.TodoRepositoryTests     : Todo(tno=690, title=Title..78, content=Content...78, complete=false, dueDate=2023-12-30)
Hibernate: 
    insert 
    into
        tbl_todo
        (complete, content, due_date, title) 
    values
        (?, ?, ?, ?) 
    returning tno
2024-08-19T16:06:35.870+09:00  INFO 4316 --- [apiserver] [    Test worker] o.z.a.repository.TodoRepositoryTests     : Todo(tno=691, title=Title..79, content=Content...79, complete=false, dueDate=2023-12-30)
Hibernate: 
    insert 
    into
        tbl_todo
        (complete, content, due_date, title) 
    values
        (?, ?, ?, ?) 
    returning tno
2024-08-19T16:06:35.874+09:00  INFO 4316 --- [apiserver] [    Test worker] o.z.a.repository.TodoRepositoryTests     : Todo(tno=692, title=Title..80, content=Content...80, complete=false, dueDate=2023-12-30)
Hibernate: 
    insert 
    into
        tbl_todo
        (complete, content, due_date, title) 
    values
        (?, ?, ?, ?) 
    returning tno
2024-08-19T16:06:35.878+09:00  INFO 4316 --- [apiserver] [    Test worker] o.z.a.repository.TodoRepositoryTests     : Todo(tno=693, title=Title..81, content=Content...81, complete=false, dueDate=2023-12-30)
Hibernate: 
    insert 
    into
        tbl_todo
        (complete, content, due_date, title) 
    values
        (?, ?, ?, ?) 
    returning tno
2024-08-19T16:06:35.882+09:00  INFO 4316 --- [apiserver] [    Test worker] o.z.a.repository.TodoRepositoryTests     : Todo(tno=694, title=Title..82, content=Content...82, complete=false, dueDate=2023-12-30)
Hibernate: 
    insert 
    into
        tbl_todo
        (complete, content, due_date, title) 
    values
        (?, ?, ?, ?) 
    returning tno
2024-08-19T16:06:35.886+09:00  INFO 4316 --- [apiserver] [    Test worker] o.z.a.repository.TodoRepositoryTests     : Todo(tno=695, title=Title..83, content=Content...83, complete=false, dueDate=2023-12-30)
Hibernate: 
    insert 
    into
        tbl_todo
        (complete, content, due_date, title) 
    values
        (?, ?, ?, ?) 
    returning tno
2024-08-19T16:06:35.890+09:00  INFO 4316 --- [apiserver] [    Test worker] o.z.a.repository.TodoRepositoryTests     : Todo(tno=696, title=Title..84, content=Content...84, complete=false, dueDate=2023-12-30)
Hibernate: 
    insert 
    into
        tbl_todo
        (complete, content, due_date, title) 
    values
        (?, ?, ?, ?) 
    returning tno
2024-08-19T16:06:35.895+09:00  INFO 4316 --- [apiserver] [    Test worker] o.z.a.repository.TodoRepositoryTests     : Todo(tno=697, title=Title..85, content=Content...85, complete=false, dueDate=2023-12-30)
Hibernate: 
    insert 
    into
        tbl_todo
        (complete, content, due_date, title) 
    values
        (?, ?, ?, ?) 
    returning tno
2024-08-19T16:06:35.899+09:00  INFO 4316 --- [apiserver] [    Test worker] o.z.a.repository.TodoRepositoryTests     : Todo(tno=698, title=Title..86, content=Content...86, complete=false, dueDate=2023-12-30)
Hibernate: 
    insert 
    into
        tbl_todo
        (complete, content, due_date, title) 
    values
        (?, ?, ?, ?) 
    returning tno
2024-08-19T16:06:35.904+09:00  INFO 4316 --- [apiserver] [    Test worker] o.z.a.repository.TodoRepositoryTests     : Todo(tno=699, title=Title..87, content=Content...87, complete=false, dueDate=2023-12-30)
Hibernate: 
    insert 
    into
        tbl_todo
        (complete, content, due_date, title) 
    values
        (?, ?, ?, ?) 
    returning tno
2024-08-19T16:06:35.908+09:00  INFO 4316 --- [apiserver] [    Test worker] o.z.a.repository.TodoRepositoryTests     : Todo(tno=700, title=Title..88, content=Content...88, complete=false, dueDate=2023-12-30)
Hibernate: 
    insert 
    into
        tbl_todo
        (complete, content, due_date, title) 
    values
        (?, ?, ?, ?) 
    returning tno
2024-08-19T16:06:35.913+09:00  INFO 4316 --- [apiserver] [    Test worker] o.z.a.repository.TodoRepositoryTests     : Todo(tno=701, title=Title..89, content=Content...89, complete=false, dueDate=2023-12-30)
Hibernate: 
    insert 
    into
        tbl_todo
        (complete, content, due_date, title) 
    values
        (?, ?, ?, ?) 
    returning tno
2024-08-19T16:06:35.920+09:00  INFO 4316 --- [apiserver] [    Test worker] o.z.a.repository.TodoRepositoryTests     : Todo(tno=702, title=Title..90, content=Content...90, complete=false, dueDate=2023-12-30)
Hibernate: 
    insert 
    into
        tbl_todo
        (complete, content, due_date, title) 
    values
        (?, ?, ?, ?) 
    returning tno
2024-08-19T16:06:35.925+09:00  INFO 4316 --- [apiserver] [    Test worker] o.z.a.repository.TodoRepositoryTests     : Todo(tno=703, title=Title..91, content=Content...91, complete=false, dueDate=2023-12-30)
Hibernate: 
    insert 
    into
        tbl_todo
        (complete, content, due_date, title) 
    values
        (?, ?, ?, ?) 
    returning tno
2024-08-19T16:06:35.930+09:00  INFO 4316 --- [apiserver] [    Test worker] o.z.a.repository.TodoRepositoryTests     : Todo(tno=704, title=Title..92, content=Content...92, complete=false, dueDate=2023-12-30)
Hibernate: 
    insert 
    into
        tbl_todo
        (complete, content, due_date, title) 
    values
        (?, ?, ?, ?) 
    returning tno
2024-08-19T16:06:35.935+09:00  INFO 4316 --- [apiserver] [    Test worker] o.z.a.repository.TodoRepositoryTests     : Todo(tno=705, title=Title..93, content=Content...93, complete=false, dueDate=2023-12-30)
Hibernate: 
    insert 
    into
        tbl_todo
        (complete, content, due_date, title) 
    values
        (?, ?, ?, ?) 
    returning tno
2024-08-19T16:06:35.939+09:00  INFO 4316 --- [apiserver] [    Test worker] o.z.a.repository.TodoRepositoryTests     : Todo(tno=706, title=Title..94, content=Content...94, complete=false, dueDate=2023-12-30)
Hibernate: 
    insert 
    into
        tbl_todo
        (complete, content, due_date, title) 
    values
        (?, ?, ?, ?) 
    returning tno
2024-08-19T16:06:35.945+09:00  INFO 4316 --- [apiserver] [    Test worker] o.z.a.repository.TodoRepositoryTests     : Todo(tno=707, title=Title..95, content=Content...95, complete=false, dueDate=2023-12-30)
Hibernate: 
    insert 
    into
        tbl_todo
        (complete, content, due_date, title) 
    values
        (?, ?, ?, ?) 
    returning tno
2024-08-19T16:06:35.950+09:00  INFO 4316 --- [apiserver] [    Test worker] o.z.a.repository.TodoRepositoryTests     : Todo(tno=708, title=Title..96, content=Content...96, complete=false, dueDate=2023-12-30)
Hibernate: 
    insert 
    into
        tbl_todo
        (complete, content, due_date, title) 
    values
        (?, ?, ?, ?) 
    returning tno
2024-08-19T16:06:35.954+09:00  INFO 4316 --- [apiserver] [    Test worker] o.z.a.repository.TodoRepositoryTests     : Todo(tno=709, title=Title..97, content=Content...97, complete=false, dueDate=2023-12-30)
Hibernate: 
    insert 
    into
        tbl_todo
        (complete, content, due_date, title) 
    values
        (?, ?, ?, ?) 
    returning tno
2024-08-19T16:06:35.958+09:00  INFO 4316 --- [apiserver] [    Test worker] o.z.a.repository.TodoRepositoryTests     : Todo(tno=710, title=Title..98, content=Content...98, complete=false, dueDate=2023-12-30)
Hibernate: 
    insert 
    into
        tbl_todo
        (complete, content, due_date, title) 
    values
        (?, ?, ?, ?) 
    returning tno
2024-08-19T16:06:35.963+09:00  INFO 4316 --- [apiserver] [    Test worker] o.z.a.repository.TodoRepositoryTests     : Todo(tno=711, title=Title..99, content=Content...99, complete=false, dueDate=2023-12-30)
Hibernate: 
    select
        t1_0.tno,
        t1_0.complete,
        t1_0.content,
        t1_0.due_date,
        t1_0.title 
    from
        tbl_todo t1_0 
    order by
        t1_0.tno desc 
    limit
        ?, ?
Hibernate: 
    select
        count(t1_0.tno) 
    from
        tbl_todo t1_0
2024-08-19T16:06:35.983+09:00  INFO 4316 --- [apiserver] [    Test worker] o.z.a.repository.TodoRepositoryTests     : 708
2024-08-19T16:06:35.983+09:00  INFO 4316 --- [apiserver] [    Test worker] o.z.a.repository.TodoRepositoryTests     : [Todo(tno=711, title=Title..99, content=Content...99, complete=false, dueDate=2023-12-30), Todo(tno=710, title=Title..98, content=Content...98, complete=false, dueDate=2023-12-30), Todo(tno=709, title=Title..97, content=Content...97, complete=false, dueDate=2023-12-30), Todo(tno=708, title=Title..96, content=Content...96, complete=false, dueDate=2023-12-30), Todo(tno=707, title=Title..95, content=Content...95, complete=false, dueDate=2023-12-30), Todo(tno=706, title=Title..94, content=Content...94, complete=false, dueDate=2023-12-30), Todo(tno=705, title=Title..93, content=Content...93, complete=false, dueDate=2023-12-30), Todo(tno=704, title=Title..92, content=Content...92, complete=false, dueDate=2023-12-30), Todo(tno=703, title=Title..91, content=Content...91, complete=false, dueDate=2023-12-30), Todo(tno=702, title=Title..90, content=Content...90, complete=false, dueDate=2023-12-30)]
Hibernate: 
    select
        t1_0.tno,
        t1_0.complete,
        t1_0.content,
        t1_0.due_date,
        t1_0.title 
    from
        tbl_todo t1_0 
    where
        t1_0.tno=?
Hibernate: 
    select
        t1_0.tno,
        t1_0.complete,
        t1_0.content,
        t1_0.due_date,
        t1_0.title 
    from
        tbl_todo t1_0 
    where
        t1_0.tno=?
]]></system-out>
  <system-err><![CDATA[]]></system-err>
</testsuite>
