<?xml version="1.0" encoding="UTF-8"?>
<testsuite name="org.zerock.apiserver.service.TodoServiceTests" tests="1" skipped="0" failures="0" errors="0" timestamp="2024-08-02T03:37:42" hostname="DESKTOP-G6GID5V" time="1.136">
  <properties/>
  <testcase name="testGet()" classname="org.zerock.apiserver.service.TodoServiceTests" time="1.136"/>
  <system-out><![CDATA[12:37:34.426 [Test worker] INFO org.springframework.test.context.support.AnnotationConfigContextLoaderUtils -- Could not detect default configuration classes for test class [org.zerock.apiserver.service.TodoServiceTests]: TodoServiceTests does not declare any static, non-private, non-final, nested classes annotated with @Configuration.
12:37:34.615 [Test worker] INFO org.springframework.boot.test.context.SpringBootTestContextBootstrapper -- Found @SpringBootConfiguration org.zerock.apiserver.ApiserverApplication for test class org.zerock.apiserver.service.TodoServiceTests

  .   ____          _            __ _ _
 /\\ / ___'_ __ _ _(_)_ __  __ _ \ \ \ \
( ( )\___ | '_ | '_| | '_ \/ _` | \ \ \ \
 \\/  ___)| |_)| | | | | || (_| |  ) ) ) )
  '  |____| .__|_| |_|_| |_\__, | / / / /
 =========|_|==============|___/=/_/_/_/

 :: Spring Boot ::                (v3.3.2)

2024-08-02T12:37:35.366+09:00  INFO 19080 --- [apiserver] [    Test worker] o.z.apiserver.service.TodoServiceTests   : Starting TodoServiceTests using Java 17.0.9 with PID 19080 (started by Hwa Jin.Song in D:\study\my-study\backend\mall_project_study)
2024-08-02T12:37:35.369+09:00  INFO 19080 --- [apiserver] [    Test worker] o.z.apiserver.service.TodoServiceTests   : No active profile set, falling back to 1 default profile: "default"
2024-08-02T12:37:36.557+09:00  INFO 19080 --- [apiserver] [    Test worker] .s.d.r.c.RepositoryConfigurationDelegate : Bootstrapping Spring Data JPA repositories in DEFAULT mode.
2024-08-02T12:37:36.694+09:00  INFO 19080 --- [apiserver] [    Test worker] .s.d.r.c.RepositoryConfigurationDelegate : Finished Spring Data repository scanning in 118 ms. Found 1 JPA repository interface.
2024-08-02T12:37:37.507+09:00 DEBUG 19080 --- [apiserver] [    Test worker] com.zaxxer.hikari.HikariConfig           : Driver class org.mariadb.jdbc.Driver found in Thread context class loader jdk.internal.loader.ClassLoaders$AppClassLoader@70dea4e
2024-08-02T12:37:37.747+09:00  INFO 19080 --- [apiserver] [    Test worker] o.hibernate.jpa.internal.util.LogHelper  : HHH000204: Processing PersistenceUnitInfo [name: default]
2024-08-02T12:37:37.889+09:00  INFO 19080 --- [apiserver] [    Test worker] org.hibernate.Version                    : HHH000412: Hibernate ORM core version 6.5.2.Final
2024-08-02T12:37:37.982+09:00  INFO 19080 --- [apiserver] [    Test worker] o.h.c.internal.RegionFactoryInitiator    : HHH000026: Second-level cache disabled
2024-08-02T12:37:38.735+09:00  INFO 19080 --- [apiserver] [    Test worker] o.s.o.j.p.SpringPersistenceUnitInfo      : No LoadTimeWeaver setup: ignoring JPA class transformer
2024-08-02T12:37:38.796+09:00 DEBUG 19080 --- [apiserver] [    Test worker] com.zaxxer.hikari.HikariConfig           : HikariPool-1 - configuration:
2024-08-02T12:37:38.803+09:00 DEBUG 19080 --- [apiserver] [    Test worker] com.zaxxer.hikari.HikariConfig           : allowPoolSuspension.............false
2024-08-02T12:37:38.805+09:00 DEBUG 19080 --- [apiserver] [    Test worker] com.zaxxer.hikari.HikariConfig           : autoCommit......................true
2024-08-02T12:37:38.805+09:00 DEBUG 19080 --- [apiserver] [    Test worker] com.zaxxer.hikari.HikariConfig           : catalog.........................none
2024-08-02T12:37:38.806+09:00 DEBUG 19080 --- [apiserver] [    Test worker] com.zaxxer.hikari.HikariConfig           : connectionInitSql...............none
2024-08-02T12:37:38.808+09:00 DEBUG 19080 --- [apiserver] [    Test worker] com.zaxxer.hikari.HikariConfig           : connectionTestQuery.............none
2024-08-02T12:37:38.808+09:00 DEBUG 19080 --- [apiserver] [    Test worker] com.zaxxer.hikari.HikariConfig           : connectionTimeout...............30000
2024-08-02T12:37:38.808+09:00 DEBUG 19080 --- [apiserver] [    Test worker] com.zaxxer.hikari.HikariConfig           : dataSource......................none
2024-08-02T12:37:38.809+09:00 DEBUG 19080 --- [apiserver] [    Test worker] com.zaxxer.hikari.HikariConfig           : dataSourceClassName.............none
2024-08-02T12:37:38.810+09:00 DEBUG 19080 --- [apiserver] [    Test worker] com.zaxxer.hikari.HikariConfig           : dataSourceJNDI..................none
2024-08-02T12:37:38.811+09:00 DEBUG 19080 --- [apiserver] [    Test worker] com.zaxxer.hikari.HikariConfig           : dataSourceProperties............{password=<masked>}
2024-08-02T12:37:38.813+09:00 DEBUG 19080 --- [apiserver] [    Test worker] com.zaxxer.hikari.HikariConfig           : driverClassName................."org.mariadb.jdbc.Driver"
2024-08-02T12:37:38.814+09:00 DEBUG 19080 --- [apiserver] [    Test worker] com.zaxxer.hikari.HikariConfig           : exceptionOverrideClassName......none
2024-08-02T12:37:38.814+09:00 DEBUG 19080 --- [apiserver] [    Test worker] com.zaxxer.hikari.HikariConfig           : healthCheckProperties...........{}
2024-08-02T12:37:38.815+09:00 DEBUG 19080 --- [apiserver] [    Test worker] com.zaxxer.hikari.HikariConfig           : healthCheckRegistry.............none
2024-08-02T12:37:38.816+09:00 DEBUG 19080 --- [apiserver] [    Test worker] com.zaxxer.hikari.HikariConfig           : idleTimeout.....................600000
2024-08-02T12:37:38.817+09:00 DEBUG 19080 --- [apiserver] [    Test worker] com.zaxxer.hikari.HikariConfig           : initializationFailTimeout.......1
2024-08-02T12:37:38.818+09:00 DEBUG 19080 --- [apiserver] [    Test worker] com.zaxxer.hikari.HikariConfig           : isolateInternalQueries..........false
2024-08-02T12:37:38.819+09:00 DEBUG 19080 --- [apiserver] [    Test worker] com.zaxxer.hikari.HikariConfig           : jdbcUrl.........................jdbc:mariadb://localhost:3306/apidb
2024-08-02T12:37:38.820+09:00 DEBUG 19080 --- [apiserver] [    Test worker] com.zaxxer.hikari.HikariConfig           : keepaliveTime...................0
2024-08-02T12:37:38.821+09:00 DEBUG 19080 --- [apiserver] [    Test worker] com.zaxxer.hikari.HikariConfig           : leakDetectionThreshold..........0
2024-08-02T12:37:38.821+09:00 DEBUG 19080 --- [apiserver] [    Test worker] com.zaxxer.hikari.HikariConfig           : maxLifetime.....................1800000
2024-08-02T12:37:38.826+09:00 DEBUG 19080 --- [apiserver] [    Test worker] com.zaxxer.hikari.HikariConfig           : maximumPoolSize.................10
2024-08-02T12:37:38.827+09:00 DEBUG 19080 --- [apiserver] [    Test worker] com.zaxxer.hikari.HikariConfig           : metricRegistry..................none
2024-08-02T12:37:38.827+09:00 DEBUG 19080 --- [apiserver] [    Test worker] com.zaxxer.hikari.HikariConfig           : metricsTrackerFactory...........none
2024-08-02T12:37:38.828+09:00 DEBUG 19080 --- [apiserver] [    Test worker] com.zaxxer.hikari.HikariConfig           : minimumIdle.....................10
2024-08-02T12:37:38.829+09:00 DEBUG 19080 --- [apiserver] [    Test worker] com.zaxxer.hikari.HikariConfig           : password........................<masked>
2024-08-02T12:37:38.829+09:00 DEBUG 19080 --- [apiserver] [    Test worker] com.zaxxer.hikari.HikariConfig           : poolName........................"HikariPool-1"
2024-08-02T12:37:38.830+09:00 DEBUG 19080 --- [apiserver] [    Test worker] com.zaxxer.hikari.HikariConfig           : readOnly........................false
2024-08-02T12:37:38.831+09:00 DEBUG 19080 --- [apiserver] [    Test worker] com.zaxxer.hikari.HikariConfig           : registerMbeans..................false
2024-08-02T12:37:38.832+09:00 DEBUG 19080 --- [apiserver] [    Test worker] com.zaxxer.hikari.HikariConfig           : scheduledExecutor...............none
2024-08-02T12:37:38.832+09:00 DEBUG 19080 --- [apiserver] [    Test worker] com.zaxxer.hikari.HikariConfig           : schema..........................none
2024-08-02T12:37:38.833+09:00 DEBUG 19080 --- [apiserver] [    Test worker] com.zaxxer.hikari.HikariConfig           : threadFactory...................internal
2024-08-02T12:37:38.833+09:00 DEBUG 19080 --- [apiserver] [    Test worker] com.zaxxer.hikari.HikariConfig           : transactionIsolation............default
2024-08-02T12:37:38.833+09:00 DEBUG 19080 --- [apiserver] [    Test worker] com.zaxxer.hikari.HikariConfig           : username........................"apidbuser"
2024-08-02T12:37:38.833+09:00 DEBUG 19080 --- [apiserver] [    Test worker] com.zaxxer.hikari.HikariConfig           : validationTimeout...............5000
2024-08-02T12:37:38.834+09:00  INFO 19080 --- [apiserver] [    Test worker] com.zaxxer.hikari.HikariDataSource       : HikariPool-1 - Starting...
2024-08-02T12:37:39.069+09:00  INFO 19080 --- [apiserver] [    Test worker] com.zaxxer.hikari.pool.HikariPool        : HikariPool-1 - Added connection org.mariadb.jdbc.Connection@1f9a7684
2024-08-02T12:37:39.073+09:00  INFO 19080 --- [apiserver] [    Test worker] com.zaxxer.hikari.HikariDataSource       : HikariPool-1 - Start completed.
2024-08-02T12:37:39.174+09:00 DEBUG 19080 --- [apiserver] [l-1 housekeeper] com.zaxxer.hikari.pool.HikariPool        : HikariPool-1 - Pool stats (total=1, active=1, idle=0, waiting=0)
2024-08-02T12:37:39.179+09:00 DEBUG 19080 --- [apiserver] [onnection adder] com.zaxxer.hikari.pool.HikariPool        : HikariPool-1 - Added connection org.mariadb.jdbc.Connection@38724d6
2024-08-02T12:37:39.219+09:00 DEBUG 19080 --- [apiserver] [onnection adder] com.zaxxer.hikari.pool.HikariPool        : HikariPool-1 - After adding stats (total=2, active=1, idle=1, waiting=0)
2024-08-02T12:37:39.223+09:00 DEBUG 19080 --- [apiserver] [onnection adder] com.zaxxer.hikari.pool.HikariPool        : HikariPool-1 - Added connection org.mariadb.jdbc.Connection@561e578e
2024-08-02T12:37:39.233+09:00 DEBUG 19080 --- [apiserver] [    Test worker] o.h.t.d.sql.spi.DdlTypeRegistry          : addDescriptor(12, org.hibernate.type.descriptor.sql.internal.CapacityDependentDdlType@574ebdaf) replaced previous registration(org.hibernate.type.descriptor.sql.internal.CapacityDependentDdlType@33f349ae)
2024-08-02T12:37:39.234+09:00 DEBUG 19080 --- [apiserver] [    Test worker] o.h.t.d.sql.spi.DdlTypeRegistry          : addDescriptor(-9, org.hibernate.type.descriptor.sql.internal.CapacityDependentDdlType@377e573a) replaced previous registration(org.hibernate.type.descriptor.sql.internal.CapacityDependentDdlType@76db9048)
2024-08-02T12:37:39.234+09:00 DEBUG 19080 --- [apiserver] [    Test worker] o.h.t.d.sql.spi.DdlTypeRegistry          : addDescriptor(-3, org.hibernate.type.descriptor.sql.internal.CapacityDependentDdlType@54daf8f9) replaced previous registration(org.hibernate.type.descriptor.sql.internal.CapacityDependentDdlType@7d4d65f5)
2024-08-02T12:37:39.236+09:00 DEBUG 19080 --- [apiserver] [    Test worker] o.h.t.d.sql.spi.DdlTypeRegistry          : addDescriptor(4003, org.hibernate.type.descriptor.sql.internal.DdlTypeImpl@38cf3ae1) replaced previous registration(org.hibernate.type.descriptor.sql.internal.DdlTypeImpl@123ca460)
2024-08-02T12:37:39.236+09:00 DEBUG 19080 --- [apiserver] [    Test worker] o.h.t.d.sql.spi.DdlTypeRegistry          : addDescriptor(4001, org.hibernate.type.descriptor.sql.internal.DdlTypeImpl@11228bee) replaced previous registration(org.hibernate.type.descriptor.sql.internal.DdlTypeImpl@7d626f2)
2024-08-02T12:37:39.237+09:00 DEBUG 19080 --- [apiserver] [    Test worker] o.h.t.d.sql.spi.DdlTypeRegistry          : addDescriptor(4002, org.hibernate.type.descriptor.sql.internal.DdlTypeImpl@460f1cdb) replaced previous registration(org.hibernate.type.descriptor.sql.internal.DdlTypeImpl@31e7afde)
2024-08-02T12:37:39.237+09:00 DEBUG 19080 --- [apiserver] [    Test worker] o.h.t.d.sql.spi.DdlTypeRegistry          : addDescriptor(2004, org.hibernate.type.descriptor.sql.internal.CapacityDependentDdlType@349f3ff7) replaced previous registration(org.hibernate.type.descriptor.sql.internal.DdlTypeImpl@2487e20)
2024-08-02T12:37:39.238+09:00 DEBUG 19080 --- [apiserver] [    Test worker] o.h.t.d.sql.spi.DdlTypeRegistry          : addDescriptor(2005, org.hibernate.type.descriptor.sql.internal.CapacityDependentDdlType@3c9f4376) replaced previous registration(org.hibernate.type.descriptor.sql.internal.DdlTypeImpl@308a9264)
2024-08-02T12:37:39.240+09:00 DEBUG 19080 --- [apiserver] [    Test worker] o.h.t.d.sql.spi.DdlTypeRegistry          : addDescriptor(2011, org.hibernate.type.descriptor.sql.internal.CapacityDependentDdlType@7da77305) replaced previous registration(org.hibernate.type.descriptor.sql.internal.DdlTypeImpl@3cdfbbef)
2024-08-02T12:37:39.266+09:00 DEBUG 19080 --- [apiserver] [onnection adder] com.zaxxer.hikari.pool.HikariPool        : HikariPool-1 - After adding stats (total=3, active=0, idle=3, waiting=0)
2024-08-02T12:37:39.270+09:00 DEBUG 19080 --- [apiserver] [onnection adder] com.zaxxer.hikari.pool.HikariPool        : HikariPool-1 - Added connection org.mariadb.jdbc.Connection@1a36a53b
2024-08-02T12:37:39.314+09:00 DEBUG 19080 --- [apiserver] [onnection adder] com.zaxxer.hikari.pool.HikariPool        : HikariPool-1 - After adding stats (total=4, active=0, idle=4, waiting=0)
2024-08-02T12:37:39.317+09:00 DEBUG 19080 --- [apiserver] [onnection adder] com.zaxxer.hikari.pool.HikariPool        : HikariPool-1 - Added connection org.mariadb.jdbc.Connection@4def9c5d
2024-08-02T12:37:39.359+09:00 DEBUG 19080 --- [apiserver] [onnection adder] com.zaxxer.hikari.pool.HikariPool        : HikariPool-1 - After adding stats (total=5, active=0, idle=5, waiting=0)
2024-08-02T12:37:39.364+09:00 DEBUG 19080 --- [apiserver] [onnection adder] com.zaxxer.hikari.pool.HikariPool        : HikariPool-1 - Added connection org.mariadb.jdbc.Connection@4b99edaa
2024-08-02T12:37:39.407+09:00 DEBUG 19080 --- [apiserver] [onnection adder] com.zaxxer.hikari.pool.HikariPool        : HikariPool-1 - After adding stats (total=6, active=0, idle=6, waiting=0)
2024-08-02T12:37:39.412+09:00 DEBUG 19080 --- [apiserver] [onnection adder] com.zaxxer.hikari.pool.HikariPool        : HikariPool-1 - Added connection org.mariadb.jdbc.Connection@748e056
2024-08-02T12:37:39.454+09:00 DEBUG 19080 --- [apiserver] [onnection adder] com.zaxxer.hikari.pool.HikariPool        : HikariPool-1 - After adding stats (total=7, active=0, idle=7, waiting=0)
2024-08-02T12:37:39.460+09:00 DEBUG 19080 --- [apiserver] [onnection adder] com.zaxxer.hikari.pool.HikariPool        : HikariPool-1 - Added connection org.mariadb.jdbc.Connection@5f350dfe
2024-08-02T12:37:39.500+09:00 DEBUG 19080 --- [apiserver] [onnection adder] com.zaxxer.hikari.pool.HikariPool        : HikariPool-1 - After adding stats (total=8, active=0, idle=8, waiting=0)
2024-08-02T12:37:39.504+09:00 DEBUG 19080 --- [apiserver] [onnection adder] com.zaxxer.hikari.pool.HikariPool        : HikariPool-1 - Added connection org.mariadb.jdbc.Connection@34904654
2024-08-02T12:37:39.546+09:00 DEBUG 19080 --- [apiserver] [onnection adder] com.zaxxer.hikari.pool.HikariPool        : HikariPool-1 - After adding stats (total=9, active=0, idle=9, waiting=0)
2024-08-02T12:37:39.550+09:00 DEBUG 19080 --- [apiserver] [onnection adder] com.zaxxer.hikari.pool.HikariPool        : HikariPool-1 - Added connection org.mariadb.jdbc.Connection@2f9574ce
2024-08-02T12:37:39.592+09:00 DEBUG 19080 --- [apiserver] [onnection adder] com.zaxxer.hikari.pool.HikariPool        : HikariPool-1 - After adding stats (total=10, active=0, idle=10, waiting=0)
2024-08-02T12:37:39.592+09:00 DEBUG 19080 --- [apiserver] [onnection adder] com.zaxxer.hikari.pool.HikariPool        : HikariPool-1 - Connection not added, stats (total=10, active=0, idle=10, waiting=0)
2024-08-02T12:37:40.914+09:00  INFO 19080 --- [apiserver] [    Test worker] o.h.e.t.j.p.i.JtaPlatformInitiator       : HHH000489: No JTA platform available (set 'hibernate.transaction.jta.platform' to enable JTA platform integration)
2024-08-02T12:37:40.985+09:00  INFO 19080 --- [apiserver] [    Test worker] j.LocalContainerEntityManagerFactoryBean : Initialized JPA EntityManagerFactory for persistence unit 'default'
2024-08-02T12:37:41.957+09:00  WARN 19080 --- [apiserver] [    Test worker] JpaBaseConfiguration$JpaWebConfiguration : spring.jpa.open-in-view is enabled by default. Therefore, database queries may be performed during view rendering. Explicitly configure spring.jpa.open-in-view to disable this warning
2024-08-02T12:37:42.863+09:00  INFO 19080 --- [apiserver] [    Test worker] o.z.apiserver.service.TodoServiceTests   : Started TodoServiceTests in 7.893 seconds (process running for 9.813)
Hibernate: 
    select
        t1_0.tno,
        t1_0.complete,
        t1_0.content,
        t1_0.due_date,
        t1_0.title 
    from
        tbl_todo t1_0 
    where
        t1_0.tno=?
2024-08-02T12:37:44.007+09:00  INFO 19080 --- [apiserver] [    Test worker] o.z.apiserver.service.TodoServiceTests   : TodoDTO(tno=50, title=Title..48, content=Content...48, complete=false, dueDate=2023-12-30)
]]></system-out>
  <system-err><![CDATA[]]></system-err>
</testsuite>
