<?xml version="1.0" encoding="UTF-8"?>
<testsuite name="org.zerock.apiserver.ApiserverApplicationTests" tests="1" skipped="0" failures="0" errors="0" timestamp="2024-08-19T07:06:34" hostname="DESKTOP-G6GID5V" time="0.647">
  <properties/>
  <testcase name="contextLoads()" classname="org.zerock.apiserver.ApiserverApplicationTests" time="0.647"/>
  <system-out><![CDATA[16:06:27.373 [Test worker] INFO org.springframework.test.context.support.AnnotationConfigContextLoaderUtils -- Could not detect default configuration classes for test class [org.zerock.apiserver.ApiserverApplicationTests]: ApiserverApplicationTests does not declare any static, non-private, non-final, nested classes annotated with @Configuration.
16:06:27.716 [Test worker] INFO org.springframework.boot.test.context.SpringBootTestContextBootstrapper -- Found @SpringBootConfiguration org.zerock.apiserver.ApiserverApplication for test class org.zerock.apiserver.ApiserverApplicationTests

  .   ____          _            __ _ _
 /\\ / ___'_ __ _ _(_)_ __  __ _ \ \ \ \
( ( )\___ | '_ | '_| | '_ \/ _` | \ \ \ \
 \\/  ___)| |_)| | | | | || (_| |  ) ) ) )
  '  |____| .__|_| |_|_| |_\__, | / / / /
 =========|_|==============|___/=/_/_/_/

 :: Spring Boot ::                (v3.3.2)

2024-08-19T16:06:28.441+09:00  INFO 4316 --- [apiserver] [    Test worker] o.z.apiserver.ApiserverApplicationTests  : Starting ApiserverApplicationTests using Java 17.0.9 with PID 4316 (started by Hwa Jin.Song in D:\study\my-study\mall_project\mall_project_study)
2024-08-19T16:06:28.444+09:00  INFO 4316 --- [apiserver] [    Test worker] o.z.apiserver.ApiserverApplicationTests  : No active profile set, falling back to 1 default profile: "default"
2024-08-19T16:06:29.398+09:00  INFO 4316 --- [apiserver] [    Test worker] .s.d.r.c.RepositoryConfigurationDelegate : Bootstrapping Spring Data JPA repositories in DEFAULT mode.
2024-08-19T16:06:29.495+09:00  INFO 4316 --- [apiserver] [    Test worker] .s.d.r.c.RepositoryConfigurationDelegate : Finished Spring Data repository scanning in 86 ms. Found 2 JPA repository interfaces.
2024-08-19T16:06:30.000+09:00 DEBUG 4316 --- [apiserver] [    Test worker] com.zaxxer.hikari.HikariConfig           : Driver class org.mariadb.jdbc.Driver found in Thread context class loader jdk.internal.loader.ClassLoaders$AppClassLoader@70dea4e
2024-08-19T16:06:30.169+09:00  INFO 4316 --- [apiserver] [    Test worker] o.hibernate.jpa.internal.util.LogHelper  : HHH000204: Processing PersistenceUnitInfo [name: default]
2024-08-19T16:06:30.252+09:00  INFO 4316 --- [apiserver] [    Test worker] org.hibernate.Version                    : HHH000412: Hibernate ORM core version 6.5.2.Final
2024-08-19T16:06:30.297+09:00  INFO 4316 --- [apiserver] [    Test worker] o.h.c.internal.RegionFactoryInitiator    : HHH000026: Second-level cache disabled
2024-08-19T16:06:30.710+09:00  INFO 4316 --- [apiserver] [    Test worker] o.s.o.j.p.SpringPersistenceUnitInfo      : No LoadTimeWeaver setup: ignoring JPA class transformer
2024-08-19T16:06:30.753+09:00 DEBUG 4316 --- [apiserver] [    Test worker] com.zaxxer.hikari.HikariConfig           : HikariPool-1 - configuration:
2024-08-19T16:06:30.758+09:00 DEBUG 4316 --- [apiserver] [    Test worker] com.zaxxer.hikari.HikariConfig           : allowPoolSuspension.............false
2024-08-19T16:06:30.759+09:00 DEBUG 4316 --- [apiserver] [    Test worker] com.zaxxer.hikari.HikariConfig           : autoCommit......................true
2024-08-19T16:06:30.759+09:00 DEBUG 4316 --- [apiserver] [    Test worker] com.zaxxer.hikari.HikariConfig           : catalog.........................none
2024-08-19T16:06:30.759+09:00 DEBUG 4316 --- [apiserver] [    Test worker] com.zaxxer.hikari.HikariConfig           : connectionInitSql...............none
2024-08-19T16:06:30.760+09:00 DEBUG 4316 --- [apiserver] [    Test worker] com.zaxxer.hikari.HikariConfig           : connectionTestQuery.............none
2024-08-19T16:06:30.760+09:00 DEBUG 4316 --- [apiserver] [    Test worker] com.zaxxer.hikari.HikariConfig           : connectionTimeout...............30000
2024-08-19T16:06:30.760+09:00 DEBUG 4316 --- [apiserver] [    Test worker] com.zaxxer.hikari.HikariConfig           : dataSource......................none
2024-08-19T16:06:30.760+09:00 DEBUG 4316 --- [apiserver] [    Test worker] com.zaxxer.hikari.HikariConfig           : dataSourceClassName.............none
2024-08-19T16:06:30.760+09:00 DEBUG 4316 --- [apiserver] [    Test worker] com.zaxxer.hikari.HikariConfig           : dataSourceJNDI..................none
2024-08-19T16:06:30.761+09:00 DEBUG 4316 --- [apiserver] [    Test worker] com.zaxxer.hikari.HikariConfig           : dataSourceProperties............{password=<masked>}
2024-08-19T16:06:30.761+09:00 DEBUG 4316 --- [apiserver] [    Test worker] com.zaxxer.hikari.HikariConfig           : driverClassName................."org.mariadb.jdbc.Driver"
2024-08-19T16:06:30.762+09:00 DEBUG 4316 --- [apiserver] [    Test worker] com.zaxxer.hikari.HikariConfig           : exceptionOverrideClassName......none
2024-08-19T16:06:30.762+09:00 DEBUG 4316 --- [apiserver] [    Test worker] com.zaxxer.hikari.HikariConfig           : healthCheckProperties...........{}
2024-08-19T16:06:30.762+09:00 DEBUG 4316 --- [apiserver] [    Test worker] com.zaxxer.hikari.HikariConfig           : healthCheckRegistry.............none
2024-08-19T16:06:30.762+09:00 DEBUG 4316 --- [apiserver] [    Test worker] com.zaxxer.hikari.HikariConfig           : idleTimeout.....................600000
2024-08-19T16:06:30.762+09:00 DEBUG 4316 --- [apiserver] [    Test worker] com.zaxxer.hikari.HikariConfig           : initializationFailTimeout.......1
2024-08-19T16:06:30.763+09:00 DEBUG 4316 --- [apiserver] [    Test worker] com.zaxxer.hikari.HikariConfig           : isolateInternalQueries..........false
2024-08-19T16:06:30.763+09:00 DEBUG 4316 --- [apiserver] [    Test worker] com.zaxxer.hikari.HikariConfig           : jdbcUrl.........................jdbc:mariadb://localhost:3306/apidb
2024-08-19T16:06:30.763+09:00 DEBUG 4316 --- [apiserver] [    Test worker] com.zaxxer.hikari.HikariConfig           : keepaliveTime...................0
2024-08-19T16:06:30.763+09:00 DEBUG 4316 --- [apiserver] [    Test worker] com.zaxxer.hikari.HikariConfig           : leakDetectionThreshold..........0
2024-08-19T16:06:30.764+09:00 DEBUG 4316 --- [apiserver] [    Test worker] com.zaxxer.hikari.HikariConfig           : maxLifetime.....................1800000
2024-08-19T16:06:30.764+09:00 DEBUG 4316 --- [apiserver] [    Test worker] com.zaxxer.hikari.HikariConfig           : maximumPoolSize.................10
2024-08-19T16:06:30.764+09:00 DEBUG 4316 --- [apiserver] [    Test worker] com.zaxxer.hikari.HikariConfig           : metricRegistry..................none
2024-08-19T16:06:30.764+09:00 DEBUG 4316 --- [apiserver] [    Test worker] com.zaxxer.hikari.HikariConfig           : metricsTrackerFactory...........none
2024-08-19T16:06:30.764+09:00 DEBUG 4316 --- [apiserver] [    Test worker] com.zaxxer.hikari.HikariConfig           : minimumIdle.....................10
2024-08-19T16:06:30.764+09:00 DEBUG 4316 --- [apiserver] [    Test worker] com.zaxxer.hikari.HikariConfig           : password........................<masked>
2024-08-19T16:06:30.765+09:00 DEBUG 4316 --- [apiserver] [    Test worker] com.zaxxer.hikari.HikariConfig           : poolName........................"HikariPool-1"
2024-08-19T16:06:30.765+09:00 DEBUG 4316 --- [apiserver] [    Test worker] com.zaxxer.hikari.HikariConfig           : readOnly........................false
2024-08-19T16:06:30.765+09:00 DEBUG 4316 --- [apiserver] [    Test worker] com.zaxxer.hikari.HikariConfig           : registerMbeans..................false
2024-08-19T16:06:30.765+09:00 DEBUG 4316 --- [apiserver] [    Test worker] com.zaxxer.hikari.HikariConfig           : scheduledExecutor...............none
2024-08-19T16:06:30.765+09:00 DEBUG 4316 --- [apiserver] [    Test worker] com.zaxxer.hikari.HikariConfig           : schema..........................none
2024-08-19T16:06:30.766+09:00 DEBUG 4316 --- [apiserver] [    Test worker] com.zaxxer.hikari.HikariConfig           : threadFactory...................internal
2024-08-19T16:06:30.766+09:00 DEBUG 4316 --- [apiserver] [    Test worker] com.zaxxer.hikari.HikariConfig           : transactionIsolation............default
2024-08-19T16:06:30.766+09:00 DEBUG 4316 --- [apiserver] [    Test worker] com.zaxxer.hikari.HikariConfig           : username........................"apidbuser"
2024-08-19T16:06:30.766+09:00 DEBUG 4316 --- [apiserver] [    Test worker] com.zaxxer.hikari.HikariConfig           : validationTimeout...............5000
2024-08-19T16:06:30.766+09:00  INFO 4316 --- [apiserver] [    Test worker] com.zaxxer.hikari.HikariDataSource       : HikariPool-1 - Starting...
2024-08-19T16:06:30.882+09:00  INFO 4316 --- [apiserver] [    Test worker] com.zaxxer.hikari.pool.HikariPool        : HikariPool-1 - Added connection org.mariadb.jdbc.Connection@6c830ebd
2024-08-19T16:06:30.885+09:00  INFO 4316 --- [apiserver] [    Test worker] com.zaxxer.hikari.HikariDataSource       : HikariPool-1 - Start completed.
2024-08-19T16:06:30.959+09:00 DEBUG 4316 --- [apiserver] [    Test worker] o.h.t.d.sql.spi.DdlTypeRegistry          : addDescriptor(12, org.hibernate.type.descriptor.sql.internal.CapacityDependentDdlType@7878bbdb) replaced previous registration(org.hibernate.type.descriptor.sql.internal.CapacityDependentDdlType@25f7cc38)
2024-08-19T16:06:30.960+09:00 DEBUG 4316 --- [apiserver] [    Test worker] o.h.t.d.sql.spi.DdlTypeRegistry          : addDescriptor(-9, org.hibernate.type.descriptor.sql.internal.CapacityDependentDdlType@563263a) replaced previous registration(org.hibernate.type.descriptor.sql.internal.CapacityDependentDdlType@53e28097)
2024-08-19T16:06:30.960+09:00 DEBUG 4316 --- [apiserver] [    Test worker] o.h.t.d.sql.spi.DdlTypeRegistry          : addDescriptor(-3, org.hibernate.type.descriptor.sql.internal.CapacityDependentDdlType@6e794f53) replaced previous registration(org.hibernate.type.descriptor.sql.internal.CapacityDependentDdlType@75f4d8a8)
2024-08-19T16:06:30.961+09:00 DEBUG 4316 --- [apiserver] [    Test worker] o.h.t.d.sql.spi.DdlTypeRegistry          : addDescriptor(4003, org.hibernate.type.descriptor.sql.internal.DdlTypeImpl@69ba72da) replaced previous registration(org.hibernate.type.descriptor.sql.internal.DdlTypeImpl@2e1ba142)
2024-08-19T16:06:30.962+09:00 DEBUG 4316 --- [apiserver] [    Test worker] o.h.t.d.sql.spi.DdlTypeRegistry          : addDescriptor(4001, org.hibernate.type.descriptor.sql.internal.DdlTypeImpl@abc7005) replaced previous registration(org.hibernate.type.descriptor.sql.internal.DdlTypeImpl@595ec862)
2024-08-19T16:06:30.962+09:00 DEBUG 4316 --- [apiserver] [    Test worker] o.h.t.d.sql.spi.DdlTypeRegistry          : addDescriptor(4002, org.hibernate.type.descriptor.sql.internal.DdlTypeImpl@63c84d31) replaced previous registration(org.hibernate.type.descriptor.sql.internal.DdlTypeImpl@102af1bb)
2024-08-19T16:06:30.962+09:00 DEBUG 4316 --- [apiserver] [    Test worker] o.h.t.d.sql.spi.DdlTypeRegistry          : addDescriptor(2004, org.hibernate.type.descriptor.sql.internal.CapacityDependentDdlType@797f97e3) replaced previous registration(org.hibernate.type.descriptor.sql.internal.DdlTypeImpl@56cd5d76)
2024-08-19T16:06:30.963+09:00 DEBUG 4316 --- [apiserver] [    Test worker] o.h.t.d.sql.spi.DdlTypeRegistry          : addDescriptor(2005, org.hibernate.type.descriptor.sql.internal.CapacityDependentDdlType@77cd235b) replaced previous registration(org.hibernate.type.descriptor.sql.internal.DdlTypeImpl@302da330)
2024-08-19T16:06:30.963+09:00 DEBUG 4316 --- [apiserver] [    Test worker] o.h.t.d.sql.spi.DdlTypeRegistry          : addDescriptor(2011, org.hibernate.type.descriptor.sql.internal.CapacityDependentDdlType@3568ea59) replaced previous registration(org.hibernate.type.descriptor.sql.internal.DdlTypeImpl@9f2376f)
2024-08-19T16:06:30.990+09:00 DEBUG 4316 --- [apiserver] [l-1 housekeeper] com.zaxxer.hikari.pool.HikariPool        : HikariPool-1 - Pool stats (total=1, active=0, idle=1, waiting=0)
2024-08-19T16:06:30.994+09:00 DEBUG 4316 --- [apiserver] [onnection adder] com.zaxxer.hikari.pool.HikariPool        : HikariPool-1 - Added connection org.mariadb.jdbc.Connection@9e2c02a
2024-08-19T16:06:31.036+09:00 DEBUG 4316 --- [apiserver] [onnection adder] com.zaxxer.hikari.pool.HikariPool        : HikariPool-1 - After adding stats (total=2, active=0, idle=2, waiting=0)
2024-08-19T16:06:31.039+09:00 DEBUG 4316 --- [apiserver] [onnection adder] com.zaxxer.hikari.pool.HikariPool        : HikariPool-1 - Added connection org.mariadb.jdbc.Connection@5c71dcf2
2024-08-19T16:06:31.081+09:00 DEBUG 4316 --- [apiserver] [onnection adder] com.zaxxer.hikari.pool.HikariPool        : HikariPool-1 - After adding stats (total=3, active=0, idle=3, waiting=0)
2024-08-19T16:06:31.084+09:00 DEBUG 4316 --- [apiserver] [onnection adder] com.zaxxer.hikari.pool.HikariPool        : HikariPool-1 - Added connection org.mariadb.jdbc.Connection@5b4ccf71
2024-08-19T16:06:31.128+09:00 DEBUG 4316 --- [apiserver] [onnection adder] com.zaxxer.hikari.pool.HikariPool        : HikariPool-1 - After adding stats (total=4, active=0, idle=4, waiting=0)
2024-08-19T16:06:31.130+09:00 DEBUG 4316 --- [apiserver] [onnection adder] com.zaxxer.hikari.pool.HikariPool        : HikariPool-1 - Added connection org.mariadb.jdbc.Connection@276655ea
2024-08-19T16:06:31.175+09:00 DEBUG 4316 --- [apiserver] [onnection adder] com.zaxxer.hikari.pool.HikariPool        : HikariPool-1 - After adding stats (total=5, active=0, idle=5, waiting=0)
2024-08-19T16:06:31.178+09:00 DEBUG 4316 --- [apiserver] [onnection adder] com.zaxxer.hikari.pool.HikariPool        : HikariPool-1 - Added connection org.mariadb.jdbc.Connection@5abc37ba
2024-08-19T16:06:31.222+09:00 DEBUG 4316 --- [apiserver] [onnection adder] com.zaxxer.hikari.pool.HikariPool        : HikariPool-1 - After adding stats (total=6, active=0, idle=6, waiting=0)
2024-08-19T16:06:31.224+09:00 DEBUG 4316 --- [apiserver] [onnection adder] com.zaxxer.hikari.pool.HikariPool        : HikariPool-1 - Added connection org.mariadb.jdbc.Connection@3c91c76
2024-08-19T16:06:31.269+09:00 DEBUG 4316 --- [apiserver] [onnection adder] com.zaxxer.hikari.pool.HikariPool        : HikariPool-1 - After adding stats (total=7, active=0, idle=7, waiting=0)
2024-08-19T16:06:31.273+09:00 DEBUG 4316 --- [apiserver] [onnection adder] com.zaxxer.hikari.pool.HikariPool        : HikariPool-1 - Added connection org.mariadb.jdbc.Connection@366387ed
2024-08-19T16:06:31.315+09:00 DEBUG 4316 --- [apiserver] [onnection adder] com.zaxxer.hikari.pool.HikariPool        : HikariPool-1 - After adding stats (total=8, active=0, idle=8, waiting=0)
2024-08-19T16:06:31.318+09:00 DEBUG 4316 --- [apiserver] [onnection adder] com.zaxxer.hikari.pool.HikariPool        : HikariPool-1 - Added connection org.mariadb.jdbc.Connection@487e93a5
2024-08-19T16:06:31.361+09:00 DEBUG 4316 --- [apiserver] [onnection adder] com.zaxxer.hikari.pool.HikariPool        : HikariPool-1 - After adding stats (total=9, active=0, idle=9, waiting=0)
2024-08-19T16:06:31.363+09:00 DEBUG 4316 --- [apiserver] [onnection adder] com.zaxxer.hikari.pool.HikariPool        : HikariPool-1 - Added connection org.mariadb.jdbc.Connection@7081debf
2024-08-19T16:06:31.408+09:00 DEBUG 4316 --- [apiserver] [onnection adder] com.zaxxer.hikari.pool.HikariPool        : HikariPool-1 - After adding stats (total=10, active=0, idle=10, waiting=0)
2024-08-19T16:06:31.981+09:00  INFO 4316 --- [apiserver] [    Test worker] o.h.e.t.j.p.i.JtaPlatformInitiator       : HHH000489: No JTA platform available (set 'hibernate.transaction.jta.platform' to enable JTA platform integration)
2024-08-19T16:06:32.056+09:00  INFO 4316 --- [apiserver] [    Test worker] j.LocalContainerEntityManagerFactoryBean : Initialized JPA EntityManagerFactory for persistence unit 'default'
2024-08-19T16:06:32.072+09:00  INFO 4316 --- [apiserver] [    Test worker] o.zerock.apiserver.util.CustomFileUtil   : ---------------------------------
2024-08-19T16:06:32.073+09:00  INFO 4316 --- [apiserver] [    Test worker] o.zerock.apiserver.util.CustomFileUtil   : D:\study\my-study\mall_project\mall_project_study\upload
2024-08-19T16:06:32.562+09:00  INFO 4316 --- [apiserver] [    Test worker] o.s.d.j.r.query.QueryEnhancerFactory     : Hibernate is in classpath; If applicable, HQL parser will be used.
2024-08-19T16:06:33.464+09:00  WARN 4316 --- [apiserver] [    Test worker] JpaBaseConfiguration$JpaWebConfiguration : spring.jpa.open-in-view is enabled by default. Therefore, database queries may be performed during view rendering. Explicitly configure spring.jpa.open-in-view to disable this warning
2024-08-19T16:06:33.480+09:00  INFO 4316 --- [apiserver] [    Test worker] o.z.a.config.CustomServletConfig         : --------------------------------------
2024-08-19T16:06:33.480+09:00  INFO 4316 --- [apiserver] [    Test worker] o.z.a.config.CustomServletConfig         : addFormatters
2024-08-19T16:06:34.065+09:00  INFO 4316 --- [apiserver] [    Test worker] o.z.apiserver.ApiserverApplicationTests  : Started ApiserverApplicationTests in 6.008 seconds (process running for 8.085)
]]></system-out>
  <system-err><![CDATA[]]></system-err>
</testsuite>
