<?xml version="1.0" encoding="UTF-8"?>
<testsuite name="org.zerock.apiserver.repository.ProductRepositoryTests" tests="1" skipped="0" failures="0" errors="0" timestamp="2024-08-09T06:15:44" hostname="DESKTOP-G6GID5V" time="0.982">
  <properties/>
  <testcase name="testSearch()" classname="org.zerock.apiserver.repository.ProductRepositoryTests" time="0.982"/>
  <system-out><![CDATA[15:15:37.474 [Test worker] INFO org.springframework.test.context.support.AnnotationConfigContextLoaderUtils -- Could not detect default configuration classes for test class [org.zerock.apiserver.repository.ProductRepositoryTests]: ProductRepositoryTests does not declare any static, non-private, non-final, nested classes annotated with @Configuration.
15:15:37.642 [Test worker] INFO org.springframework.boot.test.context.SpringBootTestContextBootstrapper -- Found @SpringBootConfiguration org.zerock.apiserver.ApiserverApplication for test class org.zerock.apiserver.repository.ProductRepositoryTests

  .   ____          _            __ _ _
 /\\ / ___'_ __ _ _(_)_ __  __ _ \ \ \ \
( ( )\___ | '_ | '_| | '_ \/ _` | \ \ \ \
 \\/  ___)| |_)| | | | | || (_| |  ) ) ) )
  '  |____| .__|_| |_|_| |_\__, | / / / /
 =========|_|==============|___/=/_/_/_/

 :: Spring Boot ::                (v3.3.2)

2024-08-09T15:15:38.217+09:00  INFO 17436 --- [apiserver] [    Test worker] o.z.a.repository.ProductRepositoryTests  : Starting ProductRepositoryTests using Java 17.0.9 with PID 17436 (started by Hwa Jin.Song in D:\study\my-study\mall_project\mall_project_study)
2024-08-09T15:15:38.219+09:00  INFO 17436 --- [apiserver] [    Test worker] o.z.a.repository.ProductRepositoryTests  : No active profile set, falling back to 1 default profile: "default"
2024-08-09T15:15:39.181+09:00  INFO 17436 --- [apiserver] [    Test worker] .s.d.r.c.RepositoryConfigurationDelegate : Bootstrapping Spring Data JPA repositories in DEFAULT mode.
2024-08-09T15:15:39.295+09:00  INFO 17436 --- [apiserver] [    Test worker] .s.d.r.c.RepositoryConfigurationDelegate : Finished Spring Data repository scanning in 100 ms. Found 2 JPA repository interfaces.
2024-08-09T15:15:39.741+09:00 DEBUG 17436 --- [apiserver] [    Test worker] com.zaxxer.hikari.HikariConfig           : Driver class org.mariadb.jdbc.Driver found in Thread context class loader jdk.internal.loader.ClassLoaders$AppClassLoader@70dea4e
2024-08-09T15:15:39.903+09:00  INFO 17436 --- [apiserver] [    Test worker] o.hibernate.jpa.internal.util.LogHelper  : HHH000204: Processing PersistenceUnitInfo [name: default]
2024-08-09T15:15:39.997+09:00  INFO 17436 --- [apiserver] [    Test worker] org.hibernate.Version                    : HHH000412: Hibernate ORM core version 6.5.2.Final
2024-08-09T15:15:40.050+09:00  INFO 17436 --- [apiserver] [    Test worker] o.h.c.internal.RegionFactoryInitiator    : HHH000026: Second-level cache disabled
2024-08-09T15:15:40.510+09:00  INFO 17436 --- [apiserver] [    Test worker] o.s.o.j.p.SpringPersistenceUnitInfo      : No LoadTimeWeaver setup: ignoring JPA class transformer
2024-08-09T15:15:40.553+09:00 DEBUG 17436 --- [apiserver] [    Test worker] com.zaxxer.hikari.HikariConfig           : HikariPool-1 - configuration:
2024-08-09T15:15:40.559+09:00 DEBUG 17436 --- [apiserver] [    Test worker] com.zaxxer.hikari.HikariConfig           : allowPoolSuspension.............false
2024-08-09T15:15:40.559+09:00 DEBUG 17436 --- [apiserver] [    Test worker] com.zaxxer.hikari.HikariConfig           : autoCommit......................true
2024-08-09T15:15:40.560+09:00 DEBUG 17436 --- [apiserver] [    Test worker] com.zaxxer.hikari.HikariConfig           : catalog.........................none
2024-08-09T15:15:40.560+09:00 DEBUG 17436 --- [apiserver] [    Test worker] com.zaxxer.hikari.HikariConfig           : connectionInitSql...............none
2024-08-09T15:15:40.560+09:00 DEBUG 17436 --- [apiserver] [    Test worker] com.zaxxer.hikari.HikariConfig           : connectionTestQuery.............none
2024-08-09T15:15:40.561+09:00 DEBUG 17436 --- [apiserver] [    Test worker] com.zaxxer.hikari.HikariConfig           : connectionTimeout...............30000
2024-08-09T15:15:40.561+09:00 DEBUG 17436 --- [apiserver] [    Test worker] com.zaxxer.hikari.HikariConfig           : dataSource......................none
2024-08-09T15:15:40.562+09:00 DEBUG 17436 --- [apiserver] [    Test worker] com.zaxxer.hikari.HikariConfig           : dataSourceClassName.............none
2024-08-09T15:15:40.563+09:00 DEBUG 17436 --- [apiserver] [    Test worker] com.zaxxer.hikari.HikariConfig           : dataSourceJNDI..................none
2024-08-09T15:15:40.564+09:00 DEBUG 17436 --- [apiserver] [    Test worker] com.zaxxer.hikari.HikariConfig           : dataSourceProperties............{password=<masked>}
2024-08-09T15:15:40.565+09:00 DEBUG 17436 --- [apiserver] [    Test worker] com.zaxxer.hikari.HikariConfig           : driverClassName................."org.mariadb.jdbc.Driver"
2024-08-09T15:15:40.566+09:00 DEBUG 17436 --- [apiserver] [    Test worker] com.zaxxer.hikari.HikariConfig           : exceptionOverrideClassName......none
2024-08-09T15:15:40.566+09:00 DEBUG 17436 --- [apiserver] [    Test worker] com.zaxxer.hikari.HikariConfig           : healthCheckProperties...........{}
2024-08-09T15:15:40.567+09:00 DEBUG 17436 --- [apiserver] [    Test worker] com.zaxxer.hikari.HikariConfig           : healthCheckRegistry.............none
2024-08-09T15:15:40.568+09:00 DEBUG 17436 --- [apiserver] [    Test worker] com.zaxxer.hikari.HikariConfig           : idleTimeout.....................600000
2024-08-09T15:15:40.568+09:00 DEBUG 17436 --- [apiserver] [    Test worker] com.zaxxer.hikari.HikariConfig           : initializationFailTimeout.......1
2024-08-09T15:15:40.569+09:00 DEBUG 17436 --- [apiserver] [    Test worker] com.zaxxer.hikari.HikariConfig           : isolateInternalQueries..........false
2024-08-09T15:15:40.570+09:00 DEBUG 17436 --- [apiserver] [    Test worker] com.zaxxer.hikari.HikariConfig           : jdbcUrl.........................jdbc:mariadb://localhost:3306/apidb
2024-08-09T15:15:40.571+09:00 DEBUG 17436 --- [apiserver] [    Test worker] com.zaxxer.hikari.HikariConfig           : keepaliveTime...................0
2024-08-09T15:15:40.571+09:00 DEBUG 17436 --- [apiserver] [    Test worker] com.zaxxer.hikari.HikariConfig           : leakDetectionThreshold..........0
2024-08-09T15:15:40.571+09:00 DEBUG 17436 --- [apiserver] [    Test worker] com.zaxxer.hikari.HikariConfig           : maxLifetime.....................1800000
2024-08-09T15:15:40.572+09:00 DEBUG 17436 --- [apiserver] [    Test worker] com.zaxxer.hikari.HikariConfig           : maximumPoolSize.................10
2024-08-09T15:15:40.572+09:00 DEBUG 17436 --- [apiserver] [    Test worker] com.zaxxer.hikari.HikariConfig           : metricRegistry..................none
2024-08-09T15:15:40.573+09:00 DEBUG 17436 --- [apiserver] [    Test worker] com.zaxxer.hikari.HikariConfig           : metricsTrackerFactory...........none
2024-08-09T15:15:40.573+09:00 DEBUG 17436 --- [apiserver] [    Test worker] com.zaxxer.hikari.HikariConfig           : minimumIdle.....................10
2024-08-09T15:15:40.574+09:00 DEBUG 17436 --- [apiserver] [    Test worker] com.zaxxer.hikari.HikariConfig           : password........................<masked>
2024-08-09T15:15:40.574+09:00 DEBUG 17436 --- [apiserver] [    Test worker] com.zaxxer.hikari.HikariConfig           : poolName........................"HikariPool-1"
2024-08-09T15:15:40.576+09:00 DEBUG 17436 --- [apiserver] [    Test worker] com.zaxxer.hikari.HikariConfig           : readOnly........................false
2024-08-09T15:15:40.577+09:00 DEBUG 17436 --- [apiserver] [    Test worker] com.zaxxer.hikari.HikariConfig           : registerMbeans..................false
2024-08-09T15:15:40.577+09:00 DEBUG 17436 --- [apiserver] [    Test worker] com.zaxxer.hikari.HikariConfig           : scheduledExecutor...............none
2024-08-09T15:15:40.577+09:00 DEBUG 17436 --- [apiserver] [    Test worker] com.zaxxer.hikari.HikariConfig           : schema..........................none
2024-08-09T15:15:40.578+09:00 DEBUG 17436 --- [apiserver] [    Test worker] com.zaxxer.hikari.HikariConfig           : threadFactory...................internal
2024-08-09T15:15:40.578+09:00 DEBUG 17436 --- [apiserver] [    Test worker] com.zaxxer.hikari.HikariConfig           : transactionIsolation............default
2024-08-09T15:15:40.579+09:00 DEBUG 17436 --- [apiserver] [    Test worker] com.zaxxer.hikari.HikariConfig           : username........................"apidbuser"
2024-08-09T15:15:40.580+09:00 DEBUG 17436 --- [apiserver] [    Test worker] com.zaxxer.hikari.HikariConfig           : validationTimeout...............5000
2024-08-09T15:15:40.580+09:00  INFO 17436 --- [apiserver] [    Test worker] com.zaxxer.hikari.HikariDataSource       : HikariPool-1 - Starting...
2024-08-09T15:15:40.715+09:00  INFO 17436 --- [apiserver] [    Test worker] com.zaxxer.hikari.pool.HikariPool        : HikariPool-1 - Added connection org.mariadb.jdbc.Connection@410382cb
2024-08-09T15:15:40.721+09:00  INFO 17436 --- [apiserver] [    Test worker] com.zaxxer.hikari.HikariDataSource       : HikariPool-1 - Start completed.
2024-08-09T15:15:40.804+09:00 DEBUG 17436 --- [apiserver] [    Test worker] o.h.t.d.sql.spi.DdlTypeRegistry          : addDescriptor(12, org.hibernate.type.descriptor.sql.internal.CapacityDependentDdlType@56cd5d76) replaced previous registration(org.hibernate.type.descriptor.sql.internal.CapacityDependentDdlType@77cd235b)
2024-08-09T15:15:40.805+09:00 DEBUG 17436 --- [apiserver] [    Test worker] o.h.t.d.sql.spi.DdlTypeRegistry          : addDescriptor(-9, org.hibernate.type.descriptor.sql.internal.CapacityDependentDdlType@302da330) replaced previous registration(org.hibernate.type.descriptor.sql.internal.CapacityDependentDdlType@3568ea59)
2024-08-09T15:15:40.805+09:00 DEBUG 17436 --- [apiserver] [    Test worker] o.h.t.d.sql.spi.DdlTypeRegistry          : addDescriptor(-3, org.hibernate.type.descriptor.sql.internal.CapacityDependentDdlType@9f2376f) replaced previous registration(org.hibernate.type.descriptor.sql.internal.CapacityDependentDdlType@173b1af1)
2024-08-09T15:15:40.805+09:00 DEBUG 17436 --- [apiserver] [    Test worker] o.h.t.d.sql.spi.DdlTypeRegistry          : addDescriptor(4003, org.hibernate.type.descriptor.sql.internal.DdlTypeImpl@4a520f05) replaced previous registration(org.hibernate.type.descriptor.sql.internal.DdlTypeImpl@389a1e34)
2024-08-09T15:15:40.806+09:00 DEBUG 17436 --- [apiserver] [    Test worker] o.h.t.d.sql.spi.DdlTypeRegistry          : addDescriptor(4001, org.hibernate.type.descriptor.sql.internal.DdlTypeImpl@204b0f07) replaced previous registration(org.hibernate.type.descriptor.sql.internal.DdlTypeImpl@6f68756d)
2024-08-09T15:15:40.806+09:00 DEBUG 17436 --- [apiserver] [    Test worker] o.h.t.d.sql.spi.DdlTypeRegistry          : addDescriptor(4002, org.hibernate.type.descriptor.sql.internal.DdlTypeImpl@359865a2) replaced previous registration(org.hibernate.type.descriptor.sql.internal.DdlTypeImpl@5d9bb69b)
2024-08-09T15:15:40.806+09:00 DEBUG 17436 --- [apiserver] [    Test worker] o.h.t.d.sql.spi.DdlTypeRegistry          : addDescriptor(2004, org.hibernate.type.descriptor.sql.internal.CapacityDependentDdlType@25d0b918) replaced previous registration(org.hibernate.type.descriptor.sql.internal.DdlTypeImpl@9bf63d2)
2024-08-09T15:15:40.807+09:00 DEBUG 17436 --- [apiserver] [    Test worker] o.h.t.d.sql.spi.DdlTypeRegistry          : addDescriptor(2005, org.hibernate.type.descriptor.sql.internal.CapacityDependentDdlType@7ffcb232) replaced previous registration(org.hibernate.type.descriptor.sql.internal.DdlTypeImpl@7f53fc38)
2024-08-09T15:15:40.807+09:00 DEBUG 17436 --- [apiserver] [    Test worker] o.h.t.d.sql.spi.DdlTypeRegistry          : addDescriptor(2011, org.hibernate.type.descriptor.sql.internal.CapacityDependentDdlType@5feb82b3) replaced previous registration(org.hibernate.type.descriptor.sql.internal.DdlTypeImpl@2d38db6f)
2024-08-09T15:15:40.823+09:00 DEBUG 17436 --- [apiserver] [l-1 housekeeper] com.zaxxer.hikari.pool.HikariPool        : HikariPool-1 - Pool stats (total=1, active=0, idle=1, waiting=0)
2024-08-09T15:15:40.828+09:00 DEBUG 17436 --- [apiserver] [onnection adder] com.zaxxer.hikari.pool.HikariPool        : HikariPool-1 - Added connection org.mariadb.jdbc.Connection@3153281f
2024-08-09T15:15:40.870+09:00 DEBUG 17436 --- [apiserver] [onnection adder] com.zaxxer.hikari.pool.HikariPool        : HikariPool-1 - After adding stats (total=2, active=0, idle=2, waiting=0)
2024-08-09T15:15:40.873+09:00 DEBUG 17436 --- [apiserver] [onnection adder] com.zaxxer.hikari.pool.HikariPool        : HikariPool-1 - Added connection org.mariadb.jdbc.Connection@64f8ad89
2024-08-09T15:15:40.917+09:00 DEBUG 17436 --- [apiserver] [onnection adder] com.zaxxer.hikari.pool.HikariPool        : HikariPool-1 - After adding stats (total=3, active=0, idle=3, waiting=0)
2024-08-09T15:15:40.919+09:00 DEBUG 17436 --- [apiserver] [onnection adder] com.zaxxer.hikari.pool.HikariPool        : HikariPool-1 - Added connection org.mariadb.jdbc.Connection@3e6196c3
2024-08-09T15:15:40.963+09:00 DEBUG 17436 --- [apiserver] [onnection adder] com.zaxxer.hikari.pool.HikariPool        : HikariPool-1 - After adding stats (total=4, active=0, idle=4, waiting=0)
2024-08-09T15:15:40.966+09:00 DEBUG 17436 --- [apiserver] [onnection adder] com.zaxxer.hikari.pool.HikariPool        : HikariPool-1 - Added connection org.mariadb.jdbc.Connection@4d033e15
2024-08-09T15:15:41.011+09:00 DEBUG 17436 --- [apiserver] [onnection adder] com.zaxxer.hikari.pool.HikariPool        : HikariPool-1 - After adding stats (total=5, active=0, idle=5, waiting=0)
2024-08-09T15:15:41.014+09:00 DEBUG 17436 --- [apiserver] [onnection adder] com.zaxxer.hikari.pool.HikariPool        : HikariPool-1 - Added connection org.mariadb.jdbc.Connection@2265ac38
2024-08-09T15:15:41.059+09:00 DEBUG 17436 --- [apiserver] [onnection adder] com.zaxxer.hikari.pool.HikariPool        : HikariPool-1 - After adding stats (total=6, active=0, idle=6, waiting=0)
2024-08-09T15:15:41.062+09:00 DEBUG 17436 --- [apiserver] [onnection adder] com.zaxxer.hikari.pool.HikariPool        : HikariPool-1 - Added connection org.mariadb.jdbc.Connection@7585faee
2024-08-09T15:15:41.105+09:00 DEBUG 17436 --- [apiserver] [onnection adder] com.zaxxer.hikari.pool.HikariPool        : HikariPool-1 - After adding stats (total=7, active=0, idle=7, waiting=0)
2024-08-09T15:15:41.108+09:00 DEBUG 17436 --- [apiserver] [onnection adder] com.zaxxer.hikari.pool.HikariPool        : HikariPool-1 - Added connection org.mariadb.jdbc.Connection@564eead4
2024-08-09T15:15:41.152+09:00 DEBUG 17436 --- [apiserver] [onnection adder] com.zaxxer.hikari.pool.HikariPool        : HikariPool-1 - After adding stats (total=8, active=0, idle=8, waiting=0)
2024-08-09T15:15:41.156+09:00 DEBUG 17436 --- [apiserver] [onnection adder] com.zaxxer.hikari.pool.HikariPool        : HikariPool-1 - Added connection org.mariadb.jdbc.Connection@7b391ffe
2024-08-09T15:15:41.198+09:00 DEBUG 17436 --- [apiserver] [onnection adder] com.zaxxer.hikari.pool.HikariPool        : HikariPool-1 - After adding stats (total=9, active=0, idle=9, waiting=0)
2024-08-09T15:15:41.202+09:00 DEBUG 17436 --- [apiserver] [onnection adder] com.zaxxer.hikari.pool.HikariPool        : HikariPool-1 - Added connection org.mariadb.jdbc.Connection@b2eb33b
2024-08-09T15:15:41.245+09:00 DEBUG 17436 --- [apiserver] [onnection adder] com.zaxxer.hikari.pool.HikariPool        : HikariPool-1 - After adding stats (total=10, active=0, idle=10, waiting=0)
2024-08-09T15:15:41.835+09:00  INFO 17436 --- [apiserver] [    Test worker] o.h.e.t.j.p.i.JtaPlatformInitiator       : HHH000489: No JTA platform available (set 'hibernate.transaction.jta.platform' to enable JTA platform integration)
2024-08-09T15:15:41.904+09:00  INFO 17436 --- [apiserver] [    Test worker] j.LocalContainerEntityManagerFactoryBean : Initialized JPA EntityManagerFactory for persistence unit 'default'
2024-08-09T15:15:41.923+09:00  INFO 17436 --- [apiserver] [    Test worker] o.zerock.apiserver.util.CustomFileUtil   : ---------------------------------
2024-08-09T15:15:41.925+09:00  INFO 17436 --- [apiserver] [    Test worker] o.zerock.apiserver.util.CustomFileUtil   : D:\study\my-study\mall_project\mall_project_study\upload
2024-08-09T15:15:42.619+09:00  WARN 17436 --- [apiserver] [    Test worker] JpaBaseConfiguration$JpaWebConfiguration : spring.jpa.open-in-view is enabled by default. Therefore, database queries may be performed during view rendering. Explicitly configure spring.jpa.open-in-view to disable this warning
2024-08-09T15:15:42.640+09:00  INFO 17436 --- [apiserver] [    Test worker] o.z.a.config.CustomServletConfig         : --------------------------------------
2024-08-09T15:15:42.641+09:00  INFO 17436 --- [apiserver] [    Test worker] o.z.a.config.CustomServletConfig         : addFormatters
2024-08-09T15:15:43.126+09:00  INFO 17436 --- [apiserver] [    Test worker] o.s.d.j.r.query.QueryEnhancerFactory     : Hibernate is in classpath; If applicable, HQL parser will be used.
2024-08-09T15:15:44.174+09:00  INFO 17436 --- [apiserver] [    Test worker] o.z.a.repository.ProductRepositoryTests  : Started ProductRepositoryTests in 6.26 seconds (process running for 7.877)
2024-08-09T15:15:44.814+09:00  INFO 17436 --- [apiserver] [    Test worker] o.z.a.r.search.ProductSearchImpl         : -----------------------searchList-----------------------
Hibernate: 
    select
        p1_0.pno,
        p1_0.del_flag,
        p1_0.pdesc,
        p1_0.pname,
        p1_0.price,
        il1_0.file_name,
        il1_0.ord 
    from
        tbl_product p1_0 
    left join
        product_image_list il1_0 
            on p1_0.pno=il1_0.product_pno 
    where
        il1_0.ord=? 
    order by
        p1_0.pno desc 
    limit
        ?, ?
Hibernate: 
    select
        count(p1_0.pno) 
    from
        tbl_product p1_0 
    left join
        product_image_list il1_0 
            on p1_0.pno=il1_0.product_pno 
    where
        il1_0.ord=?
2024-08-09T15:15:45.143+09:00  INFO 17436 --- [apiserver] [    Test worker] o.z.a.r.search.ProductSearchImpl         : =======================================================
2024-08-09T15:15:45.155+09:00  INFO 17436 --- [apiserver] [    Test worker] o.z.a.r.search.ProductSearchImpl         : [[Product(pno=11, pname=Test 9, price=1000, pdesc=Test Desc ...9, delFlag=false), ProductImage(fileName=dad9b100-a297-4703-b0ec-c1a66c675665_IMAGE1.jpg, ord=0)], [Product(pno=10, pname=Test 8, price=1000, pdesc=Test Desc ...8, delFlag=false), ProductImage(fileName=1e31d265-8a29-4402-b314-960ffcbb13bb_IMAGE1.jpg, ord=0)], [Product(pno=9, pname=Test 7, price=1000, pdesc=Test Desc ...7, delFlag=false), ProductImage(fileName=316d8692-30d9-419c-9c00-72fe9e7b5238_IMAGE1.jpg, ord=0)], [Product(pno=8, pname=Test 6, price=1000, pdesc=Test Desc ...6, delFlag=false), ProductImage(fileName=4f83f4ea-8d62-4b16-a23d-02e0af505958_IMAGE1.jpg, ord=0)], [Product(pno=7, pname=Test 5, price=1000, pdesc=Test Desc ...5, delFlag=false), ProductImage(fileName=c754d5d1-13b3-47df-bf79-d2bcb914b493_IMAGE1.jpg, ord=0)], [Product(pno=6, pname=Test 4, price=1000, pdesc=Test Desc ...4, delFlag=false), ProductImage(fileName=16b41b28-d7d2-45ea-8d00-0903c28bddf3_IMAGE1.jpg, ord=0)], [Product(pno=5, pname=Test 3, price=1000, pdesc=Test Desc ...3, delFlag=false), ProductImage(fileName=fea5a690-624e-423d-a674-90202dbbbf5d_IMAGE1.jpg, ord=0)], [Product(pno=4, pname=Test 2, price=1000, pdesc=Test Desc ...2, delFlag=false), ProductImage(fileName=cbf4c6df-8763-4055-bf4c-19483d4c9d6e_IMAGE1.jpg, ord=0)], [Product(pno=3, pname=Test 1, price=1000, pdesc=Test Desc ...1, delFlag=false), ProductImage(fileName=4881baf4-6108-4a44-b0f6-d4228bd1aadf_IMAGE1.jpg, ord=0)], [Product(pno=2, pname=Test 0, price=1000, pdesc=Test Desc ...0, delFlag=false), ProductImage(fileName=1e211338-2b1f-498e-8568-fc608ad28597_IMAGE1.jpg, ord=0)]]
]]></system-out>
  <system-err><![CDATA[]]></system-err>
</testsuite>
